{"total": {"lines":{"total":4142,"covered":0,"skipped":0,"pct":0},"statements":{"total":4263,"covered":0,"skipped":0,"pct":0},"functions":{"total":751,"covered":0,"skipped":0,"pct":0},"branches":{"total":2229,"covered":0,"skipped":0,"pct":0},"branchesTrue":{"total":0,"covered":0,"skipped":0,"pct":100}}
,"/Users/samuelcn/Documents/Project/creatoria/creatoria-saas-cli/src/app.controller.ts": {"lines":{"total":6,"covered":0,"skipped":0,"pct":0},"functions":{"total":2,"covered":0,"skipped":0,"pct":0},"statements":{"total":8,"covered":0,"skipped":0,"pct":0},"branches":{"total":4,"covered":0,"skipped":0,"pct":0}}
,"/Users/samuelcn/Documents/Project/creatoria/creatoria-saas-cli/src/app.service.ts": {"lines":{"total":3,"covered":0,"skipped":0,"pct":0},"functions":{"total":1,"covered":0,"skipped":0,"pct":0},"statements":{"total":5,"covered":0,"skipped":0,"pct":0},"branches":{"total":0,"covered":0,"skipped":0,"pct":100}}
,"/Users/samuelcn/Documents/Project/creatoria/creatoria-saas-cli/src/cli/cli-optimized.service.ts": {"lines":{"total":97,"covered":0,"skipped":0,"pct":0},"functions":{"total":25,"covered":0,"skipped":0,"pct":0},"statements":{"total":99,"covered":0,"skipped":0,"pct":0},"branches":{"total":20,"covered":0,"skipped":0,"pct":0}}
,"/Users/samuelcn/Documents/Project/creatoria/creatoria-saas-cli/src/cli/cli.service.ts": {"lines":{"total":54,"covered":0,"skipped":0,"pct":0},"functions":{"total":18,"covered":0,"skipped":0,"pct":0},"statements":{"total":56,"covered":0,"skipped":0,"pct":0},"branches":{"total":28,"covered":0,"skipped":0,"pct":0}}
,"/Users/samuelcn/Documents/Project/creatoria/creatoria-saas-cli/src/cli/commands/config.command.ts": {"lines":{"total":98,"covered":0,"skipped":0,"pct":0},"functions":{"total":7,"covered":0,"skipped":0,"pct":0},"statements":{"total":102,"covered":0,"skipped":0,"pct":0},"branches":{"total":34,"covered":0,"skipped":0,"pct":0}}
,"/Users/samuelcn/Documents/Project/creatoria/creatoria-saas-cli/src/cli/commands/create.command.ts": {"lines":{"total":72,"covered":0,"skipped":0,"pct":0},"functions":{"total":8,"covered":0,"skipped":0,"pct":0},"statements":{"total":78,"covered":0,"skipped":0,"pct":0},"branches":{"total":31,"covered":0,"skipped":0,"pct":0}}
,"/Users/samuelcn/Documents/Project/creatoria/creatoria-saas-cli/src/cli/commands/database.command.ts": {"lines":{"total":40,"covered":0,"skipped":0,"pct":0},"functions":{"total":6,"covered":0,"skipped":0,"pct":0},"statements":{"total":42,"covered":0,"skipped":0,"pct":0},"branches":{"total":10,"covered":0,"skipped":0,"pct":0}}
,"/Users/samuelcn/Documents/Project/creatoria/creatoria-saas-cli/src/cli/commands/init.command.ts": {"lines":{"total":116,"covered":0,"skipped":0,"pct":0},"functions":{"total":15,"covered":0,"skipped":0,"pct":0},"statements":{"total":119,"covered":0,"skipped":0,"pct":0},"branches":{"total":56,"covered":0,"skipped":0,"pct":0}}
,"/Users/samuelcn/Documents/Project/creatoria/creatoria-saas-cli/src/cli/commands/lazy-module-add.command.ts": {"lines":{"total":8,"covered":0,"skipped":0,"pct":0},"functions":{"total":1,"covered":0,"skipped":0,"pct":0},"statements":{"total":10,"covered":0,"skipped":0,"pct":0},"branches":{"total":4,"covered":0,"skipped":0,"pct":0}}
,"/Users/samuelcn/Documents/Project/creatoria/creatoria-saas-cli/src/cli/commands/module-add.command.ts": {"lines":{"total":72,"covered":0,"skipped":0,"pct":0},"functions":{"total":4,"covered":0,"skipped":0,"pct":0},"statements":{"total":74,"covered":0,"skipped":0,"pct":0},"branches":{"total":45,"covered":0,"skipped":0,"pct":0}}
,"/Users/samuelcn/Documents/Project/creatoria/creatoria-saas-cli/src/cli/commands/module-doctor.command.ts": {"lines":{"total":54,"covered":0,"skipped":0,"pct":0},"functions":{"total":6,"covered":0,"skipped":0,"pct":0},"statements":{"total":54,"covered":0,"skipped":0,"pct":0},"branches":{"total":22,"covered":0,"skipped":0,"pct":0}}
,"/Users/samuelcn/Documents/Project/creatoria/creatoria-saas-cli/src/cli/commands/module.command.ts": {"lines":{"total":72,"covered":0,"skipped":0,"pct":0},"functions":{"total":10,"covered":0,"skipped":0,"pct":0},"statements":{"total":75,"covered":0,"skipped":0,"pct":0},"branches":{"total":32,"covered":0,"skipped":0,"pct":0}}
,"/Users/samuelcn/Documents/Project/creatoria/creatoria-saas-cli/src/cli/core/command-definitions.ts": {"lines":{"total":11,"covered":0,"skipped":0,"pct":0},"functions":{"total":6,"covered":0,"skipped":0,"pct":0},"statements":{"total":11,"covered":0,"skipped":0,"pct":0},"branches":{"total":4,"covered":0,"skipped":0,"pct":0}}
,"/Users/samuelcn/Documents/Project/creatoria/creatoria-saas-cli/src/cli/core/command-registry.ts": {"lines":{"total":27,"covered":0,"skipped":0,"pct":0},"functions":{"total":13,"covered":0,"skipped":0,"pct":0},"statements":{"total":30,"covered":0,"skipped":0,"pct":0},"branches":{"total":10,"covered":0,"skipped":0,"pct":0}}
,"/Users/samuelcn/Documents/Project/creatoria/creatoria-saas-cli/src/cli/core/lazy-loader.ts": {"lines":{"total":67,"covered":0,"skipped":0,"pct":0},"functions":{"total":12,"covered":0,"skipped":0,"pct":0},"statements":{"total":69,"covered":0,"skipped":0,"pct":0},"branches":{"total":24,"covered":0,"skipped":0,"pct":0}}
,"/Users/samuelcn/Documents/Project/creatoria/creatoria-saas-cli/src/cli/decorators/lazy-command.decorator.ts": {"lines":{"total":42,"covered":0,"skipped":0,"pct":0},"functions":{"total":12,"covered":0,"skipped":0,"pct":0},"statements":{"total":44,"covered":0,"skipped":0,"pct":0},"branches":{"total":14,"covered":0,"skipped":0,"pct":0}}
,"/Users/samuelcn/Documents/Project/creatoria/creatoria-saas-cli/src/cli/services/module-manager.service.ts": {"lines":{"total":63,"covered":0,"skipped":0,"pct":0},"functions":{"total":11,"covered":0,"skipped":0,"pct":0},"statements":{"total":64,"covered":0,"skipped":0,"pct":0},"branches":{"total":23,"covered":0,"skipped":0,"pct":0}}
,"/Users/samuelcn/Documents/Project/creatoria/creatoria-saas-cli/src/cli/utils/ast-helper.ts": {"lines":{"total":103,"covered":0,"skipped":0,"pct":0},"functions":{"total":12,"covered":0,"skipped":0,"pct":0},"statements":{"total":104,"covered":0,"skipped":0,"pct":0},"branches":{"total":49,"covered":0,"skipped":0,"pct":0}}
,"/Users/samuelcn/Documents/Project/creatoria/creatoria-saas-cli/src/cli/utils/dependency-checker.ts": {"lines":{"total":84,"covered":0,"skipped":0,"pct":0},"functions":{"total":10,"covered":0,"skipped":0,"pct":0},"statements":{"total":87,"covered":0,"skipped":0,"pct":0},"branches":{"total":50,"covered":0,"skipped":0,"pct":0}}
,"/Users/samuelcn/Documents/Project/creatoria/creatoria-saas-cli/src/common/cache/cache.decorator.ts": {"lines":{"total":100,"covered":0,"skipped":0,"pct":0},"functions":{"total":20,"covered":0,"skipped":0,"pct":0},"statements":{"total":102,"covered":0,"skipped":0,"pct":0},"branches":{"total":36,"covered":0,"skipped":0,"pct":0}}
,"/Users/samuelcn/Documents/Project/creatoria/creatoria-saas-cli/src/common/cache/cache.service.ts": {"lines":{"total":133,"covered":0,"skipped":0,"pct":0},"functions":{"total":21,"covered":0,"skipped":0,"pct":0},"statements":{"total":135,"covered":0,"skipped":0,"pct":0},"branches":{"total":60,"covered":0,"skipped":0,"pct":0}}
,"/Users/samuelcn/Documents/Project/creatoria/creatoria-saas-cli/src/common/cache/strategies/file.strategy.ts": {"lines":{"total":127,"covered":0,"skipped":0,"pct":0},"functions":{"total":14,"covered":0,"skipped":0,"pct":0},"statements":{"total":128,"covered":0,"skipped":0,"pct":0},"branches":{"total":51,"covered":0,"skipped":0,"pct":0}}
,"/Users/samuelcn/Documents/Project/creatoria/creatoria-saas-cli/src/common/cache/strategies/memory.strategy.ts": {"lines":{"total":38,"covered":0,"skipped":0,"pct":0},"functions":{"total":12,"covered":0,"skipped":0,"pct":0},"statements":{"total":38,"covered":0,"skipped":0,"pct":0},"branches":{"total":33,"covered":0,"skipped":0,"pct":0}}
,"/Users/samuelcn/Documents/Project/creatoria/creatoria-saas-cli/src/common/constants/error-codes.ts": {"lines":{"total":9,"covered":0,"skipped":0,"pct":0},"functions":{"total":2,"covered":0,"skipped":0,"pct":0},"statements":{"total":9,"covered":0,"skipped":0,"pct":0},"branches":{"total":4,"covered":0,"skipped":0,"pct":0}}
,"/Users/samuelcn/Documents/Project/creatoria/creatoria-saas-cli/src/common/decorators/catch-errors.decorator.ts": {"lines":{"total":72,"covered":0,"skipped":0,"pct":0},"functions":{"total":14,"covered":0,"skipped":0,"pct":0},"statements":{"total":74,"covered":0,"skipped":0,"pct":0},"branches":{"total":51,"covered":0,"skipped":0,"pct":0}}
,"/Users/samuelcn/Documents/Project/creatoria/creatoria-saas-cli/src/common/decorators/logger.decorator.ts": {"lines":{"total":77,"covered":0,"skipped":0,"pct":0},"functions":{"total":12,"covered":0,"skipped":0,"pct":0},"statements":{"total":77,"covered":0,"skipped":0,"pct":0},"branches":{"total":13,"covered":0,"skipped":0,"pct":0}}
,"/Users/samuelcn/Documents/Project/creatoria/creatoria-saas-cli/src/common/exceptions/base.exception.ts": {"lines":{"total":56,"covered":0,"skipped":0,"pct":0},"functions":{"total":9,"covered":0,"skipped":0,"pct":0},"statements":{"total":56,"covered":0,"skipped":0,"pct":0},"branches":{"total":42,"covered":0,"skipped":0,"pct":0}}
,"/Users/samuelcn/Documents/Project/creatoria/creatoria-saas-cli/src/common/exceptions/cli.exception.ts": {"lines":{"total":21,"covered":0,"skipped":0,"pct":0},"functions":{"total":8,"covered":0,"skipped":0,"pct":0},"statements":{"total":21,"covered":0,"skipped":0,"pct":0},"branches":{"total":9,"covered":0,"skipped":0,"pct":0}}
,"/Users/samuelcn/Documents/Project/creatoria/creatoria-saas-cli/src/common/exceptions/module.exception.ts": {"lines":{"total":27,"covered":0,"skipped":0,"pct":0},"functions":{"total":10,"covered":0,"skipped":0,"pct":0},"statements":{"total":27,"covered":0,"skipped":0,"pct":0},"branches":{"total":12,"covered":0,"skipped":0,"pct":0}}
,"/Users/samuelcn/Documents/Project/creatoria/creatoria-saas-cli/src/common/filters/cli-exception.filter.ts": {"lines":{"total":83,"covered":0,"skipped":0,"pct":0},"functions":{"total":21,"covered":0,"skipped":0,"pct":0},"statements":{"total":83,"covered":0,"skipped":0,"pct":0},"branches":{"total":45,"covered":0,"skipped":0,"pct":0}}
,"/Users/samuelcn/Documents/Project/creatoria/creatoria-saas-cli/src/common/filters/global-exception.filter.ts": {"lines":{"total":60,"covered":0,"skipped":0,"pct":0},"functions":{"total":11,"covered":0,"skipped":0,"pct":0},"statements":{"total":62,"covered":0,"skipped":0,"pct":0},"branches":{"total":43,"covered":0,"skipped":0,"pct":0}}
,"/Users/samuelcn/Documents/Project/creatoria/creatoria-saas-cli/src/common/io/file-manager.service.ts": {"lines":{"total":147,"covered":0,"skipped":0,"pct":0},"functions":{"total":34,"covered":0,"skipped":0,"pct":0},"statements":{"total":155,"covered":0,"skipped":0,"pct":0},"branches":{"total":106,"covered":0,"skipped":0,"pct":0}}
,"/Users/samuelcn/Documents/Project/creatoria/creatoria-saas-cli/src/common/io/stream-processor.ts": {"lines":{"total":138,"covered":0,"skipped":0,"pct":0},"functions":{"total":18,"covered":0,"skipped":0,"pct":0},"statements":{"total":143,"covered":0,"skipped":0,"pct":0},"branches":{"total":57,"covered":0,"skipped":0,"pct":0}}
,"/Users/samuelcn/Documents/Project/creatoria/creatoria-saas-cli/src/common/logger/logger.config.ts": {"lines":{"total":25,"covered":0,"skipped":0,"pct":0},"functions":{"total":3,"covered":0,"skipped":0,"pct":0},"statements":{"total":25,"covered":0,"skipped":0,"pct":0},"branches":{"total":18,"covered":0,"skipped":0,"pct":0}}
,"/Users/samuelcn/Documents/Project/creatoria/creatoria-saas-cli/src/common/logger/logger.service.ts": {"lines":{"total":66,"covered":0,"skipped":0,"pct":0},"functions":{"total":16,"covered":0,"skipped":0,"pct":0},"statements":{"total":68,"covered":0,"skipped":0,"pct":0},"branches":{"total":38,"covered":0,"skipped":0,"pct":0}}
,"/Users/samuelcn/Documents/Project/creatoria/creatoria-saas-cli/src/common/logger/formatters/cli.formatter.ts": {"lines":{"total":57,"covered":0,"skipped":0,"pct":0},"functions":{"total":9,"covered":0,"skipped":0,"pct":0},"statements":{"total":59,"covered":0,"skipped":0,"pct":0},"branches":{"total":48,"covered":0,"skipped":0,"pct":0}}
,"/Users/samuelcn/Documents/Project/creatoria/creatoria-saas-cli/src/common/logger/formatters/json.formatter.ts": {"lines":{"total":11,"covered":0,"skipped":0,"pct":0},"functions":{"total":3,"covered":0,"skipped":0,"pct":0},"statements":{"total":12,"covered":0,"skipped":0,"pct":0},"branches":{"total":8,"covered":0,"skipped":0,"pct":0}}
,"/Users/samuelcn/Documents/Project/creatoria/creatoria-saas-cli/src/common/logger/transports/console.transport.ts": {"lines":{"total":11,"covered":0,"skipped":0,"pct":0},"functions":{"total":5,"covered":0,"skipped":0,"pct":0},"statements":{"total":12,"covered":0,"skipped":0,"pct":0},"branches":{"total":6,"covered":0,"skipped":0,"pct":0}}
,"/Users/samuelcn/Documents/Project/creatoria/creatoria-saas-cli/src/common/logger/transports/file.transport.ts": {"lines":{"total":80,"covered":0,"skipped":0,"pct":0},"functions":{"total":17,"covered":0,"skipped":0,"pct":0},"statements":{"total":81,"covered":0,"skipped":0,"pct":0},"branches":{"total":28,"covered":0,"skipped":0,"pct":0}}
,"/Users/samuelcn/Documents/Project/creatoria/creatoria-saas-cli/src/common/security/command-security.service.ts": {"lines":{"total":94,"covered":0,"skipped":0,"pct":0},"functions":{"total":12,"covered":0,"skipped":0,"pct":0},"statements":{"total":96,"covered":0,"skipped":0,"pct":0},"branches":{"total":54,"covered":0,"skipped":0,"pct":0}}
,"/Users/samuelcn/Documents/Project/creatoria/creatoria-saas-cli/src/common/security/data-masking.service.ts": {"lines":{"total":94,"covered":0,"skipped":0,"pct":0},"functions":{"total":19,"covered":0,"skipped":0,"pct":0},"statements":{"total":96,"covered":0,"skipped":0,"pct":0},"branches":{"total":44,"covered":0,"skipped":0,"pct":0}}
,"/Users/samuelcn/Documents/Project/creatoria/creatoria-saas-cli/src/common/security/path-security.middleware.ts": {"lines":{"total":44,"covered":0,"skipped":0,"pct":0},"functions":{"total":6,"covered":0,"skipped":0,"pct":0},"statements":{"total":47,"covered":0,"skipped":0,"pct":0},"branches":{"total":51,"covered":0,"skipped":0,"pct":0}}
,"/Users/samuelcn/Documents/Project/creatoria/creatoria-saas-cli/src/common/security/path-security.service.ts": {"lines":{"total":97,"covered":0,"skipped":0,"pct":0},"functions":{"total":12,"covered":0,"skipped":0,"pct":0},"statements":{"total":99,"covered":0,"skipped":0,"pct":0},"branches":{"total":42,"covered":0,"skipped":0,"pct":0}}
,"/Users/samuelcn/Documents/Project/creatoria/creatoria-saas-cli/src/common/security/secret-manager.service.ts": {"lines":{"total":121,"covered":0,"skipped":0,"pct":0},"functions":{"total":13,"covered":0,"skipped":0,"pct":0},"statements":{"total":123,"covered":0,"skipped":0,"pct":0},"branches":{"total":55,"covered":0,"skipped":0,"pct":0}}
,"/Users/samuelcn/Documents/Project/creatoria/creatoria-saas-cli/src/common/security/secure-command.executor.ts": {"lines":{"total":117,"covered":0,"skipped":0,"pct":0},"functions":{"total":15,"covered":0,"skipped":0,"pct":0},"statements":{"total":121,"covered":0,"skipped":0,"pct":0},"branches":{"total":76,"covered":0,"skipped":0,"pct":0}}
,"/Users/samuelcn/Documents/Project/creatoria/creatoria-saas-cli/src/common/security/secure-file.service.ts": {"lines":{"total":86,"covered":0,"skipped":0,"pct":0},"functions":{"total":15,"covered":0,"skipped":0,"pct":0},"statements":{"total":89,"covered":0,"skipped":0,"pct":0},"branches":{"total":16,"covered":0,"skipped":0,"pct":0}}
,"/Users/samuelcn/Documents/Project/creatoria/creatoria-saas-cli/src/common/security/security.config.ts": {"lines":{"total":10,"covered":0,"skipped":0,"pct":0},"functions":{"total":1,"covered":0,"skipped":0,"pct":0},"statements":{"total":10,"covered":0,"skipped":0,"pct":0},"branches":{"total":6,"covered":0,"skipped":0,"pct":0}}
,"/Users/samuelcn/Documents/Project/creatoria/creatoria-saas-cli/src/common/security/sensitive-data.service.ts": {"lines":{"total":144,"covered":0,"skipped":0,"pct":0},"functions":{"total":21,"covered":0,"skipped":0,"pct":0},"statements":{"total":148,"covered":0,"skipped":0,"pct":0},"branches":{"total":95,"covered":0,"skipped":0,"pct":0}}
,"/Users/samuelcn/Documents/Project/creatoria/creatoria-saas-cli/src/common/types/error.types.ts": {"lines":{"total":14,"covered":0,"skipped":0,"pct":0},"functions":{"total":2,"covered":0,"skipped":0,"pct":0},"statements":{"total":14,"covered":0,"skipped":0,"pct":0},"branches":{"total":4,"covered":0,"skipped":0,"pct":0}}
,"/Users/samuelcn/Documents/Project/creatoria/creatoria-saas-cli/src/common/utils/error-handler.ts": {"lines":{"total":74,"covered":0,"skipped":0,"pct":0},"functions":{"total":17,"covered":0,"skipped":0,"pct":0},"statements":{"total":77,"covered":0,"skipped":0,"pct":0},"branches":{"total":44,"covered":0,"skipped":0,"pct":0}}
,"/Users/samuelcn/Documents/Project/creatoria/creatoria-saas-cli/src/common/validation/validation.service.ts": {"lines":{"total":99,"covered":0,"skipped":0,"pct":0},"functions":{"total":24,"covered":0,"skipped":0,"pct":0},"statements":{"total":103,"covered":0,"skipped":0,"pct":0},"branches":{"total":110,"covered":0,"skipped":0,"pct":0}}
,"/Users/samuelcn/Documents/Project/creatoria/creatoria-saas-cli/src/common/validation/decorators/validate.decorator.ts": {"lines":{"total":122,"covered":0,"skipped":0,"pct":0},"functions":{"total":28,"covered":0,"skipped":0,"pct":0},"statements":{"total":123,"covered":0,"skipped":0,"pct":0},"branches":{"total":86,"covered":0,"skipped":0,"pct":0}}
,"/Users/samuelcn/Documents/Project/creatoria/creatoria-saas-cli/src/common/validation/validators/custom.validator.ts": {"lines":{"total":99,"covered":0,"skipped":0,"pct":0},"functions":{"total":13,"covered":0,"skipped":0,"pct":0},"statements":{"total":100,"covered":0,"skipped":0,"pct":0},"branches":{"total":84,"covered":0,"skipped":0,"pct":0}}
,"/Users/samuelcn/Documents/Project/creatoria/creatoria-saas-cli/src/common/validation/validators/number.validator.ts": {"lines":{"total":70,"covered":0,"skipped":0,"pct":0},"functions":{"total":15,"covered":0,"skipped":0,"pct":0},"statements":{"total":72,"covered":0,"skipped":0,"pct":0},"branches":{"total":70,"covered":0,"skipped":0,"pct":0}}
,"/Users/samuelcn/Documents/Project/creatoria/creatoria-saas-cli/src/common/validation/validators/path.validator.ts": {"lines":{"total":95,"covered":0,"skipped":0,"pct":0},"functions":{"total":20,"covered":0,"skipped":0,"pct":0},"statements":{"total":97,"covered":0,"skipped":0,"pct":0},"branches":{"total":52,"covered":0,"skipped":0,"pct":0}}
,"/Users/samuelcn/Documents/Project/creatoria/creatoria-saas-cli/src/common/validation/validators/string.validator.ts": {"lines":{"total":67,"covered":0,"skipped":0,"pct":0},"functions":{"total":17,"covered":0,"skipped":0,"pct":0},"statements":{"total":69,"covered":0,"skipped":0,"pct":0},"branches":{"total":44,"covered":0,"skipped":0,"pct":0}}
,"/Users/samuelcn/Documents/Project/creatoria/creatoria-saas-cli/src/config/config.service.ts": {"lines":{"total":15,"covered":0,"skipped":0,"pct":0},"functions":{"total":11,"covered":0,"skipped":0,"pct":0},"statements":{"total":17,"covered":0,"skipped":0,"pct":0},"branches":{"total":12,"covered":0,"skipped":0,"pct":0}}
,"/Users/samuelcn/Documents/Project/creatoria/creatoria-saas-cli/src/core/module-loader/module-loader.service.ts": {"lines":{"total":72,"covered":0,"skipped":0,"pct":0},"functions":{"total":13,"covered":0,"skipped":0,"pct":0},"statements":{"total":76,"covered":0,"skipped":0,"pct":0},"branches":{"total":24,"covered":0,"skipped":0,"pct":0}}
,"/Users/samuelcn/Documents/Project/creatoria/creatoria-saas-cli/src/modules/modules.service.ts": {"lines":{"total":55,"covered":0,"skipped":0,"pct":0},"functions":{"total":8,"covered":0,"skipped":0,"pct":0},"statements":{"total":58,"covered":0,"skipped":0,"pct":0},"branches":{"total":39,"covered":0,"skipped":0,"pct":0}}
,"/Users/samuelcn/Documents/Project/creatoria/creatoria-saas-cli/src/performance/performance-monitor.ts": {"lines":{"total":74,"covered":0,"skipped":0,"pct":0},"functions":{"total":17,"covered":0,"skipped":0,"pct":0},"statements":{"total":78,"covered":0,"skipped":0,"pct":0},"branches":{"total":33,"covered":0,"skipped":0,"pct":0}}
,"/Users/samuelcn/Documents/Project/creatoria/creatoria-saas-cli/src/performance/startup-optimizer.ts": {"lines":{"total":52,"covered":0,"skipped":0,"pct":0},"functions":{"total":14,"covered":0,"skipped":0,"pct":0},"statements":{"total":52,"covered":0,"skipped":0,"pct":0},"branches":{"total":20,"covered":0,"skipped":0,"pct":0}}
}
