TN:
SF:src/app.controller.ts
FN:6,(anonymous_2)
FN:9,(anonymous_3)
FNF:2
FNH:0
FNDA:0,(anonymous_2)
FNDA:0,(anonymous_3)
DA:1,0
DA:2,0
DA:5,0
DA:6,0
DA:9,0
DA:10,0
LF:6
LH:0
BRDA:6,0,0,0
BRDA:6,0,1,0
BRDA:6,1,0,0
BRDA:6,1,1,0
BRF:4
BRH:0
end_of_record
TN:
SF:src/app.service.ts
FN:5,(anonymous_1)
FNF:1
FNH:0
FNDA:0,(anonymous_1)
DA:1,0
DA:4,0
DA:6,0
LF:3
LH:0
BRF:0
BRH:0
end_of_record
TN:
SF:src/cli/cli-optimized.service.ts
FN:21,(anonymous_2)
FN:31,(anonymous_3)
FN:55,(anonymous_4)
FN:70,(anonymous_5)
FN:77,(anonymous_6)
FN:84,(anonymous_7)
FN:91,(anonymous_8)
FN:98,(anonymous_9)
FN:105,(anonymous_10)
FN:113,(anonymous_11)
FN:120,(anonymous_12)
FN:128,(anonymous_13)
FN:135,(anonymous_14)
FN:143,(anonymous_15)
FN:149,(anonymous_16)
FN:156,(anonymous_17)
FN:164,(anonymous_18)
FN:175,(anonymous_19)
FN:193,(anonymous_20)
FN:203,(anonymous_21)
FN:212,(anonymous_22)
FN:221,(anonymous_23)
FN:259,(anonymous_24)
FN:284,(anonymous_25)
FN:299,(anonymous_26)
FNF:25
FNH:0
FNDA:0,(anonymous_2)
FNDA:0,(anonymous_3)
FNDA:0,(anonymous_4)
FNDA:0,(anonymous_5)
FNDA:0,(anonymous_6)
FNDA:0,(anonymous_7)
FNDA:0,(anonymous_8)
FNDA:0,(anonymous_9)
FNDA:0,(anonymous_10)
FNDA:0,(anonymous_11)
FNDA:0,(anonymous_12)
FNDA:0,(anonymous_13)
FNDA:0,(anonymous_14)
FNDA:0,(anonymous_15)
FNDA:0,(anonymous_16)
FNDA:0,(anonymous_17)
FNDA:0,(anonymous_18)
FNDA:0,(anonymous_19)
FNDA:0,(anonymous_20)
FNDA:0,(anonymous_21)
FNDA:0,(anonymous_22)
FNDA:0,(anonymous_23)
FNDA:0,(anonymous_24)
FNDA:0,(anonymous_25)
FNDA:0,(anonymous_26)
DA:5,0
DA:6,0
DA:7,0
DA:8,0
DA:9,0
DA:10,0
DA:11,0
DA:12,0
DA:15,0
DA:19,0
DA:22,0
DA:23,0
DA:24,0
DA:25,0
DA:32,0
DA:34,0
DA:43,0
DA:44,0
DA:45,0
DA:46,0
DA:48,0
DA:49,0
DA:56,0
DA:59,0
DA:66,0
DA:71,0
DA:74,0
DA:78,0
DA:81,0
DA:85,0
DA:88,0
DA:92,0
DA:95,0
DA:99,0
DA:102,0
DA:106,0
DA:114,0
DA:116,0
DA:121,0
DA:124,0
DA:129,0
DA:132,0
DA:136,0
DA:144,0
DA:146,0
DA:150,0
DA:153,0
DA:157,0
DA:166,0
DA:176,0
DA:180,0
DA:187,0
DA:194,0
DA:198,0
DA:204,0
DA:208,0
DA:213,0
DA:221,0
DA:226,0
DA:228,0
DA:230,0
DA:232,0
DA:233,0
DA:236,0
DA:237,0
DA:240,0
DA:241,0
DA:243,0
DA:244,0
DA:247,0
DA:248,0
DA:251,0
DA:252,0
DA:260,0
DA:263,0
DA:264,0
DA:265,0
DA:266,0
DA:271,0
DA:273,0
DA:276,0
DA:277,0
DA:289,0
DA:290,0
DA:291,0
DA:292,0
DA:293,0
DA:300,0
DA:301,0
DA:303,0
DA:304,0
DA:305,0
DA:306,0
DA:307,0
DA:308,0
DA:310,0
DA:311,0
LF:97
LH:0
BRDA:223,0,0,0
BRDA:224,1,0,0
BRDA:232,2,0,0
BRDA:232,2,1,0
BRDA:232,3,0,0
BRDA:232,3,1,0
BRDA:247,4,0,0
BRDA:247,4,1,0
BRDA:263,5,0,0
BRDA:263,5,1,0
BRDA:265,6,0,0
BRDA:265,6,1,0
BRDA:276,7,0,0
BRDA:276,7,1,0
BRDA:310,8,0,0
BRDA:310,8,1,0
BRDA:225,9,0,0
BRDA:225,9,1,0
BRDA:225,10,0,0
BRDA:225,10,1,0
BRF:20
BRH:0
end_of_record
TN:
SF:src/cli/cli.service.ts
FN:15,(anonymous_11)
FN:27,(anonymous_12)
FN:39,(anonymous_13)
FN:46,(anonymous_14)
FN:53,(anonymous_15)
FN:60,(anonymous_16)
FN:67,(anonymous_17)
FN:74,(anonymous_18)
FN:84,(anonymous_19)
FN:92,(anonymous_20)
FN:99,(anonymous_21)
FN:108,(anonymous_22)
FN:115,(anonymous_23)
FN:129,(anonymous_24)
FN:150,(anonymous_25)
FN:160,(anonymous_26)
FN:170,(anonymous_27)
FN:176,(anonymous_28)
FNF:18
FNH:0
FNDA:0,(anonymous_11)
FNDA:0,(anonymous_12)
FNDA:0,(anonymous_13)
FNDA:0,(anonymous_14)
FNDA:0,(anonymous_15)
FNDA:0,(anonymous_16)
FNDA:0,(anonymous_17)
FNDA:0,(anonymous_18)
FNDA:0,(anonymous_19)
FNDA:0,(anonymous_20)
FNDA:0,(anonymous_21)
FNDA:0,(anonymous_22)
FNDA:0,(anonymous_23)
FNDA:0,(anonymous_24)
FNDA:0,(anonymous_25)
FNDA:0,(anonymous_26)
FNDA:0,(anonymous_27)
FNDA:0,(anonymous_28)
DA:1,0
DA:2,0
DA:3,0
DA:4,0
DA:5,0
DA:6,0
DA:7,0
DA:8,0
DA:9,0
DA:12,0
DA:16,0
DA:17,0
DA:18,0
DA:19,0
DA:20,0
DA:21,0
DA:23,0
DA:24,0
DA:28,0
DA:34,0
DA:35,0
DA:40,0
DA:43,0
DA:47,0
DA:50,0
DA:54,0
DA:57,0
DA:61,0
DA:64,0
DA:68,0
DA:71,0
DA:75,0
DA:79,0
DA:80,0
DA:85,0
DA:88,0
DA:93,0
DA:96,0
DA:100,0
DA:104,0
DA:105,0
DA:109,0
DA:112,0
DA:116,0
DA:120,0
DA:130,0
DA:131,0
DA:144,0
DA:151,0
DA:155,0
DA:161,0
DA:166,0
DA:171,0
DA:177,0
LF:54
LH:0
BRDA:130,0,0,0
BRDA:130,0,1,0
BRDA:136,1,0,0
BRDA:136,1,1,0
BRDA:16,2,0,0
BRDA:16,2,1,0
BRDA:16,3,0,0
BRDA:16,3,1,0
BRDA:16,4,0,0
BRDA:16,4,1,0
BRDA:16,5,0,0
BRDA:16,5,1,0
BRDA:17,6,0,0
BRDA:17,6,1,0
BRDA:17,7,0,0
BRDA:17,7,1,0
BRDA:18,8,0,0
BRDA:18,8,1,0
BRDA:18,9,0,0
BRDA:18,9,1,0
BRDA:19,10,0,0
BRDA:19,10,1,0
BRDA:19,11,0,0
BRDA:19,11,1,0
BRDA:20,12,0,0
BRDA:20,12,1,0
BRDA:20,13,0,0
BRDA:20,13,1,0
BRF:28
BRH:0
end_of_record
TN:
SF:src/cli/commands/config.command.ts
FN:9,(anonymous_11)
FN:11,(anonymous_12)
FN:56,(anonymous_13)
FN:94,(anonymous_14)
FN:98,(anonymous_15)
FN:119,(anonymous_16)
FN:156,(anonymous_17)
FNF:7
FNH:0
FNDA:0,(anonymous_11)
FNDA:0,(anonymous_12)
FNDA:0,(anonymous_13)
FNDA:0,(anonymous_14)
FNDA:0,(anonymous_15)
FNDA:0,(anonymous_16)
FNDA:0,(anonymous_17)
DA:1,0
DA:2,0
DA:3,0
DA:4,0
DA:5,0
DA:8,0
DA:9,0
DA:12,0
DA:13,0
DA:16,0
DA:17,0
DA:18,0
DA:19,0
DA:20,0
DA:23,0
DA:24,0
DA:25,0
DA:26,0
DA:29,0
DA:30,0
DA:31,0
DA:32,0
DA:33,0
DA:36,0
DA:37,0
DA:38,0
DA:41,0
DA:42,0
DA:45,0
DA:46,0
DA:49,0
DA:50,0
DA:51,0
DA:53,0
DA:57,0
DA:58,0
DA:59,0
DA:61,0
DA:62,0
DA:66,0
DA:67,0
DA:68,0
DA:70,0
DA:71,0
DA:72,0
DA:73,0
DA:74,0
DA:78,0
DA:79,0
DA:83,0
DA:85,0
DA:86,0
DA:88,0
DA:89,0
DA:95,0
DA:99,0
DA:100,0
DA:101,0
DA:104,0
DA:105,0
DA:107,0
DA:108,0
DA:109,0
DA:110,0
DA:111,0
DA:112,0
DA:116,0
DA:120,0
DA:121,0
DA:123,0
DA:124,0
DA:126,0
DA:127,0
DA:130,0
DA:131,0
DA:133,0
DA:134,0
DA:135,0
DA:136,0
DA:137,0
DA:139,0
DA:143,0
DA:144,0
DA:145,0
DA:146,0
DA:147,0
DA:149,0
DA:152,0
DA:153,0
DA:157,0
DA:159,0
DA:160,0
DA:163,0
DA:166,0
DA:167,0
DA:170,0
DA:171,0
DA:174,0
LF:98
LH:0
BRDA:61,0,0,0
BRDA:61,0,1,0
BRDA:71,1,0,0
BRDA:71,1,1,0
BRDA:78,2,0,0
BRDA:78,2,1,0
BRDA:100,3,0,0
BRDA:100,3,1,0
BRDA:111,4,0,0
BRDA:111,4,1,0
BRDA:123,5,0,0
BRDA:123,5,1,0
BRDA:126,6,0,0
BRDA:126,6,1,0
BRDA:136,7,0,0
BRDA:136,7,1,0
BRDA:144,8,0,0
BRDA:144,8,1,0
BRDA:146,9,0,0
BRDA:146,9,1,0
BRDA:146,10,0,0
BRDA:146,10,1,0
BRDA:159,11,0,0
BRDA:159,11,1,0
BRDA:166,12,0,0
BRDA:166,12,1,0
BRDA:170,13,0,0
BRDA:170,13,1,0
BRDA:170,14,0,0
BRDA:170,14,1,0
BRDA:9,15,0,0
BRDA:9,15,1,0
BRDA:9,16,0,0
BRDA:9,16,1,0
BRF:34
BRH:0
end_of_record
TN:
SF:src/cli/commands/create.command.ts
FN:28,(anonymous_10)
FN:57,(anonymous_11)
FN:67,(anonymous_12)
FN:68,(anonymous_13)
FN:90,(anonymous_14)
FN:91,(anonymous_15)
FN:111,(anonymous_16)
FN:135,(anonymous_17)
FNF:8
FNH:0
FNDA:0,(anonymous_10)
FNDA:0,(anonymous_11)
FNDA:0,(anonymous_12)
FNDA:0,(anonymous_13)
FNDA:0,(anonymous_14)
FNDA:0,(anonymous_15)
FNDA:0,(anonymous_16)
FNDA:0,(anonymous_17)
DA:1,0
DA:2,0
DA:3,0
DA:4,0
DA:8,0
DA:10,0
DA:12,0
DA:24,0
DA:29,0
DA:30,0
DA:31,0
DA:34,0
DA:38,0
DA:39,0
DA:43,0
DA:47,0
DA:57,0
DA:58,0
DA:59,0
DA:63,0
DA:67,0
DA:68,0
DA:70,0
DA:79,0
DA:82,0
DA:85,0
DA:86,0
DA:91,0
DA:92,0
DA:93,0
DA:94,0
DA:95,0
DA:96,0
DA:97,0
DA:98,0
DA:99,0
DA:100,0
DA:101,0
DA:102,0
DA:103,0
DA:104,0
DA:108,0
DA:112,0
DA:113,0
DA:114,0
DA:115,0
DA:117,0
DA:119,0
DA:120,0
DA:121,0
DA:124,0
DA:125,0
DA:126,0
DA:128,0
DA:136,0
DA:137,0
DA:138,0
DA:139,0
DA:140,0
DA:141,0
DA:142,0
DA:144,0
DA:145,0
DA:146,0
DA:147,0
DA:148,0
DA:149,0
DA:150,0
DA:151,0
DA:152,0
DA:153,0
DA:155,0
LF:72
LH:0
BRDA:28,0,0,0
BRDA:30,1,0,0
BRDA:30,1,1,0
BRDA:34,2,0,0
BRDA:34,2,1,0
BRDA:38,3,0,0
BRDA:38,3,1,0
BRDA:58,4,0,0
BRDA:58,4,1,0
BRDA:68,5,0,0
BRDA:68,5,1,0
BRDA:85,6,0,0
BRDA:85,6,1,0
BRDA:96,7,0,0
BRDA:96,7,1,0
BRDA:98,8,0,0
BRDA:98,8,1,0
BRDA:114,9,0,0
BRDA:114,9,1,0
BRDA:125,10,0,0
BRDA:125,10,1,0
BRDA:138,11,0,0
BRDA:138,11,1,0
BRDA:139,12,0,0
BRDA:139,12,1,0
BRDA:140,13,0,0
BRDA:140,13,1,0
BRDA:141,14,0,0
BRDA:141,14,1,0
BRDA:142,15,0,0
BRDA:142,15,1,0
BRF:31
BRH:0
end_of_record
TN:
SF:src/cli/commands/database.command.ts
FN:11,(anonymous_11)
FN:15,(anonymous_12)
FN:29,(anonymous_13)
FN:43,(anonymous_14)
FN:55,(anonymous_15)
FN:69,(anonymous_16)
FNF:6
FNH:0
FNDA:0,(anonymous_11)
FNDA:0,(anonymous_12)
FNDA:0,(anonymous_13)
FNDA:0,(anonymous_14)
FNDA:0,(anonymous_15)
FNDA:0,(anonymous_16)
DA:1,0
DA:2,0
DA:3,0
DA:4,0
DA:7,0
DA:8,0
DA:11,0
DA:12,0
DA:16,0
DA:17,0
DA:30,0
DA:31,0
DA:33,0
DA:34,0
DA:37,0
DA:39,0
DA:40,0
DA:42,0
DA:43,0
DA:44,0
DA:48,0
DA:50,0
DA:51,0
DA:56,0
DA:57,0
DA:62,0
DA:64,0
DA:65,0
DA:70,0
DA:71,0
DA:75,0
DA:76,0
DA:79,0
DA:80,0
DA:82,0
DA:83,0
DA:85,0
DA:87,0
DA:89,0
DA:90,0
LF:40
LH:0
BRDA:33,0,0,0
BRDA:33,0,1,0
BRDA:39,1,0,0
BRDA:39,1,1,0
BRDA:75,2,0,0
BRDA:75,2,1,0
BRDA:11,3,0,0
BRDA:11,3,1,0
BRDA:11,4,0,0
BRDA:11,4,1,0
BRF:10
BRH:0
end_of_record
TN:
SF:src/cli/commands/init.command.ts
FN:16,(anonymous_10)
FN:50,(anonymous_11)
FN:83,(anonymous_12)
FN:86,(anonymous_13)
FN:140,(anonymous_14)
FN:149,(anonymous_15)
FN:172,(anonymous_16)
FN:181,(anonymous_17)
FN:218,(anonymous_18)
FN:226,(anonymous_19)
FN:232,(anonymous_20)
FN:240,(anonymous_21)
FN:249,(anonymous_22)
FN:250,(anonymous_23)
FN:252,(anonymous_24)
FNF:15
FNH:0
FNDA:0,(anonymous_10)
FNDA:0,(anonymous_11)
FNDA:0,(anonymous_12)
FNDA:0,(anonymous_13)
FNDA:0,(anonymous_14)
FNDA:0,(anonymous_15)
FNDA:0,(anonymous_16)
FNDA:0,(anonymous_17)
FNDA:0,(anonymous_18)
FNDA:0,(anonymous_19)
FNDA:0,(anonymous_20)
FNDA:0,(anonymous_21)
FNDA:0,(anonymous_22)
FNDA:0,(anonymous_23)
FNDA:0,(anonymous_24)
DA:1,0
DA:2,0
DA:3,0
DA:4,0
DA:5,0
DA:15,0
DA:17,0
DA:18,0
DA:19,0
DA:21,0
DA:23,0
DA:25,0
DA:26,0
DA:27,0
DA:31,0
DA:33,0
DA:34,0
DA:35,0
DA:36,0
DA:37,0
DA:42,0
DA:43,0
DA:44,0
DA:45,0
DA:49,0
DA:50,0
DA:53,0
DA:56,0
DA:58,0
DA:59,0
DA:60,0
DA:62,0
DA:63,0
DA:65,0
DA:66,0
DA:68,0
DA:69,0
DA:76,0
DA:83,0
DA:85,0
DA:86,0
DA:87,0
DA:91,0
DA:93,0
DA:94,0
DA:96,0
DA:98,0
DA:99,0
DA:103,0
DA:104,0
DA:108,0
DA:110,0
DA:112,0
DA:115,0
DA:116,0
DA:117,0
DA:123,0
DA:124,0
DA:125,0
DA:126,0
DA:128,0
DA:129,0
DA:132,0
DA:133,0
DA:141,0
DA:143,0
DA:144,0
DA:145,0
DA:148,0
DA:149,0
DA:152,0
DA:153,0
DA:154,0
DA:157,0
DA:159,0
DA:160,0
DA:161,0
DA:165,0
DA:173,0
DA:175,0
DA:176,0
DA:177,0
DA:180,0
DA:181,0
DA:184,0
DA:185,0
DA:186,0
DA:189,0
DA:191,0
DA:192,0
DA:193,0
DA:195,0
DA:197,0
DA:198,0
DA:199,0
DA:200,0
DA:201,0
DA:203,0
DA:206,0
DA:210,0
DA:219,0
DA:220,0
DA:221,0
DA:224,0
DA:226,0
DA:227,0
DA:232,0
DA:233,0
DA:234,0
DA:236,0
DA:240,0
DA:241,0
DA:250,0
DA:251,0
DA:252,0
DA:253,0
LF:116
LH:0
BRDA:17,0,0,0
BRDA:17,0,1,0
BRDA:18,1,0,0
BRDA:18,1,1,0
BRDA:19,2,0,0
BRDA:19,2,1,0
BRDA:26,3,0,0
BRDA:26,3,1,0
BRDA:33,4,0,0
BRDA:33,4,1,0
BRDA:33,5,0,0
BRDA:33,5,1,0
BRDA:35,6,0,0
BRDA:35,6,1,0
BRDA:42,7,0,0
BRDA:42,7,1,0
BRDA:43,8,0,0
BRDA:43,8,1,0
BRDA:49,9,0,0
BRDA:49,9,1,0
BRDA:62,10,0,0
BRDA:62,10,1,0
BRDA:65,11,0,0
BRDA:65,11,1,0
BRDA:66,12,0,0
BRDA:66,12,1,0
BRDA:68,13,0,0
BRDA:68,13,1,0
BRDA:71,14,0,0
BRDA:71,14,1,0
BRDA:98,15,0,0
BRDA:98,15,1,0
BRDA:103,16,0,0
BRDA:103,16,1,0
BRDA:116,17,0,0
BRDA:116,17,1,0
BRDA:123,18,0,0
BRDA:123,18,1,0
BRDA:143,19,0,0
BRDA:143,19,1,0
BRDA:152,20,0,0
BRDA:152,20,1,0
BRDA:175,21,0,0
BRDA:175,21,1,0
BRDA:181,22,0,0
BRDA:181,22,1,0
BRDA:184,23,0,0
BRDA:184,23,1,0
BRDA:195,24,0,0
BRDA:195,24,1,0
BRDA:199,25,0,0
BRDA:199,25,1,0
BRDA:219,26,0,0
BRDA:219,26,1,0
BRDA:233,27,0,0
BRDA:233,27,1,0
BRF:56
BRH:0
end_of_record
TN:
SF:src/cli/commands/lazy-module-add.command.ts
FN:30,(anonymous_2)
FNF:1
FNH:0
FNDA:0,(anonymous_2)
DA:5,0
DA:6,0
DA:7,0
DA:10,0
DA:11,0
DA:25,0
DA:30,0
DA:31,0
LF:8
LH:0
BRDA:30,0,0,0
BRDA:30,0,1,0
BRDA:30,1,0,0
BRDA:30,1,1,0
BRF:4
BRH:0
end_of_record
TN:
SF:src/cli/commands/module-add.command.ts
FN:20,(anonymous_11)
FN:73,(anonymous_12)
FN:134,(anonymous_13)
FN:151,(anonymous_14)
FNF:4
FNH:0
FNDA:0,(anonymous_11)
FNDA:0,(anonymous_12)
FNDA:0,(anonymous_13)
FNDA:0,(anonymous_14)
DA:1,0
DA:2,0
DA:3,0
DA:4,0
DA:5,0
DA:6,0
DA:13,0
DA:14,0
DA:15,0
DA:18,0
DA:20,0
DA:21,0
DA:22,0
DA:24,0
DA:25,0
DA:28,0
DA:31,0
DA:32,0
DA:33,0
DA:37,0
DA:39,0
DA:40,0
DA:43,0
DA:44,0
DA:48,0
DA:49,0
DA:53,0
DA:54,0
DA:55,0
DA:56,0
DA:58,0
DA:59,0
DA:61,0
DA:62,0
DA:63,0
DA:65,0
DA:70,0
DA:71,0
DA:72,0
DA:75,0
DA:76,0
DA:82,0
DA:84,0
DA:87,0
DA:89,0
DA:90,0
DA:93,0
DA:94,0
DA:95,0
DA:96,0
DA:100,0
DA:101,0
DA:102,0
DA:103,0
DA:105,0
DA:107,0
DA:108,0
DA:110,0
DA:121,0
DA:125,0
DA:126,0
DA:127,0
DA:128,0
DA:129,0
DA:130,0
DA:131,0
DA:132,0
DA:133,0
DA:134,0
DA:135,0
DA:142,0
DA:152,0
LF:72
LH:0
BRDA:22,0,0,0
BRDA:22,0,1,0
BRDA:24,1,0,0
BRDA:24,1,1,0
BRDA:32,2,0,0
BRDA:32,2,1,0
BRDA:37,3,0,0
BRDA:37,3,1,0
BRDA:43,4,0,0
BRDA:43,4,1,0
BRDA:48,5,0,0
BRDA:48,5,1,0
BRDA:53,6,0,0
BRDA:53,6,1,0
BRDA:61,7,0,0
BRDA:61,7,1,0
BRDA:62,8,0,0
BRDA:62,8,1,0
BRDA:76,9,0,0
BRDA:76,9,1,0
BRDA:76,9,2,0
BRDA:89,10,0,0
BRDA:89,10,1,0
BRDA:93,11,0,0
BRDA:93,11,1,0
BRDA:101,12,0,0
BRDA:101,12,1,0
BRDA:105,13,0,0
BRDA:105,13,1,0
BRDA:127,14,0,0
BRDA:127,14,1,0
BRDA:129,15,0,0
BRDA:129,15,1,0
BRDA:129,16,0,0
BRDA:129,16,1,0
BRDA:131,17,0,0
BRDA:131,17,1,0
BRDA:146,18,0,0
BRDA:146,18,1,0
BRDA:147,19,0,0
BRDA:147,19,1,0
BRDA:20,20,0,0
BRDA:20,20,1,0
BRDA:20,21,0,0
BRDA:20,21,1,0
BRF:45
BRH:0
end_of_record
TN:
SF:src/cli/commands/module-doctor.command.ts
FN:10,(anonymous_9)
FN:14,(anonymous_10)
FN:25,(anonymous_11)
FN:68,(anonymous_12)
FN:77,(anonymous_13)
FN:84,(anonymous_14)
FNF:6
FNH:0
FNDA:0,(anonymous_9)
FNDA:0,(anonymous_10)
FNDA:0,(anonymous_11)
FNDA:0,(anonymous_12)
FNDA:0,(anonymous_13)
FNDA:0,(anonymous_14)
DA:2,0
DA:3,0
DA:4,0
DA:6,0
DA:11,0
DA:15,0
DA:17,0
DA:18,0
DA:20,0
DA:26,0
DA:28,0
DA:29,0
DA:30,0
DA:33,0
DA:36,0
DA:43,0
DA:44,0
DA:45,0
DA:46,0
DA:48,0
DA:49,0
DA:50,0
DA:51,0
DA:52,0
DA:54,0
DA:59,0
DA:61,0
DA:62,0
DA:64,0
DA:69,0
DA:71,0
DA:72,0
DA:73,0
DA:76,0
DA:77,0
DA:79,0
DA:80,0
DA:85,0
DA:87,0
DA:88,0
DA:91,0
DA:92,0
DA:94,0
DA:95,0
DA:98,0
DA:99,0
DA:100,0
DA:105,0
DA:106,0
DA:107,0
DA:108,0
DA:109,0
DA:111,0
DA:117,0
LF:54
LH:0
BRDA:17,0,0,0
BRDA:17,0,1,0
BRDA:28,1,0,0
BRDA:28,1,1,0
BRDA:48,2,0,0
BRDA:48,2,1,0
BRDA:50,3,0,0
BRDA:50,3,1,0
BRDA:61,4,0,0
BRDA:61,4,1,0
BRDA:71,5,0,0
BRDA:71,5,1,0
BRDA:87,6,0,0
BRDA:87,6,1,0
BRDA:94,7,0,0
BRDA:94,7,1,0
BRDA:98,8,0,0
BRDA:98,8,1,0
BRDA:105,9,0,0
BRDA:105,9,1,0
BRDA:108,10,0,0
BRDA:108,10,1,0
BRF:22
BRH:0
end_of_record
TN:
SF:src/cli/commands/module.command.ts
FN:11,(anonymous_11)
FN:15,(anonymous_12)
FN:19,(anonymous_13)
FN:50,(anonymous_14)
FN:54,(anonymous_15)
FN:58,(anonymous_16)
FN:77,(anonymous_17)
FN:110,(anonymous_18)
FN:114,(anonymous_19)
FN:136,(anonymous_20)
FNF:10
FNH:0
FNDA:0,(anonymous_11)
FNDA:0,(anonymous_12)
FNDA:0,(anonymous_13)
FNDA:0,(anonymous_14)
FNDA:0,(anonymous_15)
FNDA:0,(anonymous_16)
FNDA:0,(anonymous_17)
FNDA:0,(anonymous_18)
FNDA:0,(anonymous_19)
FNDA:0,(anonymous_20)
DA:1,0
DA:2,0
DA:3,0
DA:4,0
DA:5,0
DA:8,0
DA:9,0
DA:12,0
DA:16,0
DA:20,0
DA:22,0
DA:23,0
DA:24,0
DA:25,0
DA:28,0
DA:29,0
DA:31,0
DA:32,0
DA:33,0
DA:36,0
DA:37,0
DA:39,0
DA:40,0
DA:43,0
DA:44,0
DA:46,0
DA:51,0
DA:55,0
DA:59,0
DA:60,0
DA:61,0
DA:62,0
DA:63,0
DA:66,0
DA:67,0
DA:68,0
DA:69,0
DA:70,0
DA:72,0
DA:78,0
DA:79,0
DA:80,0
DA:82,0
DA:83,0
DA:86,0
DA:87,0
DA:90,0
DA:92,0
DA:93,0
DA:96,0
DA:98,0
DA:99,0
DA:100,0
DA:101,0
DA:102,0
DA:105,0
DA:106,0
DA:111,0
DA:115,0
DA:117,0
DA:118,0
DA:121,0
DA:123,0
DA:124,0
DA:127,0
DA:128,0
DA:129,0
DA:132,0
DA:134,0
DA:135,0
DA:136,0
DA:137,0
LF:72
LH:0
BRDA:23,0,0,0
BRDA:23,0,1,0
BRDA:29,1,0,0
BRDA:29,1,1,0
BRDA:31,2,0,0
BRDA:31,2,1,0
BRDA:61,3,0,0
BRDA:61,3,1,0
BRDA:82,4,0,0
BRDA:82,4,1,0
BRDA:86,5,0,0
BRDA:86,5,1,0
BRDA:86,6,0,0
BRDA:86,6,1,0
BRDA:92,7,0,0
BRDA:92,7,1,0
BRDA:92,8,0,0
BRDA:92,8,1,0
BRDA:100,9,0,0
BRDA:100,9,1,0
BRDA:105,10,0,0
BRDA:105,10,1,0
BRDA:117,11,0,0
BRDA:117,11,1,0
BRDA:123,12,0,0
BRDA:123,12,1,0
BRDA:127,13,0,0
BRDA:127,13,1,0
BRDA:12,14,0,0
BRDA:12,14,1,0
BRDA:12,15,0,0
BRDA:12,15,1,0
BRF:32
BRH:0
end_of_record
TN:
SF:src/cli/core/command-definitions.ts
FN:114,registerAllCommands
FN:117,(anonymous_1)
FN:130,getPreloadCommands
FN:132,(anonymous_3)
FN:133,(anonymous_4)
FN:134,(anonymous_5)
FNF:6
FNH:0
FNDA:0,registerAllCommands
FNDA:0,(anonymous_1)
FNDA:0,getPreloadCommands
FNDA:0,(anonymous_3)
FNDA:0,(anonymous_4)
FNDA:0,(anonymous_5)
DA:5,0
DA:17,0
DA:114,0
DA:115,0
DA:117,0
DA:118,0
DA:130,0
DA:131,0
DA:132,0
DA:133,0
DA:134,0
LF:11
LH:0
BRDA:133,0,0,0
BRDA:133,0,1,0
BRDA:133,1,0,0
BRDA:133,1,1,0
BRF:4
BRH:0
end_of_record
TN:
SF:src/cli/core/command-registry.ts
FN:23,(anonymous_0)
FN:28,(anonymous_1)
FN:38,(anonymous_2)
FN:64,(anonymous_3)
FN:79,(anonymous_4)
FN:86,(anonymous_5)
FN:93,(anonymous_6)
FN:94,(anonymous_7)
FN:100,(anonymous_8)
FN:116,(anonymous_9)
FN:123,(anonymous_10)
FN:130,(anonymous_11)
FN:131,(anonymous_12)
FNF:13
FNH:0
FNDA:0,(anonymous_0)
FNDA:0,(anonymous_1)
FNDA:0,(anonymous_2)
FNDA:0,(anonymous_3)
FNDA:0,(anonymous_4)
FNDA:0,(anonymous_5)
FNDA:0,(anonymous_6)
FNDA:0,(anonymous_7)
FNDA:0,(anonymous_8)
FNDA:0,(anonymous_9)
FNDA:0,(anonymous_10)
FNDA:0,(anonymous_11)
FNDA:0,(anonymous_12)
DA:6,0
DA:18,0
DA:20,0
DA:21,0
DA:29,0
DA:30,0
DA:32,0
DA:44,0
DA:45,0
DA:48,0
DA:56,0
DA:65,0
DA:73,0
DA:80,0
DA:87,0
DA:94,0
DA:101,0
DA:102,0
DA:103,0
DA:104,0
DA:105,0
DA:107,0
DA:117,0
DA:129,0
DA:130,0
DA:131,0
DA:133,0
LF:27
LH:0
BRDA:29,0,0,0
BRDA:29,0,1,0
BRDA:44,1,0,0
BRDA:44,1,1,0
BRDA:102,2,0,0
BRDA:102,2,1,0
BRDA:131,3,0,0
BRDA:131,3,1,0
BRDA:137,4,0,0
BRDA:137,4,1,0
BRF:10
BRH:0
end_of_record
TN:
SF:src/cli/core/lazy-loader.ts
FN:19,(anonymous_11)
FN:26,(anonymous_12)
FN:37,(anonymous_13)
FN:119,(anonymous_14)
FN:142,(anonymous_15)
FN:147,(anonymous_16)
FN:151,(anonymous_17)
FN:152,(anonymous_18)
FN:157,(anonymous_19)
FN:167,(anonymous_20)
FN:175,(anonymous_21)
FN:188,(anonymous_22)
FNF:12
FNH:0
FNDA:0,(anonymous_11)
FNDA:0,(anonymous_12)
FNDA:0,(anonymous_13)
FNDA:0,(anonymous_14)
FNDA:0,(anonymous_15)
FNDA:0,(anonymous_16)
FNDA:0,(anonymous_17)
FNDA:0,(anonymous_18)
FNDA:0,(anonymous_19)
FNDA:0,(anonymous_20)
FNDA:0,(anonymous_21)
FNDA:0,(anonymous_22)
DA:6,0
DA:7,0
DA:8,0
DA:9,0
DA:10,0
DA:11,0
DA:13,0
DA:16,0
DA:17,0
DA:20,0
DA:27,0
DA:28,0
DA:30,0
DA:37,0
DA:39,0
DA:40,0
DA:41,0
DA:44,0
DA:45,0
DA:46,0
DA:54,0
DA:55,0
DA:56,0
DA:60,0
DA:61,0
DA:68,0
DA:70,0
DA:72,0
DA:75,0
DA:76,0
DA:77,0
DA:81,0
DA:83,0
DA:86,0
DA:89,0
DA:91,0
DA:93,0
DA:95,0
DA:97,0
DA:121,0
DA:122,0
DA:125,0
DA:127,0
DA:128,0
DA:131,0
DA:132,0
DA:134,0
DA:143,0
DA:145,0
DA:146,0
DA:147,0
DA:150,0
DA:151,0
DA:152,0
DA:154,0
DA:157,0
DA:158,0
DA:159,0
DA:168,0
DA:169,0
DA:179,0
DA:190,0
DA:193,0
DA:194,0
DA:195,0
DA:196,0
DA:200,0
LF:67
LH:0
BRDA:27,0,0,0
BRDA:27,0,1,0
BRDA:39,1,0,0
BRDA:39,1,1,0
BRDA:45,2,0,0
BRDA:45,2,1,0
BRDA:54,3,0,0
BRDA:54,3,1,0
BRDA:60,4,0,0
BRDA:60,4,1,0
BRDA:60,5,0,0
BRDA:60,5,1,0
BRDA:76,6,0,0
BRDA:76,6,1,0
BRDA:121,7,0,0
BRDA:121,7,1,0
BRDA:158,8,0,0
BRDA:158,8,1,0
BRDA:194,9,0,0
BRDA:194,9,1,0
BRDA:37,10,0,0
BRDA:37,10,1,0
BRDA:37,11,0,0
BRDA:37,11,1,0
BRF:24
BRH:0
end_of_record
TN:
SF:src/cli/decorators/lazy-command.decorator.ts
FN:20,LazyCommand
FN:21,(anonymous_1)
FN:50,getModulePath
FN:71,addToPreloadList
FN:74,(anonymous_4)
FN:80,getPreloadList
FN:81,(anonymous_6)
FN:87,CommandHandler
FN:93,(anonymous_8)
FN:96,(anonymous_9)
FN:130,CommandParam
FN:139,(anonymous_11)
FNF:12
FNH:0
FNDA:0,LazyCommand
FNDA:0,(anonymous_1)
FNDA:0,getModulePath
FNDA:0,addToPreloadList
FNDA:0,(anonymous_4)
FNDA:0,getPreloadList
FNDA:0,(anonymous_6)
FNDA:0,CommandHandler
FNDA:0,(anonymous_8)
FNDA:0,(anonymous_9)
FNDA:0,CommandParam
FNDA:0,(anonymous_11)
DA:5,0
DA:6,0
DA:8,0
DA:20,0
DA:21,0
DA:23,0
DA:26,0
DA:27,0
DA:30,0
DA:31,0
DA:39,0
DA:40,0
DA:43,0
DA:53,0
DA:56,0
DA:62,0
DA:66,0
DA:72,0
DA:74,0
DA:80,0
DA:81,0
DA:87,0
DA:93,0
DA:94,0
DA:96,0
DA:97,0
DA:100,0
DA:101,0
DA:105,0
DA:107,0
DA:108,0
DA:113,0
DA:114,0
DA:115,0
DA:118,0
DA:119,0
DA:123,0
DA:130,0
DA:139,0
DA:141,0
DA:142,0
DA:148,0
LF:42
LH:0
BRDA:39,0,0,0
BRDA:39,0,1,0
BRDA:40,1,0,0
BRDA:40,1,1,0
BRDA:100,2,0,0
BRDA:100,2,1,0
BRDA:105,3,0,0
BRDA:105,3,1,0
BRDA:107,4,0,0
BRDA:107,4,1,0
BRDA:107,5,0,0
BRDA:107,5,1,0
BRDA:141,6,0,0
BRDA:141,6,1,0
BRF:14
BRH:0
end_of_record
TN:
SF:src/cli/services/module-manager.service.ts
FN:24,(anonymous_10)
FN:32,(anonymous_11)
FN:59,(anonymous_12)
FN:88,(anonymous_13)
FN:114,(anonymous_14)
FN:128,(anonymous_15)
FN:147,(anonymous_16)
FN:175,(anonymous_17)
FN:182,(anonymous_18)
FN:198,(anonymous_19)
FN:199,(anonymous_20)
FNF:11
FNH:0
FNDA:0,(anonymous_10)
FNDA:0,(anonymous_11)
FNDA:0,(anonymous_12)
FNDA:0,(anonymous_13)
FNDA:0,(anonymous_14)
FNDA:0,(anonymous_15)
FNDA:0,(anonymous_16)
FNDA:0,(anonymous_17)
FNDA:0,(anonymous_18)
FNDA:0,(anonymous_19)
FNDA:0,(anonymous_20)
DA:1,0
DA:2,0
DA:3,0
DA:4,0
DA:20,0
DA:25,0
DA:26,0
DA:33,0
DA:35,0
DA:37,0
DA:38,0
DA:41,0
DA:44,0
DA:47,0
DA:49,0
DA:51,0
DA:52,0
DA:60,0
DA:62,0
DA:64,0
DA:65,0
DA:66,0
DA:70,0
DA:73,0
DA:78,0
DA:80,0
DA:81,0
DA:89,0
DA:91,0
DA:92,0
DA:95,0
DA:96,0
DA:97,0
DA:98,0
DA:99,0
DA:100,0
DA:101,0
DA:108,0
DA:115,0
DA:116,0
DA:118,0
DA:119,0
DA:122,0
DA:129,0
DA:130,0
DA:134,0
DA:135,0
DA:136,0
DA:137,0
DA:138,0
DA:148,0
DA:150,0
DA:151,0
DA:152,0
DA:157,0
DA:176,0
DA:183,0
DA:184,0
DA:186,0
DA:187,0
DA:188,0
DA:192,0
DA:199,0
LF:63
LH:0
BRDA:24,0,0,0
BRDA:33,1,0,0
BRDA:33,1,1,0
BRDA:37,2,0,0
BRDA:37,2,1,0
BRDA:65,3,0,0
BRDA:65,3,1,0
BRDA:91,4,0,0
BRDA:91,4,1,0
BRDA:98,5,0,0
BRDA:98,5,1,0
BRDA:118,6,0,0
BRDA:118,6,1,0
BRDA:129,7,0,0
BRDA:129,7,1,0
BRDA:134,8,0,0
BRDA:134,8,1,0
BRDA:137,9,0,0
BRDA:137,9,1,0
BRDA:150,10,0,0
BRDA:150,10,1,0
BRDA:187,11,0,0
BRDA:187,11,1,0
BRF:23
BRH:0
end_of_record
TN:
SF:src/cli/utils/ast-helper.ts
FN:8,(anonymous_0)
FN:20,(anonymous_1)
FN:54,(anonymous_2)
FN:61,(anonymous_3)
FN:89,(anonymous_4)
FN:130,(anonymous_5)
FN:149,(anonymous_6)
FN:173,(anonymous_7)
FN:196,(anonymous_8)
FN:203,(anonymous_9)
FN:216,(anonymous_10)
FN:234,(anonymous_11)
FNF:12
FNH:0
FNDA:0,(anonymous_0)
FNDA:0,(anonymous_1)
FNDA:0,(anonymous_2)
FNDA:0,(anonymous_3)
FNDA:0,(anonymous_4)
FNDA:0,(anonymous_5)
FNDA:0,(anonymous_6)
FNDA:0,(anonymous_7)
FNDA:0,(anonymous_8)
FNDA:0,(anonymous_9)
FNDA:0,(anonymous_10)
FNDA:0,(anonymous_11)
DA:1,0
DA:3,0
DA:5,0
DA:9,0
DA:24,0
DA:26,0
DA:29,0
DA:30,0
DA:32,0
DA:35,0
DA:38,0
DA:41,0
DA:43,0
DA:44,0
DA:46,0
DA:47,0
DA:60,0
DA:61,0
DA:64,0
DA:65,0
DA:66,0
DA:70,0
DA:71,0
DA:74,0
DA:76,0
DA:82,0
DA:94,0
DA:95,0
DA:96,0
DA:100,0
DA:101,0
DA:102,0
DA:106,0
DA:108,0
DA:110,0
DA:114,0
DA:115,0
DA:119,0
DA:120,0
DA:123,0
DA:124,0
DA:125,0
DA:129,0
DA:130,0
DA:131,0
DA:132,0
DA:135,0
DA:136,0
DA:137,0
DA:141,0
DA:143,0
DA:151,0
DA:153,0
DA:155,0
DA:156,0
DA:157,0
DA:158,0
DA:159,0
DA:160,0
DA:161,0
DA:167,0
DA:174,0
DA:175,0
DA:177,0
DA:178,0
DA:181,0
DA:182,0
DA:183,0
DA:184,0
DA:185,0
DA:190,0
DA:197,0
DA:207,0
DA:208,0
DA:209,0
DA:210,0
DA:212,0
DA:215,0
DA:216,0
DA:219,0
DA:220,0
DA:221,0
DA:225,0
DA:226,0
DA:227,0
DA:228,0
DA:229,0
DA:230,0
DA:231,0
DA:232,0
DA:233,0
DA:234,0
DA:235,0
DA:236,0
DA:239,0
DA:240,0
DA:241,0
DA:242,0
DA:249,0
DA:250,0
DA:251,0
DA:253,0
DA:254,0
LF:103
LH:0
BRDA:64,0,0,0
BRDA:64,0,1,0
BRDA:74,1,0,0
BRDA:74,1,1,0
BRDA:95,2,0,0
BRDA:95,2,1,0
BRDA:101,3,0,0
BRDA:101,3,1,0
BRDA:101,4,0,0
BRDA:101,4,1,0
BRDA:108,5,0,0
BRDA:108,5,1,0
BRDA:119,6,0,0
BRDA:119,6,1,0
BRDA:124,7,0,0
BRDA:124,7,1,0
BRDA:132,8,0,0
BRDA:132,8,1,0
BRDA:135,9,0,0
BRDA:135,9,1,0
BRDA:158,10,0,0
BRDA:158,10,1,0
BRDA:160,11,0,0
BRDA:160,11,1,0
BRDA:175,12,0,0
BRDA:175,12,1,0
BRDA:182,13,0,0
BRDA:182,13,1,0
BRDA:182,14,0,0
BRDA:182,14,1,0
BRDA:182,14,2,0
BRDA:184,15,0,0
BRDA:184,15,1,0
BRDA:219,16,0,0
BRDA:219,16,1,0
BRDA:226,17,0,0
BRDA:226,17,1,0
BRDA:228,18,0,0
BRDA:228,18,1,0
BRDA:230,19,0,0
BRDA:230,19,1,0
BRDA:230,20,0,0
BRDA:230,20,1,0
BRDA:232,21,0,0
BRDA:232,21,1,0
BRDA:236,22,0,0
BRDA:236,22,1,0
BRDA:239,23,0,0
BRDA:239,23,1,0
BRF:49
BRH:0
end_of_record
TN:
SF:src/cli/utils/dependency-checker.ts
FN:20,(anonymous_9)
FN:28,(anonymous_10)
FN:34,(anonymous_11)
FN:62,(anonymous_12)
FN:111,(anonymous_13)
FN:146,(anonymous_14)
FN:159,(anonymous_15)
FN:188,(anonymous_16)
FN:205,(anonymous_17)
FN:209,(anonymous_18)
FNF:10
FNH:0
FNDA:0,(anonymous_9)
FNDA:0,(anonymous_10)
FNDA:0,(anonymous_11)
FNDA:0,(anonymous_12)
FNDA:0,(anonymous_13)
FNDA:0,(anonymous_14)
FNDA:0,(anonymous_15)
FNDA:0,(anonymous_16)
FNDA:0,(anonymous_17)
FNDA:0,(anonymous_18)
DA:1,0
DA:2,0
DA:3,0
DA:16,0
DA:17,0
DA:18,0
DA:21,0
DA:22,0
DA:30,0
DA:31,0
DA:32,0
DA:33,0
DA:34,0
DA:39,0
DA:40,0
DA:41,0
DA:42,0
DA:43,0
DA:45,0
DA:46,0
DA:47,0
DA:48,0
DA:68,0
DA:76,0
DA:77,0
DA:78,0
DA:79,0
DA:80,0
DA:84,0
DA:85,0
DA:86,0
DA:87,0
DA:92,0
DA:93,0
DA:94,0
DA:101,0
DA:102,0
DA:105,0
DA:117,0
DA:118,0
DA:119,0
DA:121,0
DA:122,0
DA:123,0
DA:124,0
DA:125,0
DA:126,0
DA:128,0
DA:130,0
DA:131,0
DA:136,0
DA:137,0
DA:138,0
DA:140,0
DA:150,0
DA:151,0
DA:152,0
DA:154,0
DA:156,0
DA:165,0
DA:166,0
DA:168,0
DA:169,0
DA:172,0
DA:173,0
DA:174,0
DA:175,0
DA:180,0
DA:181,0
DA:197,0
DA:198,0
DA:200,0
DA:201,0
DA:203,0
DA:204,0
DA:205,0
DA:206,0
DA:208,0
DA:209,0
DA:210,0
DA:214,0
DA:215,0
DA:216,0
DA:220,0
LF:84
LH:0
BRDA:31,0,0,0
BRDA:31,0,1,0
BRDA:33,1,0,0
BRDA:33,1,1,0
BRDA:33,2,0,0
BRDA:33,2,1,0
BRDA:40,3,0,0
BRDA:40,3,1,0
BRDA:42,4,0,0
BRDA:42,4,1,0
BRDA:46,5,0,0
BRDA:46,5,1,0
BRDA:51,6,0,0
BRDA:51,6,1,0
BRDA:77,7,0,0
BRDA:77,7,1,0
BRDA:84,8,0,0
BRDA:84,8,1,0
BRDA:86,9,0,0
BRDA:86,9,1,0
BRDA:101,10,0,0
BRDA:101,10,1,0
BRDA:101,11,0,0
BRDA:101,11,1,0
BRDA:122,12,0,0
BRDA:122,12,1,0
BRDA:122,13,0,0
BRDA:122,13,1,0
BRDA:124,14,0,0
BRDA:124,14,1,0
BRDA:125,15,0,0
BRDA:125,15,1,0
BRDA:128,16,0,0
BRDA:128,16,1,0
BRDA:137,17,0,0
BRDA:137,17,1,0
BRDA:165,18,0,0
BRDA:165,18,1,0
BRDA:169,19,0,0
BRDA:169,19,1,0
BRDA:172,20,0,0
BRDA:172,20,1,0
BRDA:180,21,0,0
BRDA:180,21,1,0
BRDA:200,22,0,0
BRDA:200,22,1,0
BRDA:203,23,0,0
BRDA:203,23,1,0
BRDA:214,24,0,0
BRDA:214,24,1,0
BRF:50
BRH:0
end_of_record
TN:
SF:src/common/cache/cache.decorator.ts
FN:14,Cacheable
FN:18,(anonymous_1)
FN:27,(anonymous_2)
FN:65,CacheEvict
FN:71,(anonymous_4)
FN:80,(anonymous_5)
FN:108,CachePut
FN:111,(anonymous_7)
FN:120,(anonymous_8)
FN:146,CacheableBatch
FN:149,(anonymous_10)
FN:150,(anonymous_11)
FN:160,(anonymous_12)
FN:166,(anonymous_13)
FN:184,(anonymous_14)
FN:192,(anonymous_15)
FN:216,CacheStats
FN:217,(anonymous_17)
FN:224,(anonymous_18)
FN:229,(anonymous_19)
FNF:20
FNH:0
FNDA:0,Cacheable
FNDA:0,(anonymous_1)
FNDA:0,(anonymous_2)
FNDA:0,CacheEvict
FNDA:0,(anonymous_4)
FNDA:0,(anonymous_5)
FNDA:0,CachePut
FNDA:0,(anonymous_7)
FNDA:0,(anonymous_8)
FNDA:0,CacheableBatch
FNDA:0,(anonymous_10)
FNDA:0,(anonymous_11)
FNDA:0,(anonymous_12)
FNDA:0,(anonymous_13)
FNDA:0,(anonymous_14)
FNDA:0,(anonymous_15)
FNDA:0,CacheStats
FNDA:0,(anonymous_17)
FNDA:0,(anonymous_18)
FNDA:0,(anonymous_19)
DA:5,0
DA:6,0
DA:8,0
DA:9,0
DA:14,0
DA:18,0
DA:23,0
DA:24,0
DA:25,0
DA:27,0
DA:29,0
DA:30,0
DA:34,0
DA:39,0
DA:40,0
DA:41,0
DA:42,0
DA:46,0
DA:47,0
DA:50,0
DA:55,0
DA:58,0
DA:65,0
DA:71,0
DA:76,0
DA:77,0
DA:78,0
DA:80,0
DA:82,0
DA:85,0
DA:86,0
DA:87,0
DA:89,0
DA:94,0
DA:95,0
DA:98,0
DA:101,0
DA:108,0
DA:111,0
DA:116,0
DA:117,0
DA:118,0
DA:120,0
DA:122,0
DA:125,0
DA:130,0
DA:135,0
DA:136,0
DA:139,0
DA:146,0
DA:149,0
DA:150,0
DA:155,0
DA:156,0
DA:157,0
DA:158,0
DA:160,0
DA:161,0
DA:162,0
DA:163,0
DA:166,0
DA:167,0
DA:168,0
DA:170,0
DA:171,0
DA:173,0
DA:174,0
DA:179,0
DA:180,0
DA:181,0
DA:184,0
DA:187,0
DA:188,0
DA:189,0
DA:192,0
DA:193,0
DA:194,0
DA:195,0
DA:197,0
DA:202,0
DA:206,0
DA:209,0
DA:216,0
DA:217,0
DA:222,0
DA:224,0
DA:225,0
DA:226,0
DA:228,0
DA:229,0
DA:230,0
DA:231,0
DA:232,0
DA:233,0
DA:234,0
DA:235,0
DA:239,0
DA:240,0
DA:242,0
DA:245,0
LF:100
LH:0
BRDA:14,0,0,0
BRDA:25,1,0,0
BRDA:25,1,1,0
BRDA:29,2,0,0
BRDA:29,2,1,0
BRDA:29,3,0,0
BRDA:29,3,1,0
BRDA:34,4,0,0
BRDA:34,4,1,0
BRDA:40,5,0,0
BRDA:40,5,1,0
BRDA:65,6,0,0
BRDA:78,7,0,0
BRDA:78,7,1,0
BRDA:85,8,0,0
BRDA:85,8,1,0
BRDA:89,9,0,0
BRDA:89,9,1,0
BRDA:90,10,0,0
BRDA:90,10,1,0
BRDA:108,11,0,0
BRDA:118,12,0,0
BRDA:118,12,1,0
BRDA:125,13,0,0
BRDA:125,13,1,0
BRDA:146,14,0,0
BRDA:157,15,0,0
BRDA:157,15,1,0
BRDA:158,16,0,0
BRDA:158,16,1,0
BRDA:170,17,0,0
BRDA:170,17,1,0
BRDA:179,18,0,0
BRDA:179,18,1,0
BRDA:228,19,0,0
BRDA:228,19,1,0
BRF:36
BRH:0
end_of_record
TN:
SF:src/common/cache/cache.service.ts
FN:41,(anonymous_11)
FN:51,(anonymous_12)
FN:87,(anonymous_13)
FN:135,(anonymous_14)
FN:156,(anonymous_15)
FN:161,(anonymous_16)
FN:185,(anonymous_17)
FN:205,(anonymous_18)
FN:213,(anonymous_19)
FN:223,(anonymous_20)
FN:234,(anonymous_21)
FN:238,(anonymous_22)
FN:241,(anonymous_23)
FN:247,(anonymous_24)
FN:261,(anonymous_25)
FN:271,(anonymous_26)
FN:292,(anonymous_27)
FN:325,(anonymous_28)
FN:333,(anonymous_29)
FN:334,(anonymous_30)
FN:340,(anonymous_31)
FNF:21
FNH:0
FNDA:0,(anonymous_11)
FNDA:0,(anonymous_12)
FNDA:0,(anonymous_13)
FNDA:0,(anonymous_14)
FNDA:0,(anonymous_15)
FNDA:0,(anonymous_16)
FNDA:0,(anonymous_17)
FNDA:0,(anonymous_18)
FNDA:0,(anonymous_19)
FNDA:0,(anonymous_20)
FNDA:0,(anonymous_21)
FNDA:0,(anonymous_22)
FNDA:0,(anonymous_23)
FNDA:0,(anonymous_24)
FNDA:0,(anonymous_25)
FNDA:0,(anonymous_26)
FNDA:0,(anonymous_27)
FNDA:0,(anonymous_28)
FNDA:0,(anonymous_29)
FNDA:0,(anonymous_30)
FNDA:0,(anonymous_31)
DA:5,0
DA:6,0
DA:7,0
DA:33,0
DA:35,0
DA:36,0
DA:37,0
DA:38,0
DA:39,0
DA:42,0
DA:43,0
DA:45,0
DA:55,0
DA:56,0
DA:59,0
DA:61,0
DA:62,0
DA:63,0
DA:64,0
DA:68,0
DA:69,0
DA:70,0
DA:71,0
DA:72,0
DA:76,0
DA:77,0
DA:78,0
DA:80,0
DA:81,0
DA:92,0
DA:93,0
DA:94,0
DA:97,0
DA:100,0
DA:101,0
DA:105,0
DA:115,0
DA:116,0
DA:117,0
DA:121,0
DA:122,0
DA:125,0
DA:126,0
DA:127,0
DA:129,0
DA:136,0
DA:137,0
DA:139,0
DA:140,0
DA:141,0
DA:142,0
DA:143,0
DA:145,0
DA:146,0
DA:147,0
DA:150,0
DA:157,0
DA:158,0
DA:159,0
DA:161,0
DA:162,0
DA:165,0
DA:166,0
DA:168,0
DA:169,0
DA:170,0
DA:172,0
DA:175,0
DA:176,0
DA:177,0
DA:178,0
DA:190,0
DA:191,0
DA:193,0
DA:194,0
DA:197,0
DA:198,0
DA:199,0
DA:206,0
DA:207,0
DA:214,0
DA:215,0
DA:217,0
DA:224,0
DA:235,0
DA:236,0
DA:238,0
DA:239,0
DA:241,0
DA:242,0
DA:243,0
DA:247,0
DA:248,0
DA:249,0
DA:253,0
DA:254,0
DA:262,0
DA:263,0
DA:265,0
DA:272,0
DA:273,0
DA:282,0
DA:283,0
DA:284,0
DA:286,0
DA:293,0
DA:294,0
DA:297,0
DA:298,0
DA:301,0
DA:302,0
DA:305,0
DA:306,0
DA:309,0
DA:310,0
DA:314,0
DA:315,0
DA:316,0
DA:318,0
DA:330,0
DA:333,0
DA:334,0
DA:335,0
DA:340,0
DA:341,0
DA:345,0
DA:346,0
DA:347,0
DA:348,0
DA:351,0
DA:352,0
DA:353,0
DA:357,0
LF:133
LH:0
BRDA:42,0,0,0
BRDA:42,0,1,0
BRDA:53,1,0,0
BRDA:61,2,0,0
BRDA:61,2,1,0
BRDA:68,3,0,0
BRDA:68,3,1,0
BRDA:68,4,0,0
BRDA:68,4,1,0
BRDA:90,5,0,0
BRDA:92,6,0,0
BRDA:92,6,1,0
BRDA:93,7,0,0
BRDA:93,7,1,0
BRDA:100,8,0,0
BRDA:100,8,1,0
BRDA:107,9,0,0
BRDA:107,9,1,0
BRDA:116,10,0,0
BRDA:116,10,1,0
BRDA:135,11,0,0
BRDA:139,12,0,0
BRDA:139,12,1,0
BRDA:157,13,0,0
BRDA:157,13,1,0
BRDA:188,14,0,0
BRDA:190,15,0,0
BRDA:190,15,1,0
BRDA:193,16,0,0
BRDA:193,16,1,0
BRDA:214,17,0,0
BRDA:214,17,1,0
BRDA:242,18,0,0
BRDA:242,18,1,0
BRDA:242,19,0,0
BRDA:242,19,1,0
BRDA:253,20,0,0
BRDA:253,20,1,0
BRDA:262,21,0,0
BRDA:262,21,1,0
BRDA:272,22,0,0
BRDA:272,22,1,0
BRDA:284,23,0,0
BRDA:284,23,1,0
BRDA:293,24,0,0
BRDA:293,24,1,0
BRDA:293,25,0,0
BRDA:293,25,1,0
BRDA:297,26,0,0
BRDA:297,26,1,0
BRDA:301,27,0,0
BRDA:301,27,1,0
BRDA:305,28,0,0
BRDA:305,28,1,0
BRDA:309,29,0,0
BRDA:309,29,1,0
BRDA:347,30,0,0
BRDA:347,30,1,0
BRDA:352,31,0,0
BRDA:352,31,1,0
BRF:60
BRH:0
end_of_record
TN:
SF:src/common/cache/strategies/file.strategy.ts
FN:31,(anonymous_9)
FN:43,(anonymous_10)
FN:54,(anonymous_11)
FN:71,(anonymous_12)
FN:85,(anonymous_13)
FN:122,(anonymous_14)
FN:154,(anonymous_15)
FN:177,(anonymous_16)
FN:197,(anonymous_17)
FN:219,(anonymous_18)
FN:247,(anonymous_19)
FN:274,(anonymous_20)
FN:282,(anonymous_21)
FN:290,(anonymous_22)
FNF:14
FNH:0
FNDA:0,(anonymous_9)
FNDA:0,(anonymous_10)
FNDA:0,(anonymous_11)
FNDA:0,(anonymous_12)
FNDA:0,(anonymous_13)
FNDA:0,(anonymous_14)
FNDA:0,(anonymous_15)
FNDA:0,(anonymous_16)
FNDA:0,(anonymous_17)
FNDA:0,(anonymous_18)
FNDA:0,(anonymous_19)
FNDA:0,(anonymous_20)
FNDA:0,(anonymous_21)
FNDA:0,(anonymous_22)
DA:5,0
DA:6,0
DA:7,0
DA:8,0
DA:24,0
DA:28,0
DA:29,0
DA:32,0
DA:33,0
DA:34,0
DA:36,0
DA:37,0
DA:44,0
DA:45,0
DA:47,0
DA:55,0
DA:57,0
DA:58,0
DA:59,0
DA:60,0
DA:61,0
DA:64,0
DA:72,0
DA:74,0
DA:75,0
DA:76,0
DA:78,0
DA:86,0
DA:88,0
DA:89,0
DA:93,0
DA:94,0
DA:95,0
DA:98,0
DA:100,0
DA:101,0
DA:104,0
DA:105,0
DA:106,0
DA:107,0
DA:108,0
DA:111,0
DA:113,0
DA:114,0
DA:115,0
DA:123,0
DA:124,0
DA:125,0
DA:127,0
DA:134,0
DA:135,0
DA:137,0
DA:142,0
DA:145,0
DA:147,0
DA:155,0
DA:157,0
DA:158,0
DA:161,0
DA:163,0
DA:164,0
DA:165,0
DA:166,0
DA:167,0
DA:169,0
DA:170,0
DA:178,0
DA:179,0
DA:181,0
DA:182,0
DA:183,0
DA:187,0
DA:188,0
DA:190,0
DA:198,0
DA:199,0
DA:201,0
DA:202,0
DA:203,0
DA:207,0
DA:208,0
DA:211,0
DA:212,0
DA:220,0
DA:221,0
DA:222,0
DA:223,0
DA:225,0
DA:226,0
DA:227,0
DA:228,0
DA:229,0
DA:233,0
DA:234,0
DA:235,0
DA:236,0
DA:240,0
DA:245,0
DA:247,0
DA:249,0
DA:250,0
DA:251,0
DA:252,0
DA:255,0
DA:256,0
DA:257,0
DA:258,0
DA:262,0
DA:263,0
DA:267,0
DA:275,0
DA:276,0
DA:283,0
DA:284,0
DA:296,0
DA:297,0
DA:301,0
DA:302,0
DA:303,0
DA:304,0
DA:305,0
DA:307,0
DA:308,0
DA:309,0
DA:311,0
DA:312,0
DA:317,0
LF:127
LH:0
BRDA:31,0,0,0
BRDA:32,1,0,0
BRDA:32,1,1,0
BRDA:33,2,0,0
BRDA:33,2,1,0
BRDA:34,3,0,0
BRDA:34,3,1,0
BRDA:58,4,0,0
BRDA:58,4,1,0
BRDA:88,5,0,0
BRDA:88,5,1,0
BRDA:93,6,0,0
BRDA:93,6,1,0
BRDA:105,7,0,0
BRDA:105,7,1,0
BRDA:125,8,0,0
BRDA:125,8,1,0
BRDA:157,9,0,0
BRDA:157,9,1,0
BRDA:182,10,0,0
BRDA:182,10,1,0
BRDA:202,11,0,0
BRDA:202,11,1,0
BRDA:211,12,0,0
BRDA:211,12,1,0
BRDA:226,13,0,0
BRDA:226,13,1,0
BRDA:234,14,0,0
BRDA:234,14,1,0
BRDA:245,15,0,0
BRDA:245,15,1,0
BRDA:251,16,0,0
BRDA:251,16,1,0
BRDA:255,17,0,0
BRDA:255,17,1,0
BRDA:262,18,0,0
BRDA:262,18,1,0
BRDA:302,19,0,0
BRDA:302,19,1,0
BRDA:308,20,0,0
BRDA:308,20,1,0
BRDA:308,21,0,0
BRDA:308,21,1,0
BRDA:311,22,0,0
BRDA:311,22,1,0
BRDA:311,23,0,0
BRDA:311,23,1,0
BRDA:320,24,0,0
BRDA:320,24,1,0
BRDA:321,25,0,0
BRDA:321,25,1,0
BRF:51
BRH:0
end_of_record
TN:
SF:src/common/cache/strategies/memory.strategy.ts
FN:20,(anonymous_0)
FN:27,(anonymous_1)
FN:36,(anonymous_2)
FN:49,(anonymous_3)
FN:57,(anonymous_4)
FN:64,(anonymous_5)
FN:71,(anonymous_6)
FN:80,(anonymous_7)
FN:87,(anonymous_8)
FN:94,(anonymous_9)
FN:114,(anonymous_10)
FN:150,(anonymous_11)
FNF:12
FNH:0
FNDA:0,(anonymous_0)
FNDA:0,(anonymous_1)
FNDA:0,(anonymous_2)
FNDA:0,(anonymous_3)
FNDA:0,(anonymous_4)
FNDA:0,(anonymous_5)
FNDA:0,(anonymous_6)
FNDA:0,(anonymous_7)
FNDA:0,(anonymous_8)
FNDA:0,(anonymous_9)
FNDA:0,(anonymous_10)
FNDA:0,(anonymous_11)
DA:5,0
DA:15,0
DA:17,0
DA:18,0
DA:21,0
DA:28,0
DA:37,0
DA:38,0
DA:39,0
DA:41,0
DA:43,0
DA:50,0
DA:51,0
DA:58,0
DA:65,0
DA:72,0
DA:73,0
DA:74,0
DA:81,0
DA:88,0
DA:101,0
DA:102,0
DA:115,0
DA:116,0
DA:119,0
DA:120,0
DA:123,0
DA:124,0
DA:127,0
DA:128,0
DA:131,0
DA:132,0
DA:135,0
DA:136,0
DA:140,0
DA:141,0
DA:143,0
DA:151,0
LF:38
LH:0
BRDA:20,0,0,0
BRDA:22,1,0,0
BRDA:22,1,1,0
BRDA:23,2,0,0
BRDA:23,2,1,0
BRDA:24,3,0,0
BRDA:24,3,1,0
BRDA:25,4,0,0
BRDA:25,4,1,0
BRDA:26,5,0,0
BRDA:26,5,1,0
BRDA:38,6,0,0
BRDA:38,6,1,0
BRDA:50,7,0,0
BRDA:50,7,1,0
BRDA:105,8,0,0
BRDA:105,8,1,0
BRDA:107,9,0,0
BRDA:107,9,1,0
BRDA:115,10,0,0
BRDA:115,10,1,0
BRDA:115,11,0,0
BRDA:115,11,1,0
BRDA:119,12,0,0
BRDA:119,12,1,0
BRDA:123,13,0,0
BRDA:123,13,1,0
BRDA:127,14,0,0
BRDA:127,14,1,0
BRDA:131,15,0,0
BRDA:131,15,1,0
BRDA:135,16,0,0
BRDA:135,16,1,0
BRF:33
BRH:0
end_of_record
TN:
SF:src/common/constants/error-codes.ts
FN:208,formatErrorMessage
FN:212,(anonymous_1)
FNF:2
FNH:0
FNDA:0,formatErrorMessage
FNDA:0,(anonymous_1)
DA:5,0
DA:104,0
DA:109,0
DA:208,0
DA:209,0
DA:211,0
DA:212,0
DA:213,0
DA:217,0
LF:9
LH:0
BRDA:209,0,0,0
BRDA:209,0,1,0
BRDA:211,1,0,0
BRDA:211,1,1,0
BRF:4
BRH:0
end_of_record
TN:
SF:src/common/decorators/catch-errors.decorator.ts
FN:12,CatchErrors
FN:17,(anonymous_1)
FN:24,(anonymous_2)
FN:79,CatchClassErrors
FN:83,(anonymous_4)
FN:86,(anonymous_5)
FN:101,(anonymous_6)
FN:140,Validate
FN:141,(anonymous_8)
FN:148,(anonymous_9)
FN:177,Retry
FN:187,(anonymous_11)
FN:194,(anonymous_12)
FN:212,(anonymous_13)
FNF:14
FNH:0
FNDA:0,CatchErrors
FNDA:0,(anonymous_1)
FNDA:0,(anonymous_2)
FNDA:0,CatchClassErrors
FNDA:0,(anonymous_4)
FNDA:0,(anonymous_5)
FNDA:0,(anonymous_6)
FNDA:0,Validate
FNDA:0,(anonymous_8)
FNDA:0,(anonymous_9)
FNDA:0,Retry
FNDA:0,(anonymous_11)
FNDA:0,(anonymous_12)
FNDA:0,(anonymous_13)
DA:5,0
DA:6,0
DA:7,0
DA:12,0
DA:17,0
DA:22,0
DA:24,0
DA:25,0
DA:26,0
DA:29,0
DA:30,0
DA:34,0
DA:41,0
DA:42,0
DA:52,0
DA:53,0
DA:56,0
DA:57,0
DA:61,0
DA:63,0
DA:64,0
DA:67,0
DA:68,0
DA:72,0
DA:79,0
DA:83,0
DA:84,0
DA:86,0
DA:88,0
DA:90,0
DA:93,0
DA:98,0
DA:99,0
DA:101,0
DA:102,0
DA:103,0
DA:105,0
DA:111,0
DA:112,0
DA:114,0
DA:125,0
DA:129,0
DA:133,0
DA:140,0
DA:141,0
DA:146,0
DA:148,0
DA:149,0
DA:151,0
DA:152,0
DA:155,0
DA:159,0
DA:170,0
DA:177,0
DA:183,0
DA:184,0
DA:185,0
DA:187,0
DA:192,0
DA:194,0
DA:197,0
DA:198,0
DA:199,0
DA:201,0
DA:204,0
DA:205,0
DA:209,0
DA:210,0
DA:211,0
DA:212,0
DA:218,0
DA:236,0
LF:72
LH:0
BRDA:29,0,0,0
BRDA:29,0,1,0
BRDA:29,1,0,0
BRDA:29,1,1,0
BRDA:41,2,0,0
BRDA:41,2,1,0
BRDA:43,3,0,0
BRDA:43,3,1,0
BRDA:48,4,0,0
BRDA:48,4,1,0
BRDA:52,5,0,0
BRDA:52,5,1,0
BRDA:63,6,0,0
BRDA:63,6,1,0
BRDA:88,7,0,0
BRDA:88,7,1,0
BRDA:88,8,0,0
BRDA:88,8,1,0
BRDA:98,9,0,0
BRDA:98,9,1,0
BRDA:98,10,0,0
BRDA:98,10,1,0
BRDA:111,11,0,0
BRDA:111,11,1,0
BRDA:115,12,0,0
BRDA:115,12,1,0
BRDA:120,13,0,0
BRDA:120,13,1,0
BRDA:151,14,0,0
BRDA:151,14,1,0
BRDA:155,15,0,0
BRDA:155,15,1,0
BRDA:177,16,0,0
BRDA:183,17,0,0
BRDA:183,17,1,0
BRDA:184,18,0,0
BRDA:184,18,1,0
BRDA:185,19,0,0
BRDA:185,19,1,0
BRDA:204,20,0,0
BRDA:204,20,1,0
BRDA:204,21,0,0
BRDA:204,21,1,0
BRDA:209,22,0,0
BRDA:209,22,1,0
BRDA:210,23,0,0
BRDA:210,23,1,0
BRDA:219,24,0,0
BRDA:219,24,1,0
BRDA:231,25,0,0
BRDA:231,25,1,0
BRF:51
BRH:0
end_of_record
TN:
SF:src/common/decorators/logger.decorator.ts
FN:11,Log
FN:17,(anonymous_1)
FN:25,(anonymous_2)
FN:83,Performance
FN:84,(anonymous_4)
FN:92,(anonymous_5)
FN:128,CacheLog
FN:129,(anonymous_7)
FN:138,(anonymous_8)
FN:179,Audit
FN:180,(anonymous_10)
FN:188,(anonymous_11)
FNF:12
FNH:0
FNDA:0,Log
FNDA:0,(anonymous_1)
FNDA:0,(anonymous_2)
FNDA:0,Performance
FNDA:0,(anonymous_4)
FNDA:0,(anonymous_5)
FNDA:0,CacheLog
FNDA:0,(anonymous_7)
FNDA:0,(anonymous_8)
FNDA:0,Audit
FNDA:0,(anonymous_10)
FNDA:0,(anonymous_11)
DA:5,0
DA:11,0
DA:17,0
DA:22,0
DA:23,0
DA:25,0
DA:26,0
DA:27,0
DA:33,0
DA:35,0
DA:36,0
DA:39,0
DA:41,0
DA:43,0
DA:44,0
DA:47,0
DA:48,0
DA:50,0
DA:51,0
DA:54,0
DA:55,0
DA:61,0
DA:63,0
DA:66,0
DA:67,0
DA:72,0
DA:76,0
DA:83,0
DA:84,0
DA:89,0
DA:90,0
DA:92,0
DA:93,0
DA:94,0
DA:96,0
DA:97,0
DA:98,0
DA:100,0
DA:101,0
DA:109,0
DA:111,0
DA:112,0
DA:117,0
DA:121,0
DA:128,0
DA:129,0
DA:134,0
DA:135,0
DA:136,0
DA:138,0
DA:139,0
DA:140,0
DA:143,0
DA:144,0
DA:149,0
DA:153,0
DA:159,0
DA:160,0
DA:161,0
DA:162,0
DA:164,0
DA:168,0
DA:172,0
DA:179,0
DA:180,0
DA:185,0
DA:186,0
DA:188,0
DA:189,0
DA:192,0
DA:202,0
DA:203,0
DA:205,0
DA:215,0
DA:217,0
DA:226,0
DA:230,0
LF:77
LH:0
BRDA:33,0,0,0
BRDA:33,0,1,0
BRDA:35,1,0,0
BRDA:35,1,1,0
BRDA:50,2,0,0
BRDA:50,2,1,0
BRDA:54,3,0,0
BRDA:54,3,1,0
BRDA:83,4,0,0
BRDA:100,5,0,0
BRDA:100,5,1,0
BRDA:143,6,0,0
BRDA:143,6,1,0
BRF:13
BRH:0
end_of_record
TN:
SF:src/common/exceptions/base.exception.ts
FN:24,(anonymous_0)
FN:49,(anonymous_1)
FN:64,(anonymous_2)
FN:79,(anonymous_3)
FN:123,(anonymous_4)
FN:134,(anonymous_5)
FN:152,(anonymous_6)
FN:170,(anonymous_7)
FN:177,(anonymous_8)
FNF:9
FNH:0
FNDA:0,(anonymous_0)
FNDA:0,(anonymous_1)
FNDA:0,(anonymous_2)
FNDA:0,(anonymous_3)
FNDA:0,(anonymous_4)
FNDA:0,(anonymous_5)
FNDA:0,(anonymous_6)
FNDA:0,(anonymous_7)
FNDA:0,(anonymous_8)
DA:5,0
DA:12,0
DA:13,0
DA:15,0
DA:28,0
DA:30,0
DA:31,0
DA:32,0
DA:33,0
DA:34,0
DA:35,0
DA:36,0
DA:37,0
DA:40,0
DA:43,0
DA:54,0
DA:55,0
DA:65,0
DA:80,0
DA:83,0
DA:86,0
DA:89,0
DA:90,0
DA:94,0
DA:95,0
DA:96,0
DA:98,0
DA:99,0
DA:101,0
DA:102,0
DA:104,0
DA:105,0
DA:110,0
DA:111,0
DA:115,0
DA:116,0
DA:120,0
DA:121,0
DA:122,0
DA:123,0
DA:124,0
DA:128,0
DA:135,0
DA:137,0
DA:139,0
DA:141,0
DA:143,0
DA:145,0
DA:153,0
DA:155,0
DA:157,0
DA:159,0
DA:161,0
DA:163,0
DA:171,0
DA:178,0
LF:56
LH:0
BRDA:26,0,0,0
BRDA:31,1,0,0
BRDA:31,1,1,0
BRDA:32,2,0,0
BRDA:32,2,1,0
BRDA:33,3,0,0
BRDA:33,3,1,0
BRDA:52,4,0,0
BRDA:72,5,0,0
BRDA:72,5,1,0
BRDA:89,6,0,0
BRDA:89,6,1,0
BRDA:94,7,0,0
BRDA:94,7,1,0
BRDA:95,8,0,0
BRDA:95,8,1,0
BRDA:98,9,0,0
BRDA:98,9,1,0
BRDA:101,10,0,0
BRDA:101,10,1,0
BRDA:104,11,0,0
BRDA:104,11,1,0
BRDA:110,12,0,0
BRDA:110,12,1,0
BRDA:115,13,0,0
BRDA:115,13,1,0
BRDA:115,14,0,0
BRDA:115,14,1,0
BRDA:120,15,0,0
BRDA:120,15,1,0
BRDA:120,16,0,0
BRDA:120,16,1,0
BRDA:135,17,0,0
BRDA:135,17,1,0
BRDA:135,17,2,0
BRDA:135,17,3,0
BRDA:135,17,4,0
BRDA:153,18,0,0
BRDA:153,18,1,0
BRDA:153,18,2,0
BRDA:153,18,3,0
BRDA:153,18,4,0
BRF:42
BRH:0
end_of_record
TN:
SF:src/common/exceptions/cli.exception.ts
FN:13,(anonymous_0)
FN:25,(anonymous_1)
FN:39,(anonymous_2)
FN:56,(anonymous_3)
FN:70,(anonymous_4)
FN:88,(anonymous_5)
FN:102,(anonymous_6)
FN:116,(anonymous_7)
FNF:8
FNH:0
FNDA:0,(anonymous_0)
FNDA:0,(anonymous_1)
FNDA:0,(anonymous_2)
FNDA:0,(anonymous_3)
FNDA:0,(anonymous_4)
FNDA:0,(anonymous_5)
FNDA:0,(anonymous_6)
FNDA:0,(anonymous_7)
DA:5,0
DA:6,0
DA:7,0
DA:12,0
DA:14,0
DA:24,0
DA:26,0
DA:38,0
DA:40,0
DA:44,0
DA:55,0
DA:57,0
DA:69,0
DA:71,0
DA:75,0
DA:87,0
DA:89,0
DA:101,0
DA:103,0
DA:115,0
DA:117,0
LF:21
LH:0
BRDA:13,0,0,0
BRDA:16,1,0,0
BRDA:16,1,1,0
BRDA:30,2,0,0
BRDA:30,2,1,0
BRDA:40,3,0,0
BRDA:40,3,1,0
BRDA:71,4,0,0
BRDA:71,4,1,0
BRF:9
BRH:0
end_of_record
TN:
SF:src/common/exceptions/module.exception.ts
FN:13,(anonymous_0)
FN:25,(anonymous_1)
FN:43,(anonymous_2)
FN:57,(anonymous_3)
FN:71,(anonymous_4)
FN:91,(anonymous_5)
FN:106,(anonymous_6)
FN:120,(anonymous_7)
FN:141,(anonymous_8)
FN:155,(anonymous_9)
FNF:10
FNH:0
FNDA:0,(anonymous_0)
FNDA:0,(anonymous_1)
FNDA:0,(anonymous_2)
FNDA:0,(anonymous_3)
FNDA:0,(anonymous_4)
FNDA:0,(anonymous_5)
FNDA:0,(anonymous_6)
FNDA:0,(anonymous_7)
FNDA:0,(anonymous_8)
FNDA:0,(anonymous_9)
DA:5,0
DA:6,0
DA:7,0
DA:12,0
DA:14,0
DA:24,0
DA:26,0
DA:30,0
DA:42,0
DA:44,0
DA:56,0
DA:58,0
DA:70,0
DA:72,0
DA:73,0
DA:90,0
DA:92,0
DA:93,0
DA:105,0
DA:107,0
DA:119,0
DA:121,0
DA:125,0
DA:140,0
DA:142,0
DA:154,0
DA:156,0
LF:27
LH:0
BRDA:13,0,0,0
BRDA:16,1,0,0
BRDA:16,1,1,0
BRDA:26,2,0,0
BRDA:26,2,1,0
BRDA:71,3,0,0
BRDA:72,4,0,0
BRDA:72,4,1,0
BRDA:80,5,0,0
BRDA:80,5,1,0
BRDA:121,6,0,0
BRDA:121,6,1,0
BRF:12
BRH:0
end_of_record
TN:
SF:src/common/filters/cli-exception.filter.ts
FN:14,(anonymous_0)
FN:21,(anonymous_1)
FN:31,(anonymous_2)
FN:38,(anonymous_3)
FN:45,(anonymous_4)
FN:62,(anonymous_5)
FN:74,(anonymous_6)
FN:77,(anonymous_7)
FN:89,(anonymous_8)
FN:91,(anonymous_9)
FN:98,(anonymous_10)
FN:107,(anonymous_11)
FN:116,(anonymous_12)
FN:122,(anonymous_13)
FN:132,(anonymous_14)
FN:151,(anonymous_15)
FN:165,(anonymous_16)
FN:178,(anonymous_17)
FN:198,(anonymous_18)
FN:209,(anonymous_19)
FN:217,(anonymous_20)
FNF:21
FNH:0
FNDA:0,(anonymous_0)
FNDA:0,(anonymous_1)
FNDA:0,(anonymous_2)
FNDA:0,(anonymous_3)
FNDA:0,(anonymous_4)
FNDA:0,(anonymous_5)
FNDA:0,(anonymous_6)
FNDA:0,(anonymous_7)
FNDA:0,(anonymous_8)
FNDA:0,(anonymous_9)
FNDA:0,(anonymous_10)
FNDA:0,(anonymous_11)
FNDA:0,(anonymous_12)
FNDA:0,(anonymous_13)
FNDA:0,(anonymous_14)
FNDA:0,(anonymous_15)
FNDA:0,(anonymous_16)
FNDA:0,(anonymous_17)
FNDA:0,(anonymous_18)
FNDA:0,(anonymous_19)
FNDA:0,(anonymous_20)
DA:5,0
DA:6,0
DA:7,0
DA:9,0
DA:11,0
DA:12,0
DA:15,0
DA:22,0
DA:23,0
DA:25,0
DA:32,0
DA:39,0
DA:47,0
DA:50,0
DA:51,0
DA:52,0
DA:53,0
DA:55,0
DA:63,0
DA:64,0
DA:66,0
DA:67,0
DA:77,0
DA:78,0
DA:79,0
DA:81,0
DA:91,0
DA:92,0
DA:93,0
DA:94,0
DA:98,0
DA:99,0
DA:100,0
DA:101,0
DA:102,0
DA:107,0
DA:108,0
DA:109,0
DA:110,0
DA:111,0
DA:116,0
DA:117,0
DA:118,0
DA:119,0
DA:122,0
DA:123,0
DA:124,0
DA:125,0
DA:134,0
DA:137,0
DA:138,0
DA:142,0
DA:144,0
DA:152,0
DA:155,0
DA:156,0
DA:157,0
DA:158,0
DA:162,0
DA:163,0
DA:164,0
DA:165,0
DA:166,0
DA:170,0
DA:171,0
DA:179,0
DA:181,0
DA:182,0
DA:183,0
DA:184,0
DA:186,0
DA:190,0
DA:191,0
DA:200,0
DA:201,0
DA:202,0
DA:211,0
DA:218,0
DA:221,0
DA:222,0
DA:223,0
DA:226,0
DA:231,0
LF:83
LH:0
BRDA:22,0,0,0
BRDA:22,0,1,0
BRDA:50,1,0,0
BRDA:50,1,1,0
BRDA:52,2,0,0
BRDA:52,2,1,0
BRDA:101,3,0,0
BRDA:101,3,1,0
BRDA:110,4,0,0
BRDA:110,4,1,0
BRDA:110,5,0,0
BRDA:110,5,1,0
BRDA:137,6,0,0
BRDA:137,6,1,0
BRDA:137,7,0,0
BRDA:137,7,1,0
BRDA:142,8,0,0
BRDA:142,8,1,0
BRDA:142,9,0,0
BRDA:142,9,1,0
BRDA:142,9,2,0
BRDA:144,10,0,0
BRDA:144,10,1,0
BRDA:155,11,0,0
BRDA:155,11,1,0
BRDA:157,12,0,0
BRDA:157,12,1,0
BRDA:162,13,0,0
BRDA:162,13,1,0
BRDA:162,14,0,0
BRDA:162,14,1,0
BRDA:162,14,2,0
BRDA:170,15,0,0
BRDA:170,15,1,0
BRDA:181,16,0,0
BRDA:181,16,1,0
BRDA:181,17,0,0
BRDA:181,17,1,0
BRDA:190,18,0,0
BRDA:190,18,1,0
BRDA:200,19,0,0
BRDA:200,19,1,0
BRDA:217,20,0,0
BRDA:221,21,0,0
BRDA:221,21,1,0
BRF:45
BRH:0
end_of_record
TN:
SF:src/common/filters/global-exception.filter.ts
FN:12,(anonymous_1)
FN:40,(anonymous_2)
FN:48,(anonymous_3)
FN:74,(anonymous_4)
FN:88,(anonymous_5)
FN:116,(anonymous_6)
FN:125,(anonymous_7)
FN:131,(anonymous_8)
FN:140,(anonymous_9)
FN:152,(anonymous_10)
FN:182,(anonymous_11)
FNF:11
FNH:0
FNDA:0,(anonymous_1)
FNDA:0,(anonymous_2)
FNDA:0,(anonymous_3)
FNDA:0,(anonymous_4)
FNDA:0,(anonymous_5)
FNDA:0,(anonymous_6)
FNDA:0,(anonymous_7)
FNDA:0,(anonymous_8)
FNDA:0,(anonymous_9)
FNDA:0,(anonymous_10)
FNDA:0,(anonymous_11)
DA:5,0
DA:6,0
DA:7,0
DA:8,0
DA:11,0
DA:14,0
DA:15,0
DA:16,0
DA:20,0
DA:21,0
DA:22,0
DA:24,0
DA:25,0
DA:29,0
DA:30,0
DA:33,0
DA:42,0
DA:50,0
DA:51,0
DA:52,0
DA:56,0
DA:57,0
DA:58,0
DA:62,0
DA:63,0
DA:64,0
DA:68,0
DA:76,0
DA:79,0
DA:80,0
DA:81,0
DA:89,0
DA:101,0
DA:103,0
DA:105,0
DA:106,0
DA:109,0
DA:110,0
DA:113,0
DA:114,0
DA:115,0
DA:116,0
DA:117,0
DA:126,0
DA:128,0
DA:129,0
DA:130,0
DA:131,0
DA:132,0
DA:141,0
DA:143,0
DA:144,0
DA:145,0
DA:153,0
DA:154,0
DA:161,0
DA:162,0
DA:163,0
DA:171,0
DA:183,0
LF:60
LH:0
BRDA:14,0,0,0
BRDA:14,0,1,0
BRDA:24,1,0,0
BRDA:24,1,1,0
BRDA:24,2,0,0
BRDA:24,2,1,0
BRDA:25,3,0,0
BRDA:25,3,1,0
BRDA:50,4,0,0
BRDA:50,4,1,0
BRDA:56,5,0,0
BRDA:56,5,1,0
BRDA:62,6,0,0
BRDA:62,6,1,0
BRDA:79,7,0,0
BRDA:79,7,1,0
BRDA:101,8,0,0
BRDA:101,8,1,0
BRDA:101,9,0,0
BRDA:101,9,1,0
BRDA:105,10,0,0
BRDA:105,10,1,0
BRDA:109,11,0,0
BRDA:109,11,1,0
BRDA:113,12,0,0
BRDA:113,12,1,0
BRDA:113,13,0,0
BRDA:113,13,1,0
BRDA:128,14,0,0
BRDA:128,14,1,0
BRDA:128,15,0,0
BRDA:128,15,1,0
BRDA:143,16,0,0
BRDA:143,16,1,0
BRDA:153,17,0,0
BRDA:153,17,1,0
BRDA:161,18,0,0
BRDA:161,18,1,0
BRDA:164,19,0,0
BRDA:164,19,1,0
BRDA:183,20,0,0
BRDA:183,20,1,0
BRDA:183,20,2,0
BRF:43
BRH:0
end_of_record
TN:
SF:src/common/io/file-manager.service.ts
FN:34,(anonymous_11)
FN:42,(anonymous_12)
FN:69,(anonymous_13)
FN:70,(anonymous_14)
FN:91,(anonymous_15)
FN:126,(anonymous_16)
FN:142,(anonymous_17)
FN:143,(anonymous_18)
FN:156,(anonymous_19)
FN:176,(anonymous_20)
FN:190,(anonymous_21)
FN:191,(anonymous_22)
FN:200,(anonymous_23)
FN:214,(anonymous_24)
FN:215,(anonymous_25)
FN:228,(anonymous_26)
FN:240,(anonymous_27)
FN:248,search
FN:253,(anonymous_29)
FN:285,(anonymous_30)
FN:288,calculateSize
FN:291,(anonymous_32)
FN:312,(anonymous_33)
FN:321,scan
FN:324,(anonymous_35)
FN:328,(anonymous_36)
FN:366,(anonymous_37)
FN:378,(anonymous_38)
FN:389,(anonymous_39)
FN:402,(anonymous_40)
FN:89,(anonymous_41)
FN:154,(anonymous_42)
FN:226,(anonymous_43)
FN:376,(anonymous_44)
FNF:34
FNH:0
FNDA:0,(anonymous_11)
FNDA:0,(anonymous_12)
FNDA:0,(anonymous_13)
FNDA:0,(anonymous_14)
FNDA:0,(anonymous_15)
FNDA:0,(anonymous_16)
FNDA:0,(anonymous_17)
FNDA:0,(anonymous_18)
FNDA:0,(anonymous_19)
FNDA:0,(anonymous_20)
FNDA:0,(anonymous_21)
FNDA:0,(anonymous_22)
FNDA:0,(anonymous_23)
FNDA:0,(anonymous_24)
FNDA:0,(anonymous_25)
FNDA:0,(anonymous_26)
FNDA:0,(anonymous_27)
FNDA:0,search
FNDA:0,(anonymous_29)
FNDA:0,(anonymous_30)
FNDA:0,calculateSize
FNDA:0,(anonymous_32)
FNDA:0,(anonymous_33)
FNDA:0,scan
FNDA:0,(anonymous_35)
FNDA:0,(anonymous_36)
FNDA:0,(anonymous_37)
FNDA:0,(anonymous_38)
FNDA:0,(anonymous_39)
FNDA:0,(anonymous_40)
FNDA:0,(anonymous_41)
FNDA:0,(anonymous_42)
FNDA:0,(anonymous_43)
FNDA:0,(anonymous_44)
DA:5,0
DA:6,0
DA:7,0
DA:8,0
DA:9,0
DA:10,0
DA:11,0
DA:12,0
DA:29,0
DA:31,0
DA:32,0
DA:35,0
DA:42,0
DA:51,0
DA:53,0
DA:55,0
DA:56,0
DA:57,0
DA:58,0
DA:59,0
DA:61,0
DA:64,0
DA:68,0
DA:69,0
DA:70,0
DA:71,0
DA:72,0
DA:73,0
DA:75,0
DA:80,0
DA:89,0
DA:91,0
DA:95,0
DA:97,0
DA:99,0
DA:100,0
DA:102,0
DA:103,0
DA:104,0
DA:109,0
DA:112,0
DA:113,0
DA:114,0
DA:120,0
DA:130,0
DA:132,0
DA:134,0
DA:135,0
DA:137,0
DA:141,0
DA:142,0
DA:143,0
DA:146,0
DA:154,0
DA:156,0
DA:161,0
DA:164,0
DA:167,0
DA:170,0
DA:180,0
DA:182,0
DA:183,0
DA:184,0
DA:186,0
DA:189,0
DA:190,0
DA:191,0
DA:194,0
DA:204,0
DA:206,0
DA:207,0
DA:208,0
DA:210,0
DA:213,0
DA:214,0
DA:215,0
DA:218,0
DA:226,0
DA:228,0
DA:229,0
DA:230,0
DA:240,0
DA:245,0
DA:246,0
DA:249,0
DA:251,0
DA:253,0
DA:254,0
DA:256,0
DA:257,0
DA:258,0
DA:260,0
DA:261,0
DA:265,0
DA:266,0
DA:271,0
DA:274,0
DA:275,0
DA:285,0
DA:286,0
DA:289,0
DA:291,0
DA:292,0
DA:294,0
DA:295,0
DA:296,0
DA:297,0
DA:298,0
DA:302,0
DA:305,0
DA:306,0
DA:317,0
DA:318,0
DA:319,0
DA:322,0
DA:324,0
DA:325,0
DA:328,0
DA:329,0
DA:331,0
DA:332,0
DA:333,0
DA:334,0
DA:335,0
DA:337,0
DA:338,0
DA:340,0
DA:341,0
DA:347,0
DA:350,0
DA:352,0
DA:353,0
DA:356,0
DA:366,0
DA:367,0
DA:368,0
DA:376,0
DA:378,0
DA:379,0
DA:383,0
DA:393,0
DA:403,0
DA:404,0
DA:405,0
DA:406,0
DA:407,0
DA:408,0
LF:147
LH:0
BRDA:44,0,0,0
BRDA:47,1,0,0
BRDA:48,2,0,0
BRDA:49,3,0,0
BRDA:50,4,0,0
BRDA:53,5,0,0
BRDA:53,5,1,0
BRDA:93,6,0,0
BRDA:95,7,0,0
BRDA:95,8,0,0
BRDA:97,9,0,0
BRDA:97,9,1,0
BRDA:102,10,0,0
BRDA:102,10,1,0
BRDA:102,11,0,0
BRDA:102,11,1,0
BRDA:112,12,0,0
BRDA:112,12,1,0
BRDA:128,13,0,0
BRDA:130,14,0,0
BRDA:130,15,0,0
BRDA:132,16,0,0
BRDA:132,16,1,0
BRDA:159,17,0,0
BRDA:161,18,0,0
BRDA:178,19,0,0
BRDA:180,20,0,0
BRDA:180,21,0,0
BRDA:182,22,0,0
BRDA:182,22,1,0
BRDA:202,23,0,0
BRDA:204,24,0,0
BRDA:204,25,0,0
BRDA:206,26,0,0
BRDA:206,26,1,0
BRDA:243,27,0,0
BRDA:245,28,0,0
BRDA:245,29,0,0
BRDA:249,30,0,0
BRDA:249,30,1,0
BRDA:256,31,0,0
BRDA:256,31,1,0
BRDA:257,32,0,0
BRDA:257,32,1,0
BRDA:260,33,0,0
BRDA:260,33,1,0
BRDA:261,34,0,0
BRDA:261,34,1,0
BRDA:265,35,0,0
BRDA:265,35,1,0
BRDA:294,36,0,0
BRDA:294,36,1,0
BRDA:296,37,0,0
BRDA:296,37,1,0
BRDA:315,38,0,0
BRDA:317,39,0,0
BRDA:317,40,0,0
BRDA:329,41,0,0
BRDA:329,41,1,0
BRDA:331,42,0,0
BRDA:331,42,1,0
BRDA:333,43,0,0
BRDA:333,43,1,0
BRDA:337,44,0,0
BRDA:337,44,1,0
BRDA:340,45,0,0
BRDA:340,45,1,0
BRDA:352,46,0,0
BRDA:352,46,1,0
BRDA:353,47,0,0
BRDA:353,47,1,0
BRDA:378,48,0,0
BRDA:379,49,0,0
BRDA:379,49,1,0
BRDA:45,50,0,0
BRDA:45,50,1,0
BRDA:45,51,0,0
BRDA:45,51,1,0
BRDA:94,52,0,0
BRDA:94,52,1,0
BRDA:94,53,0,0
BRDA:94,53,1,0
BRDA:160,54,0,0
BRDA:160,54,1,0
BRDA:160,55,0,0
BRDA:160,55,1,0
BRDA:228,56,0,0
BRDA:228,56,1,0
BRDA:228,57,0,0
BRDA:228,57,1,0
BRDA:244,58,0,0
BRDA:244,58,1,0
BRDA:244,59,0,0
BRDA:244,59,1,0
BRDA:285,60,0,0
BRDA:285,60,1,0
BRDA:285,61,0,0
BRDA:285,61,1,0
BRDA:366,62,0,0
BRDA:366,62,1,0
BRDA:366,63,0,0
BRDA:366,63,1,0
BRDA:378,64,0,0
BRDA:378,64,1,0
BRDA:378,65,0,0
BRDA:378,65,1,0
BRF:106
BRH:0
end_of_record
TN:
SF:src/common/io/stream-processor.ts
FN:27,(anonymous_9)
FN:54,(anonymous_10)
FN:77,(anonymous_11)
FN:113,(anonymous_12)
FN:152,(anonymous_13)
FN:156,(anonymous_14)
FN:170,(anonymous_15)
FN:216,(anonymous_16)
FN:225,(anonymous_17)
FN:240,(anonymous_18)
FN:253,(anonymous_19)
FN:290,(anonymous_20)
FN:298,(anonymous_21)
FN:299,(anonymous_22)
FN:300,(anonymous_23)
FN:308,(anonymous_24)
FN:327,(anonymous_25)
FN:337,(anonymous_26)
FNF:18
FNH:0
FNDA:0,(anonymous_9)
FNDA:0,(anonymous_10)
FNDA:0,(anonymous_11)
FNDA:0,(anonymous_12)
FNDA:0,(anonymous_13)
FNDA:0,(anonymous_14)
FNDA:0,(anonymous_15)
FNDA:0,(anonymous_16)
FNDA:0,(anonymous_17)
FNDA:0,(anonymous_18)
FNDA:0,(anonymous_19)
FNDA:0,(anonymous_20)
FNDA:0,(anonymous_21)
FNDA:0,(anonymous_22)
FNDA:0,(anonymous_23)
FNDA:0,(anonymous_24)
FNDA:0,(anonymous_25)
FNDA:0,(anonymous_26)
DA:5,0
DA:6,0
DA:7,0
DA:8,0
DA:9,0
DA:10,0
DA:11,0
DA:13,0
DA:21,0
DA:22,0
DA:32,0
DA:34,0
DA:35,0
DA:40,0
DA:42,0
DA:43,0
DA:44,0
DA:47,0
DA:48,0
DA:60,0
DA:62,0
DA:63,0
DA:65,0
DA:69,0
DA:71,0
DA:82,0
DA:84,0
DA:85,0
DA:88,0
DA:90,0
DA:91,0
DA:93,0
DA:94,0
DA:96,0
DA:97,0
DA:100,0
DA:102,0
DA:103,0
DA:104,0
DA:106,0
DA:107,0
DA:119,0
DA:120,0
DA:121,0
DA:122,0
DA:125,0
DA:127,0
DA:128,0
DA:131,0
DA:133,0
DA:134,0
DA:136,0
DA:137,0
DA:139,0
DA:140,0
DA:143,0
DA:145,0
DA:146,0
DA:155,0
DA:157,0
DA:158,0
DA:159,0
DA:161,0
DA:175,0
DA:176,0
DA:177,0
DA:179,0
DA:183,0
DA:184,0
DA:185,0
DA:187,0
DA:188,0
DA:189,0
DA:190,0
DA:193,0
DA:194,0
DA:195,0
DA:197,0
DA:198,0
DA:201,0
DA:202,0
DA:205,0
DA:206,0
DA:209,0
DA:210,0
DA:220,0
DA:222,0
DA:223,0
DA:225,0
DA:226,0
DA:227,0
DA:228,0
DA:232,0
DA:234,0
DA:245,0
DA:246,0
DA:247,0
DA:249,0
DA:253,0
DA:254,0
DA:256,0
DA:258,0
DA:260,0
DA:261,0
DA:262,0
DA:265,0
DA:267,0
DA:275,0
DA:276,0
DA:277,0
DA:278,0
DA:283,0
DA:284,0
DA:294,0
DA:295,0
DA:296,0
DA:298,0
DA:299,0
DA:300,0
DA:301,0
DA:313,0
DA:314,0
DA:315,0
DA:318,0
DA:320,0
DA:321,0
DA:322,0
DA:323,0
DA:324,0
DA:326,0
DA:327,0
DA:328,0
DA:330,0
DA:333,0
DA:336,0
DA:337,0
DA:339,0
DA:343,0
LF:138
LH:0
BRDA:30,0,0,0
BRDA:32,1,0,0
BRDA:58,2,0,0
BRDA:60,3,0,0
BRDA:65,4,0,0
BRDA:65,4,1,0
BRDA:80,5,0,0
BRDA:82,6,0,0
BRDA:82,6,1,0
BRDA:82,7,0,0
BRDA:82,7,1,0
BRDA:88,8,0,0
BRDA:88,8,1,0
BRDA:88,8,2,0
BRDA:119,9,0,0
BRDA:119,9,1,0
BRDA:120,10,0,0
BRDA:120,10,1,0
BRDA:121,11,0,0
BRDA:121,11,1,0
BRDA:125,12,0,0
BRDA:125,12,1,0
BRDA:131,13,0,0
BRDA:131,13,1,0
BRDA:131,13,2,0
BRDA:175,14,0,0
BRDA:175,14,1,0
BRDA:188,15,0,0
BRDA:188,15,1,0
BRDA:188,16,0,0
BRDA:188,16,1,0
BRDA:189,17,0,0
BRDA:189,17,1,0
BRDA:205,18,0,0
BRDA:205,18,1,0
BRDA:243,19,0,0
BRDA:245,20,0,0
BRDA:245,21,0,0
BRDA:249,22,0,0
BRDA:249,22,1,0
BRDA:256,23,0,0
BRDA:256,23,1,0
BRDA:256,24,0,0
BRDA:256,24,1,0
BRDA:260,25,0,0
BRDA:260,25,1,0
BRDA:275,26,0,0
BRDA:275,26,1,0
BRDA:277,27,0,0
BRDA:277,27,1,0
BRDA:292,28,0,0
BRDA:310,29,0,0
BRDA:311,30,0,0
BRDA:320,31,0,0
BRDA:320,31,1,0
BRDA:336,32,0,0
BRDA:336,32,1,0
BRF:57
BRH:0
end_of_record
TN:
SF:src/common/logger/logger.config.ts
FN:5,(anonymous_0)
FN:85,getLogLevelName
FN:105,parseLogLevel
FNF:3
FNH:0
FNDA:0,(anonymous_0)
FNDA:0,getLogLevelName
FNDA:0,parseLogLevel
DA:5,0
DA:6,0
DA:7,0
DA:8,0
DA:9,0
DA:10,0
DA:11,0
DA:69,0
DA:85,0
DA:86,0
DA:88,0
DA:90,0
DA:92,0
DA:94,0
DA:96,0
DA:98,0
DA:105,0
DA:106,0
DA:108,0
DA:110,0
DA:113,0
DA:115,0
DA:117,0
DA:119,0
DA:121,0
LF:25
LH:0
BRDA:5,0,0,0
BRDA:5,0,1,0
BRDA:70,1,0,0
BRDA:70,1,1,0
BRDA:86,2,0,0
BRDA:86,2,1,0
BRDA:86,2,2,0
BRDA:86,2,3,0
BRDA:86,2,4,0
BRDA:86,2,5,0
BRDA:106,3,0,0
BRDA:106,3,1,0
BRDA:106,3,2,0
BRDA:106,3,3,0
BRDA:106,3,4,0
BRDA:106,3,5,0
BRDA:106,3,6,0
BRDA:106,3,7,0
BRF:18
BRH:0
end_of_record
TN:
SF:src/common/logger/logger.service.ts
FN:25,(anonymous_2)
FN:40,(anonymous_3)
FN:50,(anonymous_4)
FN:76,(anonymous_5)
FN:96,(anonymous_6)
FN:108,(anonymous_7)
FN:116,(anonymous_8)
FN:123,(anonymous_9)
FN:130,(anonymous_10)
FN:137,(anonymous_11)
FN:145,(anonymous_12)
FN:153,(anonymous_13)
FN:186,(anonymous_14)
FN:218,(anonymous_15)
FN:232,(anonymous_16)
FN:245,(anonymous_17)
FNF:16
FNH:0
FNDA:0,(anonymous_2)
FNDA:0,(anonymous_3)
FNDA:0,(anonymous_4)
FNDA:0,(anonymous_5)
FNDA:0,(anonymous_6)
FNDA:0,(anonymous_7)
FNDA:0,(anonymous_8)
FNDA:0,(anonymous_9)
FNDA:0,(anonymous_10)
FNDA:0,(anonymous_11)
FNDA:0,(anonymous_12)
FNDA:0,(anonymous_13)
FNDA:0,(anonymous_14)
FNDA:0,(anonymous_15)
FNDA:0,(anonymous_16)
FNDA:0,(anonymous_17)
DA:5,0
DA:6,0
DA:14,0
DA:15,0
DA:18,0
DA:26,0
DA:28,0
DA:29,0
DA:31,0
DA:34,0
DA:41,0
DA:42,0
DA:44,0
DA:51,0
DA:54,0
DA:55,0
DA:58,0
DA:59,0
DA:62,0
DA:63,0
DA:66,0
DA:67,0
DA:70,0
DA:77,0
DA:78,0
DA:84,0
DA:85,0
DA:97,0
DA:98,0
DA:100,0
DA:102,0
DA:109,0
DA:110,0
DA:117,0
DA:124,0
DA:131,0
DA:138,0
DA:139,0
DA:146,0
DA:147,0
DA:160,0
DA:161,0
DA:165,0
DA:174,0
DA:175,0
DA:178,0
DA:179,0
DA:191,0
DA:193,0
DA:194,0
DA:195,0
DA:197,0
DA:202,0
DA:204,0
DA:206,0
DA:211,0
DA:219,0
DA:223,0
DA:233,0
DA:234,0
DA:237,0
DA:238,0
DA:246,0
DA:248,0
DA:249,0
DA:257,0
LF:66
LH:0
BRDA:28,0,0,0
BRDA:28,0,1,0
BRDA:41,1,0,0
BRDA:41,1,1,0
BRDA:54,2,0,0
BRDA:54,2,1,0
BRDA:58,3,0,0
BRDA:58,3,1,0
BRDA:62,4,0,0
BRDA:62,4,1,0
BRDA:66,5,0,0
BRDA:66,5,1,0
BRDA:77,6,0,0
BRDA:77,6,1,0
BRDA:84,7,0,0
BRDA:84,7,1,0
BRDA:84,8,0,0
BRDA:84,8,1,0
BRDA:97,9,0,0
BRDA:97,9,1,0
BRDA:138,10,0,0
BRDA:138,10,1,0
BRDA:146,11,0,0
BRDA:146,11,1,0
BRDA:160,12,0,0
BRDA:160,12,1,0
BRDA:174,13,0,0
BRDA:174,13,1,0
BRDA:178,14,0,0
BRDA:178,14,1,0
BRDA:219,15,0,0
BRDA:219,15,1,0
BRDA:233,16,0,0
BRDA:233,16,1,0
BRDA:237,17,0,0
BRDA:237,17,1,0
BRDA:248,18,0,0
BRDA:248,18,1,0
BRF:38
BRH:0
end_of_record
TN:
SF:src/common/logger/formatters/cli.formatter.ts
FN:25,(anonymous_0)
FN:30,(anonymous_1)
FN:56,(anonymous_2)
FN:72,(anonymous_3)
FN:84,(anonymous_4)
FN:99,(anonymous_5)
FN:123,(anonymous_6)
FN:135,(anonymous_7)
FN:145,(anonymous_8)
FNF:9
FNH:0
FNDA:0,(anonymous_0)
FNDA:0,(anonymous_1)
FNDA:0,(anonymous_2)
FNDA:0,(anonymous_3)
FNDA:0,(anonymous_4)
FNDA:0,(anonymous_5)
FNDA:0,(anonymous_6)
FNDA:0,(anonymous_7)
FNDA:0,(anonymous_8)
DA:5,0
DA:6,0
DA:8,0
DA:9,0
DA:17,0
DA:25,0
DA:31,0
DA:34,0
DA:35,0
DA:36,0
DA:40,0
DA:41,0
DA:44,0
DA:45,0
DA:46,0
DA:47,0
DA:52,0
DA:55,0
DA:56,0
DA:57,0
DA:61,0
DA:62,0
DA:63,0
DA:66,0
DA:73,0
DA:74,0
DA:75,0
DA:76,0
DA:78,0
DA:85,0
DA:86,0
DA:88,0
DA:89,0
DA:90,0
DA:93,0
DA:100,0
DA:102,0
DA:103,0
DA:106,0
DA:107,0
DA:110,0
DA:112,0
DA:113,0
DA:117,0
DA:124,0
DA:125,0
DA:128,0
DA:129,0
DA:136,0
DA:139,0
DA:140,0
DA:143,0
DA:144,0
DA:145,0
DA:146,0
DA:147,0
DA:151,0
LF:57
LH:0
BRDA:25,0,0,0
BRDA:25,1,0,0
BRDA:35,2,0,0
BRDA:35,2,1,0
BRDA:36,3,0,0
BRDA:36,3,1,0
BRDA:44,4,0,0
BRDA:44,4,1,0
BRDA:46,5,0,0
BRDA:46,5,1,0
BRDA:47,6,0,0
BRDA:47,6,1,0
BRDA:55,7,0,0
BRDA:55,7,1,0
BRDA:55,8,0,0
BRDA:55,8,1,0
BRDA:57,9,0,0
BRDA:57,9,1,0
BRDA:62,10,0,0
BRDA:62,10,1,0
BRDA:86,11,0,0
BRDA:86,11,1,0
BRDA:88,12,0,0
BRDA:88,12,1,0
BRDA:102,13,0,0
BRDA:102,13,1,0
BRDA:106,14,0,0
BRDA:106,14,1,0
BRDA:110,15,0,0
BRDA:110,15,1,0
BRDA:110,16,0,0
BRDA:110,16,1,0
BRDA:112,17,0,0
BRDA:112,17,1,0
BRDA:117,18,0,0
BRDA:117,18,1,0
BRDA:124,19,0,0
BRDA:124,19,1,0
BRDA:129,20,0,0
BRDA:129,20,1,0
BRDA:140,21,0,0
BRDA:140,21,1,0
BRDA:143,22,0,0
BRDA:143,22,1,0
BRDA:143,23,0,0
BRDA:143,23,1,0
BRDA:147,24,0,0
BRDA:147,24,1,0
BRF:48
BRH:0
end_of_record
TN:
SF:src/common/logger/formatters/json.formatter.ts
FN:11,(anonymous_0)
FN:40,(anonymous_1)
FN:41,(anonymous_2)
FNF:3
FNH:0
FNDA:0,(anonymous_0)
FNDA:0,(anonymous_1)
FNDA:0,(anonymous_2)
DA:5,0
DA:7,0
DA:12,0
DA:18,0
DA:19,0
DA:22,0
DA:23,0
DA:26,0
DA:27,0
DA:34,0
DA:41,0
LF:11
LH:0
BRDA:18,0,0,0
BRDA:18,0,1,0
BRDA:22,1,0,0
BRDA:22,1,1,0
BRDA:22,2,0,0
BRDA:22,2,1,0
BRDA:26,3,0,0
BRDA:26,3,1,0
BRF:8
BRH:0
end_of_record
TN:
SF:src/common/logger/transports/console.transport.ts
FN:11,(anonymous_0)
FN:18,(anonymous_1)
FN:34,(anonymous_2)
FN:35,(anonymous_3)
FN:41,(anonymous_4)
FNF:5
FNH:0
FNDA:0,(anonymous_0)
FNDA:0,(anonymous_1)
FNDA:0,(anonymous_2)
FNDA:0,(anonymous_3)
FNDA:0,(anonymous_4)
DA:5,0
DA:6,0
DA:8,0
DA:12,0
DA:19,0
DA:22,0
DA:23,0
DA:24,0
DA:25,0
DA:27,0
DA:35,0
LF:11
LH:0
BRDA:11,0,0,0
BRDA:11,1,0,0
BRDA:22,2,0,0
BRDA:22,2,1,0
BRDA:24,3,0,0
BRDA:24,3,1,0
BRF:6
BRH:0
end_of_record
TN:
SF:src/common/logger/transports/file.transport.ts
FN:33,(anonymous_10)
FN:53,(anonymous_11)
FN:64,(anonymous_12)
FN:76,(anonymous_13)
FN:87,(anonymous_14)
FN:95,(anonymous_15)
FN:105,(anonymous_16)
FN:118,(anonymous_17)
FN:147,(anonymous_18)
FN:155,(anonymous_19)
FN:156,(anonymous_20)
FN:160,(anonymous_21)
FN:167,(anonymous_22)
FN:173,(anonymous_23)
FN:184,(anonymous_24)
FN:185,(anonymous_25)
FN:193,(anonymous_26)
FNF:17
FNH:0
FNDA:0,(anonymous_10)
FNDA:0,(anonymous_11)
FNDA:0,(anonymous_12)
FNDA:0,(anonymous_13)
FNDA:0,(anonymous_14)
FNDA:0,(anonymous_15)
FNDA:0,(anonymous_16)
FNDA:0,(anonymous_17)
FNDA:0,(anonymous_18)
FNDA:0,(anonymous_19)
FNDA:0,(anonymous_20)
FNDA:0,(anonymous_21)
FNDA:0,(anonymous_22)
FNDA:0,(anonymous_23)
FNDA:0,(anonymous_24)
FNDA:0,(anonymous_25)
FNDA:0,(anonymous_26)
DA:5,0
DA:6,0
DA:8,0
DA:10,0
DA:13,0
DA:14,0
DA:15,0
DA:19,0
DA:20,0
DA:21,0
DA:22,0
DA:23,0
DA:25,0
DA:26,0
DA:27,0
DA:34,0
DA:36,0
DA:37,0
DA:40,0
DA:41,0
DA:42,0
DA:44,0
DA:48,0
DA:53,0
DA:54,0
DA:57,0
DA:65,0
DA:68,0
DA:69,0
DA:77,0
DA:79,0
DA:80,0
DA:88,0
DA:89,0
DA:92,0
DA:93,0
DA:95,0
DA:96,0
DA:97,0
DA:100,0
DA:101,0
DA:105,0
DA:106,0
DA:107,0
DA:109,0
DA:119,0
DA:121,0
DA:122,0
DA:126,0
DA:127,0
DA:129,0
DA:130,0
DA:134,0
DA:137,0
DA:138,0
DA:140,0
DA:148,0
DA:149,0
DA:150,0
DA:153,0
DA:154,0
DA:155,0
DA:156,0
DA:159,0
DA:161,0
DA:162,0
DA:163,0
DA:167,0
DA:170,0
DA:171,0
DA:172,0
DA:173,0
DA:177,0
DA:185,0
DA:186,0
DA:195,0
DA:196,0
DA:200,0
DA:203,0
DA:204,0
LF:80
LH:0
BRDA:20,0,0,0
BRDA:21,1,0,0
BRDA:22,2,0,0
BRDA:23,3,0,0
BRDA:68,4,0,0
BRDA:68,4,1,0
BRDA:79,5,0,0
BRDA:79,5,1,0
BRDA:88,6,0,0
BRDA:88,6,1,0
BRDA:88,7,0,0
BRDA:88,7,1,0
BRDA:100,8,0,0
BRDA:100,8,1,0
BRDA:106,9,0,0
BRDA:106,9,1,0
BRDA:121,10,0,0
BRDA:121,10,1,0
BRDA:129,11,0,0
BRDA:129,11,1,0
BRDA:155,12,0,0
BRDA:155,12,1,0
BRDA:170,13,0,0
BRDA:170,13,1,0
BRDA:195,14,0,0
BRDA:195,14,1,0
BRDA:203,15,0,0
BRDA:203,15,1,0
BRF:28
BRH:0
end_of_record
TN:
SF:src/common/security/command-security.service.ts
FN:18,(anonymous_2)
FN:30,(anonymous_3)
FN:61,(anonymous_4)
FN:114,(anonymous_5)
FN:154,(anonymous_6)
FN:170,(anonymous_7)
FN:189,(anonymous_8)
FN:224,(anonymous_9)
FN:267,(anonymous_10)
FN:291,(anonymous_11)
FN:299,(anonymous_12)
FN:307,(anonymous_13)
FNF:12
FNH:0
FNDA:0,(anonymous_2)
FNDA:0,(anonymous_3)
FNDA:0,(anonymous_4)
FNDA:0,(anonymous_5)
FNDA:0,(anonymous_6)
FNDA:0,(anonymous_7)
FNDA:0,(anonymous_8)
FNDA:0,(anonymous_9)
FNDA:0,(anonymous_10)
FNDA:0,(anonymous_11)
FNDA:0,(anonymous_12)
FNDA:0,(anonymous_13)
DA:5,0
DA:6,0
DA:7,0
DA:8,0
DA:9,0
DA:10,0
DA:13,0
DA:19,0
DA:21,0
DA:22,0
DA:23,0
DA:24,0
DA:31,0
DA:62,0
DA:63,0
DA:70,0
DA:71,0
DA:72,0
DA:79,0
DA:82,0
DA:83,0
DA:84,0
DA:91,0
DA:92,0
DA:93,0
DA:100,0
DA:101,0
DA:102,0
DA:103,0
DA:115,0
DA:116,0
DA:122,0
DA:124,0
DA:125,0
DA:126,0
DA:133,0
DA:134,0
DA:135,0
DA:136,0
DA:144,0
DA:145,0
DA:148,0
DA:156,0
DA:159,0
DA:160,0
DA:161,0
DA:164,0
DA:172,0
DA:173,0
DA:174,0
DA:178,0
DA:181,0
DA:182,0
DA:183,0
DA:190,0
DA:193,0
DA:198,0
DA:199,0
DA:200,0
DA:205,0
DA:208,0
DA:209,0
DA:210,0
DA:214,0
DA:215,0
DA:218,0
DA:225,0
DA:228,0
DA:234,0
DA:236,0
DA:237,0
DA:238,0
DA:242,0
DA:243,0
DA:247,0
DA:248,0
DA:249,0
DA:250,0
DA:251,0
DA:252,0
DA:256,0
DA:257,0
DA:261,0
DA:268,0
DA:277,0
DA:278,0
DA:281,0
DA:282,0
DA:284,0
DA:292,0
DA:293,0
DA:300,0
DA:301,0
DA:311,0
LF:94
LH:0
BRDA:62,0,0,0
BRDA:62,0,1,0
BRDA:62,1,0,0
BRDA:62,1,1,0
BRDA:71,2,0,0
BRDA:71,2,1,0
BRDA:82,3,0,0
BRDA:82,3,1,0
BRDA:91,4,0,0
BRDA:91,4,1,0
BRDA:91,5,0,0
BRDA:91,5,1,0
BRDA:101,6,0,0
BRDA:101,6,1,0
BRDA:115,7,0,0
BRDA:115,7,1,0
BRDA:125,8,0,0
BRDA:125,8,1,0
BRDA:134,9,0,0
BRDA:134,9,1,0
BRDA:160,10,0,0
BRDA:160,10,1,0
BRDA:173,11,0,0
BRDA:173,11,1,0
BRDA:189,12,0,0
BRDA:199,13,0,0
BRDA:199,13,1,0
BRDA:209,14,0,0
BRDA:209,14,1,0
BRDA:214,15,0,0
BRDA:214,15,1,0
BRDA:224,16,0,0
BRDA:236,17,0,0
BRDA:236,17,1,0
BRDA:242,18,0,0
BRDA:242,18,1,0
BRDA:249,19,0,0
BRDA:249,19,1,0
BRDA:256,20,0,0
BRDA:256,20,1,0
BRDA:270,21,0,0
BRDA:270,21,1,0
BRDA:273,22,0,0
BRDA:273,22,1,0
BRDA:277,23,0,0
BRDA:277,23,1,0
BRDA:278,24,0,0
BRDA:278,24,1,0
BRDA:281,25,0,0
BRDA:281,25,1,0
BRDA:19,26,0,0
BRDA:19,26,1,0
BRDA:19,27,0,0
BRDA:19,27,1,0
BRF:54
BRH:0
end_of_record
TN:
SF:src/common/security/data-masking.service.ts
FN:19,(anonymous_2)
FN:29,(anonymous_3)
FN:34,(anonymous_4)
FN:41,(anonymous_5)
FN:48,(anonymous_6)
FN:62,(anonymous_7)
FN:106,(anonymous_8)
FN:114,(anonymous_9)
FN:135,(anonymous_10)
FN:158,(anonymous_11)
FN:182,(anonymous_12)
FN:211,(anonymous_13)
FN:232,(anonymous_14)
FN:254,(anonymous_15)
FN:268,(anonymous_16)
FN:284,(anonymous_17)
FN:324,(anonymous_18)
FN:359,(anonymous_19)
FN:365,(anonymous_20)
FNF:19
FNH:0
FNDA:0,(anonymous_2)
FNDA:0,(anonymous_3)
FNDA:0,(anonymous_4)
FNDA:0,(anonymous_5)
FNDA:0,(anonymous_6)
FNDA:0,(anonymous_7)
FNDA:0,(anonymous_8)
FNDA:0,(anonymous_9)
FNDA:0,(anonymous_10)
FNDA:0,(anonymous_11)
FNDA:0,(anonymous_12)
FNDA:0,(anonymous_13)
FNDA:0,(anonymous_14)
FNDA:0,(anonymous_15)
FNDA:0,(anonymous_16)
FNDA:0,(anonymous_17)
FNDA:0,(anonymous_18)
FNDA:0,(anonymous_19)
FNDA:0,(anonymous_20)
DA:5,0
DA:6,0
DA:7,0
DA:16,0
DA:17,0
DA:20,0
DA:21,0
DA:23,0
DA:30,0
DA:34,0
DA:41,0
DA:48,0
DA:62,0
DA:107,0
DA:108,0
DA:115,0
DA:117,0
DA:118,0
DA:122,0
DA:123,0
DA:125,0
DA:129,0
DA:136,0
DA:137,0
DA:141,0
DA:144,0
DA:147,0
DA:148,0
DA:151,0
DA:166,0
DA:169,0
DA:171,0
DA:184,0
DA:186,0
DA:187,0
DA:188,0
DA:189,0
DA:191,0
DA:196,0
DA:200,0
DA:204,0
DA:212,0
DA:213,0
DA:215,0
DA:220,0
DA:222,0
DA:223,0
DA:224,0
DA:227,0
DA:228,0
DA:230,0
DA:231,0
DA:232,0
DA:233,0
DA:236,0
DA:237,0
DA:240,0
DA:241,0
DA:244,0
DA:248,0
DA:255,0
DA:256,0
DA:258,0
DA:259,0
DA:262,0
DA:270,0
DA:276,0
DA:278,0
DA:290,0
DA:296,0
DA:297,0
DA:298,0
DA:303,0
DA:304,0
DA:305,0
DA:306,0
DA:308,0
DA:314,0
DA:315,0
DA:318,0
DA:329,0
DA:334,0
DA:335,0
DA:336,0
DA:338,0
DA:339,0
DA:340,0
DA:341,0
DA:343,0
DA:349,0
DA:350,0
DA:353,0
DA:363,0
DA:365,0
LF:94
LH:0
BRDA:118,0,0,0
BRDA:118,0,1,0
BRDA:122,1,0,0
BRDA:122,1,1,0
BRDA:136,2,0,0
BRDA:136,2,1,0
BRDA:136,3,0,0
BRDA:136,3,1,0
BRDA:175,4,0,0
BRDA:175,4,1,0
BRDA:184,5,0,0
BRDA:184,5,1,0
BRDA:184,5,2,0
BRDA:184,5,3,0
BRDA:222,6,0,0
BRDA:222,6,1,0
BRDA:222,7,0,0
BRDA:222,7,1,0
BRDA:230,8,0,0
BRDA:230,8,1,0
BRDA:230,9,0,0
BRDA:230,9,1,0
BRDA:236,10,0,0
BRDA:236,10,1,0
BRDA:296,11,0,0
BRDA:296,11,1,0
BRDA:305,12,0,0
BRDA:305,12,1,0
BRDA:314,13,0,0
BRDA:314,13,1,0
BRDA:334,14,0,0
BRDA:334,14,1,0
BRDA:340,15,0,0
BRDA:340,15,1,0
BRDA:349,16,0,0
BRDA:349,16,1,0
BRDA:20,17,0,0
BRDA:20,17,1,0
BRDA:20,18,0,0
BRDA:20,18,1,0
BRDA:20,19,0,0
BRDA:20,19,1,0
BRDA:20,20,0,0
BRDA:20,20,1,0
BRF:44
BRH:0
end_of_record
TN:
SF:src/common/security/path-security.middleware.ts
FN:14,(anonymous_2)
FN:19,(anonymous_3)
FN:63,(anonymous_4)
FN:85,(anonymous_5)
FN:101,(anonymous_6)
FN:119,(anonymous_7)
FNF:6
FNH:0
FNDA:0,(anonymous_2)
FNDA:0,(anonymous_3)
FNDA:0,(anonymous_4)
FNDA:0,(anonymous_5)
FNDA:0,(anonymous_6)
FNDA:0,(anonymous_7)
DA:5,0
DA:7,0
DA:8,0
DA:9,0
DA:10,0
DA:13,0
DA:15,0
DA:16,0
DA:20,0
DA:22,0
DA:25,0
DA:28,0
DA:29,0
DA:33,0
DA:34,0
DA:37,0
DA:39,0
DA:46,0
DA:47,0
DA:52,0
DA:65,0
DA:66,0
DA:73,0
DA:74,0
DA:75,0
DA:86,0
DA:88,0
DA:89,0
DA:90,0
DA:91,0
DA:92,0
DA:102,0
DA:104,0
DA:107,0
DA:108,0
DA:109,0
DA:110,0
DA:111,0
DA:120,0
DA:122,0
DA:123,0
DA:124,0
DA:127,0
DA:128,0
LF:44
LH:0
BRDA:28,0,0,0
BRDA:28,0,1,0
BRDA:28,1,0,0
BRDA:28,1,1,0
BRDA:33,2,0,0
BRDA:33,2,1,0
BRDA:46,3,0,0
BRDA:46,3,1,0
BRDA:65,4,0,0
BRDA:65,4,1,0
BRDA:65,5,0,0
BRDA:65,5,1,0
BRDA:74,6,0,0
BRDA:74,6,1,0
BRDA:74,7,0,0
BRDA:74,7,1,0
BRDA:89,8,0,0
BRDA:89,8,1,0
BRDA:90,9,0,0
BRDA:90,9,1,0
BRDA:91,10,0,0
BRDA:91,10,1,0
BRDA:101,11,0,0
BRDA:102,12,0,0
BRDA:102,12,1,0
BRDA:108,13,0,0
BRDA:108,13,1,0
BRDA:108,14,0,0
BRDA:108,14,1,0
BRDA:110,15,0,0
BRDA:110,15,1,0
BRDA:110,16,0,0
BRDA:110,16,1,0
BRDA:120,17,0,0
BRDA:120,17,1,0
BRDA:123,18,0,0
BRDA:123,18,1,0
BRDA:123,19,0,0
BRDA:123,19,1,0
BRDA:127,20,0,0
BRDA:127,20,1,0
BRDA:127,21,0,0
BRDA:127,21,1,0
BRDA:15,22,0,0
BRDA:15,22,1,0
BRDA:15,23,0,0
BRDA:15,23,1,0
BRDA:15,24,0,0
BRDA:15,24,1,0
BRDA:15,25,0,0
BRDA:15,25,1,0
BRF:51
BRH:0
end_of_record
TN:
SF:src/common/security/path-security.service.ts
FN:19,(anonymous_11)
FN:29,(anonymous_12)
FN:60,(anonymous_13)
FN:130,(anonymous_14)
FN:153,(anonymous_15)
FN:175,(anonymous_16)
FN:187,(anonymous_17)
FN:198,(anonymous_18)
FN:208,(anonymous_19)
FN:245,(anonymous_20)
FN:254,(anonymous_21)
FN:263,(anonymous_22)
FNF:12
FNH:0
FNDA:0,(anonymous_11)
FNDA:0,(anonymous_12)
FNDA:0,(anonymous_13)
FNDA:0,(anonymous_14)
FNDA:0,(anonymous_15)
FNDA:0,(anonymous_16)
FNDA:0,(anonymous_17)
FNDA:0,(anonymous_18)
FNDA:0,(anonymous_19)
FNDA:0,(anonymous_20)
FNDA:0,(anonymous_21)
FNDA:0,(anonymous_22)
DA:5,0
DA:6,0
DA:7,0
DA:8,0
DA:9,0
DA:10,0
DA:11,0
DA:14,0
DA:16,0
DA:17,0
DA:20,0
DA:22,0
DA:23,0
DA:31,0
DA:32,0
DA:33,0
DA:34,0
DA:35,0
DA:36,0
DA:37,0
DA:38,0
DA:41,0
DA:42,0
DA:43,0
DA:44,0
DA:45,0
DA:46,0
DA:47,0
DA:50,0
DA:51,0
DA:52,0
DA:53,0
DA:67,0
DA:68,0
DA:69,0
DA:76,0
DA:79,0
DA:80,0
DA:81,0
DA:88,0
DA:89,0
DA:90,0
DA:93,0
DA:94,0
DA:95,0
DA:102,0
DA:103,0
DA:104,0
DA:105,0
DA:109,0
DA:117,0
DA:118,0
DA:124,0
DA:131,0
DA:133,0
DA:134,0
DA:135,0
DA:137,0
DA:138,0
DA:139,0
DA:140,0
DA:143,0
DA:146,0
DA:155,0
DA:156,0
DA:157,0
DA:162,0
DA:163,0
DA:164,0
DA:169,0
DA:176,0
DA:177,0
DA:178,0
DA:180,0
DA:188,0
DA:189,0
DA:191,0
DA:192,0
DA:199,0
DA:200,0
DA:202,0
DA:210,0
DA:211,0
DA:212,0
DA:219,0
DA:225,0
DA:226,0
DA:227,0
DA:234,0
DA:235,0
DA:246,0
DA:247,0
DA:248,0
DA:255,0
DA:256,0
DA:257,0
DA:268,0
LF:97
LH:0
BRDA:47,0,0,0
BRDA:47,0,1,0
BRDA:50,1,0,0
BRDA:50,1,1,0
BRDA:60,2,0,0
BRDA:67,3,0,0
BRDA:67,3,1,0
BRDA:79,4,0,0
BRDA:79,4,1,0
BRDA:88,5,0,0
BRDA:88,5,1,0
BRDA:93,6,0,0
BRDA:93,6,1,0
BRDA:102,7,0,0
BRDA:102,7,1,0
BRDA:102,8,0,0
BRDA:102,8,1,0
BRDA:104,9,0,0
BRDA:104,9,1,0
BRDA:117,10,0,0
BRDA:117,10,1,0
BRDA:117,11,0,0
BRDA:117,11,1,0
BRDA:137,12,0,0
BRDA:137,12,1,0
BRDA:156,13,0,0
BRDA:156,13,1,0
BRDA:156,14,0,0
BRDA:156,14,1,0
BRDA:163,15,0,0
BRDA:163,15,1,0
BRDA:187,16,0,0
BRDA:211,17,0,0
BRDA:211,17,1,0
BRDA:226,18,0,0
BRDA:226,18,1,0
BRDA:234,19,0,0
BRDA:234,19,1,0
BRDA:20,20,0,0
BRDA:20,20,1,0
BRDA:20,21,0,0
BRDA:20,21,1,0
BRF:42
BRH:0
end_of_record
TN:
SF:src/common/security/secret-manager.service.ts
FN:30,(anonymous_11)
FN:42,(anonymous_12)
FN:68,(anonymous_13)
FN:89,(anonymous_14)
FN:125,(anonymous_15)
FN:155,(anonymous_16)
FN:168,(anonymous_17)
FN:188,(anonymous_18)
FN:206,(anonymous_19)
FN:225,(anonymous_20)
FN:250,(anonymous_21)
FN:292,(anonymous_22)
FN:317,(anonymous_23)
FNF:13
FNH:0
FNDA:0,(anonymous_11)
FNDA:0,(anonymous_12)
FNDA:0,(anonymous_13)
FNDA:0,(anonymous_14)
FNDA:0,(anonymous_15)
FNDA:0,(anonymous_16)
FNDA:0,(anonymous_17)
FNDA:0,(anonymous_18)
FNDA:0,(anonymous_19)
FNDA:0,(anonymous_20)
FNDA:0,(anonymous_21)
FNDA:0,(anonymous_22)
FNDA:0,(anonymous_23)
DA:5,0
DA:6,0
DA:7,0
DA:8,0
DA:9,0
DA:10,0
DA:11,0
DA:12,0
DA:26,0
DA:27,0
DA:31,0
DA:32,0
DA:33,0
DA:35,0
DA:36,0
DA:43,0
DA:44,0
DA:45,0
DA:46,0
DA:47,0
DA:49,0
DA:50,0
DA:58,0
DA:61,0
DA:69,0
DA:70,0
DA:71,0
DA:72,0
DA:74,0
DA:76,0
DA:78,0
DA:79,0
DA:98,0
DA:100,0
DA:110,0
DA:111,0
DA:114,0
DA:115,0
DA:117,0
DA:119,0
DA:126,0
DA:128,0
DA:129,0
DA:133,0
DA:134,0
DA:135,0
DA:136,0
DA:140,0
DA:141,0
DA:142,0
DA:144,0
DA:145,0
DA:149,0
DA:156,0
DA:157,0
DA:158,0
DA:162,0
DA:169,0
DA:171,0
DA:172,0
DA:175,0
DA:176,0
DA:178,0
DA:180,0
DA:182,0
DA:189,0
DA:191,0
DA:192,0
DA:195,0
DA:196,0
DA:198,0
DA:200,0
DA:207,0
DA:209,0
DA:211,0
DA:212,0
DA:215,0
DA:216,0
DA:219,0
DA:226,0
DA:227,0
DA:229,0
DA:230,0
DA:231,0
DA:235,0
DA:236,0
DA:239,0
DA:240,0
DA:241,0
DA:244,0
DA:251,0
DA:253,0
DA:254,0
DA:258,0
DA:261,0
DA:275,0
DA:276,0
DA:282,0
DA:284,0
DA:286,0
DA:293,0
DA:294,0
DA:301,0
DA:303,0
DA:304,0
DA:305,0
DA:307,0
DA:309,0
DA:311,0
DA:318,0
DA:319,0
DA:320,0
DA:321,0
DA:323,0
DA:325,0
DA:326,0
DA:334,0
DA:336,0
DA:338,0
DA:340,0
DA:341,0
LF:121
LH:0
BRDA:44,0,0,0
BRDA:44,0,1,0
BRDA:54,1,0,0
BRDA:54,1,1,0
BRDA:92,2,0,0
BRDA:103,3,0,0
BRDA:103,3,1,0
BRDA:104,4,0,0
BRDA:104,4,1,0
BRDA:110,5,0,0
BRDA:110,5,1,0
BRDA:128,6,0,0
BRDA:128,6,1,0
BRDA:133,7,0,0
BRDA:133,7,1,0
BRDA:133,8,0,0
BRDA:133,8,1,0
BRDA:140,9,0,0
BRDA:140,9,1,0
BRDA:157,10,0,0
BRDA:157,10,1,0
BRDA:171,11,0,0
BRDA:171,11,1,0
BRDA:175,12,0,0
BRDA:175,12,1,0
BRDA:191,13,0,0
BRDA:191,13,1,0
BRDA:211,14,0,0
BRDA:211,14,1,0
BRDA:211,15,0,0
BRDA:211,15,1,0
BRDA:230,16,0,0
BRDA:230,16,1,0
BRDA:230,17,0,0
BRDA:230,17,1,0
BRDA:239,18,0,0
BRDA:239,18,1,0
BRDA:253,19,0,0
BRDA:253,19,1,0
BRDA:294,20,0,0
BRDA:294,20,1,0
BRDA:330,21,0,0
BRDA:330,21,1,0
BRDA:31,22,0,0
BRDA:31,22,1,0
BRDA:31,23,0,0
BRDA:31,23,1,0
BRDA:31,24,0,0
BRDA:31,24,1,0
BRDA:31,25,0,0
BRDA:31,25,1,0
BRDA:32,26,0,0
BRDA:32,26,1,0
BRDA:32,27,0,0
BRDA:32,27,1,0
BRF:55
BRH:0
end_of_record
TN:
SF:src/common/security/secure-command.executor.ts
FN:34,(anonymous_2)
FN:42,(anonymous_3)
FN:105,(anonymous_4)
FN:113,(anonymous_5)
FN:147,(anonymous_6)
FN:150,(anonymous_7)
FN:159,(anonymous_8)
FN:178,(anonymous_9)
FN:203,(anonymous_10)
FN:236,(anonymous_11)
FN:260,(anonymous_12)
FN:292,(anonymous_13)
FN:316,(anonymous_14)
FN:340,(anonymous_15)
FN:350,(anonymous_16)
FNF:15
FNH:0
FNDA:0,(anonymous_2)
FNDA:0,(anonymous_3)
FNDA:0,(anonymous_4)
FNDA:0,(anonymous_5)
FNDA:0,(anonymous_6)
FNDA:0,(anonymous_7)
FNDA:0,(anonymous_8)
FNDA:0,(anonymous_9)
FNDA:0,(anonymous_10)
FNDA:0,(anonymous_11)
FNDA:0,(anonymous_12)
FNDA:0,(anonymous_13)
FNDA:0,(anonymous_14)
FNDA:0,(anonymous_15)
FNDA:0,(anonymous_16)
DA:5,0
DA:6,0
DA:7,0
DA:8,0
DA:9,0
DA:10,0
DA:11,0
DA:13,0
DA:14,0
DA:33,0
DA:35,0
DA:36,0
DA:43,0
DA:45,0
DA:47,0
DA:50,0
DA:53,0
DA:56,0
DA:57,0
DA:63,0
DA:66,0
DA:68,0
DA:71,0
DA:73,0
DA:80,0
DA:83,0
DA:86,0
DA:87,0
DA:93,0
DA:111,0
DA:113,0
DA:114,0
DA:116,0
DA:119,0
DA:122,0
DA:125,0
DA:126,0
DA:132,0
DA:135,0
DA:140,0
DA:141,0
DA:142,0
DA:146,0
DA:147,0
DA:148,0
DA:149,0
DA:150,0
DA:151,0
DA:152,0
DA:159,0
DA:160,0
DA:161,0
DA:163,0
DA:164,0
DA:168,0
DA:169,0
DA:170,0
DA:178,0
DA:179,0
DA:180,0
DA:182,0
DA:183,0
DA:187,0
DA:188,0
DA:189,0
DA:197,0
DA:198,0
DA:199,0
DA:203,0
DA:204,0
DA:205,0
DA:208,0
DA:210,0
DA:211,0
DA:212,0
DA:216,0
DA:217,0
DA:218,0
DA:225,0
DA:226,0
DA:236,0
DA:237,0
DA:238,0
DA:241,0
DA:242,0
DA:244,0
DA:250,0
DA:251,0
DA:252,0
DA:266,0
DA:276,0
DA:278,0
DA:279,0
DA:286,0
DA:294,0
DA:302,0
DA:303,0
DA:304,0
DA:310,0
DA:325,0
DA:326,0
DA:327,0
DA:329,0
DA:330,0
DA:333,0
DA:335,0
DA:338,0
DA:339,0
DA:340,0
DA:344,0
DA:351,0
DA:352,0
DA:353,0
DA:356,0
DA:357,0
DA:358,0
DA:360,0
LF:117
LH:0
BRDA:42,0,0,0
BRDA:42,1,0,0
BRDA:56,2,0,0
BRDA:56,2,1,0
BRDA:86,3,0,0
BRDA:86,3,1,0
BRDA:94,4,0,0
BRDA:94,4,1,0
BRDA:95,5,0,0
BRDA:95,5,1,0
BRDA:96,6,0,0
BRDA:96,6,1,0
BRDA:107,7,0,0
BRDA:108,8,0,0
BRDA:125,9,0,0
BRDA:125,9,1,0
BRDA:146,10,0,0
BRDA:146,10,1,0
BRDA:151,11,0,0
BRDA:151,11,1,0
BRDA:163,12,0,0
BRDA:163,12,1,0
BRDA:168,13,0,0
BRDA:168,13,1,0
BRDA:168,14,0,0
BRDA:168,14,1,0
BRDA:182,15,0,0
BRDA:182,15,1,0
BRDA:187,16,0,0
BRDA:187,16,1,0
BRDA:187,17,0,0
BRDA:187,17,1,0
BRDA:197,18,0,0
BRDA:197,18,1,0
BRDA:204,19,0,0
BRDA:204,19,1,0
BRDA:210,20,0,0
BRDA:210,20,1,0
BRDA:216,21,0,0
BRDA:216,21,1,0
BRDA:221,22,0,0
BRDA:221,22,1,0
BRDA:229,23,0,0
BRDA:229,23,1,0
BRDA:237,24,0,0
BRDA:237,24,1,0
BRDA:263,25,0,0
BRDA:276,26,0,0
BRDA:276,26,1,0
BRDA:276,27,0,0
BRDA:276,27,1,0
BRDA:278,28,0,0
BRDA:278,28,1,0
BRDA:278,29,0,0
BRDA:278,29,1,0
BRDA:292,30,0,0
BRDA:302,31,0,0
BRDA:302,31,1,0
BRDA:302,32,0,0
BRDA:302,32,1,0
BRDA:318,33,0,0
BRDA:319,34,0,0
BRDA:320,35,0,0
BRDA:321,36,0,0
BRDA:329,37,0,0
BRDA:329,37,1,0
BRDA:338,38,0,0
BRDA:338,38,1,0
BRDA:35,39,0,0
BRDA:35,39,1,0
BRDA:35,40,0,0
BRDA:35,40,1,0
BRDA:35,41,0,0
BRDA:35,41,1,0
BRDA:35,42,0,0
BRDA:35,42,1,0
BRF:76
BRH:0
end_of_record
TN:
SF:src/common/security/secure-file.service.ts
FN:15,(anonymous_11)
FN:23,(anonymous_12)
FN:48,(anonymous_13)
FN:72,(anonymous_14)
FN:93,(anonymous_15)
FN:122,(anonymous_16)
FN:151,(anonymous_17)
FN:171,(anonymous_18)
FN:192,(anonymous_19)
FN:203,(anonymous_20)
FN:215,(anonymous_21)
FN:229,(anonymous_22)
FN:248,(anonymous_23)
FN:257,(anonymous_24)
FN:266,(anonymous_25)
FNF:15
FNH:0
FNDA:0,(anonymous_11)
FNDA:0,(anonymous_12)
FNDA:0,(anonymous_13)
FNDA:0,(anonymous_14)
FNDA:0,(anonymous_15)
FNDA:0,(anonymous_16)
FNDA:0,(anonymous_17)
FNDA:0,(anonymous_18)
FNDA:0,(anonymous_19)
FNDA:0,(anonymous_20)
FNDA:0,(anonymous_21)
FNDA:0,(anonymous_22)
FNDA:0,(anonymous_23)
FNDA:0,(anonymous_24)
FNDA:0,(anonymous_25)
DA:5,0
DA:6,0
DA:7,0
DA:8,0
DA:9,0
DA:10,0
DA:11,0
DA:14,0
DA:16,0
DA:17,0
DA:24,0
DA:29,0
DA:31,0
DA:32,0
DA:33,0
DA:35,0
DA:38,0
DA:49,0
DA:54,0
DA:55,0
DA:57,0
DA:59,0
DA:60,0
DA:62,0
DA:73,0
DA:78,0
DA:80,0
DA:81,0
DA:83,0
DA:94,0
DA:99,0
DA:104,0
DA:105,0
DA:107,0
DA:109,0
DA:110,0
DA:112,0
DA:123,0
DA:128,0
DA:133,0
DA:134,0
DA:136,0
DA:138,0
DA:139,0
DA:141,0
DA:152,0
DA:156,0
DA:158,0
DA:159,0
DA:161,0
DA:172,0
DA:177,0
DA:179,0
DA:180,0
DA:182,0
DA:193,0
DA:198,0
DA:200,0
DA:201,0
DA:203,0
DA:205,0
DA:216,0
DA:217,0
DA:220,0
DA:222,0
DA:230,0
DA:235,0
DA:236,0
DA:238,0
DA:249,0
DA:250,0
DA:251,0
DA:258,0
DA:259,0
DA:260,0
DA:267,0
DA:269,0
DA:270,0
DA:271,0
DA:273,0
DA:274,0
DA:275,0
DA:277,0
DA:278,0
DA:279,0
DA:283,0
LF:86
LH:0
BRDA:32,0,0,0
BRDA:32,0,1,0
BRDA:248,1,0,0
BRDA:248,2,0,0
BRDA:257,3,0,0
BRDA:266,4,0,0
BRDA:277,5,0,0
BRDA:277,5,1,0
BRDA:16,6,0,0
BRDA:16,6,1,0
BRDA:16,7,0,0
BRDA:16,7,1,0
BRDA:16,8,0,0
BRDA:16,8,1,0
BRDA:16,9,0,0
BRDA:16,9,1,0
BRF:16
BRH:0
end_of_record
TN:
SF:src/common/security/security.config.ts
FN:168,getSecurityConfig
FNF:1
FNH:0
FNDA:0,getSecurityConfig
DA:74,0
DA:168,0
DA:170,0
DA:173,0
DA:174,0
DA:177,0
DA:178,0
DA:181,0
DA:182,0
DA:185,0
LF:10
LH:0
BRDA:173,0,0,0
BRDA:173,0,1,0
BRDA:177,1,0,0
BRDA:177,1,1,0
BRDA:181,2,0,0
BRDA:181,2,1,0
BRF:6
BRH:0
end_of_record
TN:
SF:src/common/security/sensitive-data.service.ts
FN:16,(anonymous_11)
FN:26,(anonymous_12)
FN:35,(anonymous_13)
FN:44,(anonymous_14)
FN:63,(anonymous_15)
FN:88,(anonymous_16)
FN:95,(anonymous_17)
FN:122,(anonymous_18)
FN:137,(anonymous_19)
FN:152,(anonymous_20)
FN:167,(anonymous_21)
FN:180,(anonymous_22)
FN:192,(anonymous_23)
FN:218,(anonymous_24)
FN:239,(anonymous_25)
FN:267,(anonymous_26)
FN:280,(anonymous_27)
FN:302,(anonymous_28)
FN:315,(anonymous_29)
FN:322,(anonymous_30)
FN:330,(anonymous_31)
FNF:21
FNH:0
FNDA:0,(anonymous_11)
FNDA:0,(anonymous_12)
FNDA:0,(anonymous_13)
FNDA:0,(anonymous_14)
FNDA:0,(anonymous_15)
FNDA:0,(anonymous_16)
FNDA:0,(anonymous_17)
FNDA:0,(anonymous_18)
FNDA:0,(anonymous_19)
FNDA:0,(anonymous_20)
FNDA:0,(anonymous_21)
FNDA:0,(anonymous_22)
FNDA:0,(anonymous_23)
FNDA:0,(anonymous_24)
FNDA:0,(anonymous_25)
FNDA:0,(anonymous_26)
FNDA:0,(anonymous_27)
FNDA:0,(anonymous_28)
FNDA:0,(anonymous_29)
FNDA:0,(anonymous_30)
FNDA:0,(anonymous_31)
DA:5,0
DA:6,0
DA:7,0
DA:8,0
DA:11,0
DA:17,0
DA:19,0
DA:20,0
DA:28,0
DA:29,0
DA:36,0
DA:37,0
DA:38,0
DA:45,0
DA:46,0
DA:47,0
DA:49,0
DA:50,0
DA:53,0
DA:55,0
DA:56,0
DA:64,0
DA:65,0
DA:66,0
DA:67,0
DA:70,0
DA:71,0
DA:73,0
DA:75,0
DA:76,0
DA:78,0
DA:80,0
DA:81,0
DA:89,0
DA:100,0
DA:101,0
DA:104,0
DA:105,0
DA:106,0
DA:108,0
DA:109,0
DA:112,0
DA:113,0
DA:114,0
DA:116,0
DA:123,0
DA:124,0
DA:125,0
DA:128,0
DA:129,0
DA:131,0
DA:139,0
DA:141,0
DA:142,0
DA:146,0
DA:154,0
DA:156,0
DA:157,0
DA:161,0
DA:168,0
DA:169,0
DA:170,0
DA:174,0
DA:181,0
DA:183,0
DA:184,0
DA:187,0
DA:188,0
DA:191,0
DA:192,0
DA:195,0
DA:197,0
DA:198,0
DA:201,0
DA:202,0
DA:203,0
DA:204,0
DA:205,0
DA:206,0
DA:208,0
DA:212,0
DA:219,0
DA:222,0
DA:223,0
DA:227,0
DA:228,0
DA:229,0
DA:233,0
DA:240,0
DA:241,0
DA:244,0
DA:245,0
DA:249,0
DA:250,0
DA:251,0
DA:252,0
DA:253,0
DA:254,0
DA:255,0
DA:256,0
DA:257,0
DA:258,0
DA:260,0
DA:268,0
DA:270,0
DA:271,0
DA:274,0
DA:281,0
DA:283,0
DA:284,0
DA:288,0
DA:291,0
DA:293,0
DA:303,0
DA:304,0
DA:305,0
DA:309,0
DA:316,0
DA:323,0
DA:324,0
DA:335,0
DA:336,0
DA:339,0
DA:340,0
DA:341,0
DA:342,0
DA:344,0
DA:348,0
DA:349,0
DA:351,0
DA:355,0
DA:356,0
DA:358,0
DA:362,0
DA:363,0
DA:365,0
DA:369,0
DA:370,0
DA:372,0
DA:376,0
DA:381,0
DA:382,0
DA:383,0
DA:386,0
LF:144
LH:0
BRDA:28,0,0,0
BRDA:28,0,1,0
BRDA:66,1,0,0
BRDA:66,1,1,0
BRDA:95,2,0,0
BRDA:100,3,0,0
BRDA:100,3,1,0
BRDA:100,4,0,0
BRDA:100,4,1,0
BRDA:104,5,0,0
BRDA:104,5,1,0
BRDA:105,6,0,0
BRDA:105,6,1,0
BRDA:106,7,0,0
BRDA:106,7,1,0
BRDA:108,8,0,0
BRDA:108,8,1,0
BRDA:124,9,0,0
BRDA:124,9,1,0
BRDA:141,10,0,0
BRDA:141,10,1,0
BRDA:156,11,0,0
BRDA:156,11,1,0
BRDA:169,12,0,0
BRDA:169,12,1,0
BRDA:180,13,0,0
BRDA:181,14,0,0
BRDA:181,14,1,0
BRDA:183,15,0,0
BRDA:183,15,1,0
BRDA:183,16,0,0
BRDA:183,16,1,0
BRDA:187,17,0,0
BRDA:187,17,1,0
BRDA:191,18,0,0
BRDA:191,18,1,0
BRDA:201,19,0,0
BRDA:201,19,1,0
BRDA:203,20,0,0
BRDA:203,20,1,0
BRDA:203,21,0,0
BRDA:203,21,1,0
BRDA:205,22,0,0
BRDA:205,22,1,0
BRDA:222,23,0,0
BRDA:222,23,1,0
BRDA:228,24,0,0
BRDA:228,24,1,0
BRDA:240,25,0,0
BRDA:240,25,1,0
BRDA:240,26,0,0
BRDA:240,26,1,0
BRDA:244,27,0,0
BRDA:244,27,1,0
BRDA:249,28,0,0
BRDA:249,28,1,0
BRDA:251,29,0,0
BRDA:251,29,1,0
BRDA:253,30,0,0
BRDA:253,30,1,0
BRDA:253,31,0,0
BRDA:253,31,1,0
BRDA:255,32,0,0
BRDA:255,32,1,0
BRDA:257,33,0,0
BRDA:257,33,1,0
BRDA:257,34,0,0
BRDA:257,34,1,0
BRDA:257,34,2,0
BRDA:283,35,0,0
BRDA:283,35,1,0
BRDA:291,36,0,0
BRDA:291,36,1,0
BRDA:304,37,0,0
BRDA:304,37,1,0
BRDA:315,38,0,0
BRDA:322,39,0,0
BRDA:339,40,0,0
BRDA:339,40,1,0
BRDA:341,41,0,0
BRDA:341,41,1,0
BRDA:348,42,0,0
BRDA:348,42,1,0
BRDA:355,43,0,0
BRDA:355,43,1,0
BRDA:362,44,0,0
BRDA:362,44,1,0
BRDA:369,45,0,0
BRDA:369,45,1,0
BRDA:381,46,0,0
BRDA:381,46,1,0
[...]
FNDA:0,ValidateNumber
FNDA:0,(anonymous_8)
FNDA:0,(anonymous_9)
FNDA:0,ValidatePath
FNDA:0,(anonymous_11)
FNDA:0,(anonymous_12)
FNDA:0,ValidateEmail
FNDA:0,(anonymous_14)
FNDA:0,(anonymous_15)
FNDA:0,ValidateURL
FNDA:0,(anonymous_17)
FNDA:0,(anonymous_18)
FNDA:0,ValidatePort
FNDA:0,(anonymous_20)
FNDA:0,(anonymous_21)
FNDA:0,SanitizeInput
FNDA:0,(anonymous_23)
FNDA:0,(anonymous_24)
FNDA:0,(anonymous_25)
FNDA:0,sanitizeObject
FNDA:0,(anonymous_27)
DA:5,0
DA:6,0
DA:7,0
DA:8,0
DA:10,0
DA:11,0
DA:16,0
DA:20,0
DA:21,0
DA:23,0
DA:24,0
DA:25,0
DA:27,0
DA:28,0
DA:29,0
DA:32,0
DA:33,0
DA:34,0
DA:39,0
DA:42,0
DA:49,0
DA:55,0
DA:56,0
DA:58,0
DA:59,0
DA:61,0
DA:62,0
DA:68,0
DA:69,0
DA:70,0
DA:77,0
DA:78,0
DA:84,0
DA:85,0
DA:91,0
DA:94,0
DA:101,0
DA:107,0
DA:108,0
DA:110,0
DA:111,0
DA:113,0
DA:114,0
DA:120,0
DA:122,0
DA:123,0
DA:129,0
DA:130,0
DA:136,0
DA:137,0
DA:138,0
DA:145,0
DA:148,0
DA:155,0
DA:160,0
DA:161,0
DA:163,0
DA:164,0
DA:166,0
DA:167,0
DA:173,0
DA:174,0
DA:180,0
DA:181,0
DA:187,0
DA:190,0
DA:197,0
DA:198,0
DA:199,0
DA:201,0
DA:202,0
DA:204,0
DA:205,0
DA:211,0
DA:214,0
DA:221,0
DA:222,0
DA:223,0
DA:225,0
DA:226,0
DA:228,0
DA:229,0
DA:235,0
DA:238,0
DA:245,0
DA:246,0
DA:247,0
DA:249,0
DA:250,0
DA:252,0
DA:253,0
DA:259,0
DA:262,0
DA:269,0
DA:270,0
DA:271,0
DA:273,0
DA:274,0
DA:275,0
DA:276,0
DA:278,0
DA:279,0
DA:281,0
DA:283,0
DA:285,0
DA:288,0
DA:291,0
DA:299,0
DA:300,0
DA:301,0
DA:302,0
DA:304,0
DA:305,0
DA:307,0
DA:311,0
DA:312,0
DA:313,0
DA:314,0
DA:315,0
DA:316,0
DA:318,0
DA:322,0
LF:122
LH:0
BRDA:27,0,0,0
BRDA:27,0,1,0
BRDA:28,1,0,0
BRDA:28,1,1,0
BRDA:29,2,0,0
BRDA:29,2,1,0
BRDA:32,3,0,0
BRDA:32,3,1,0
BRDA:34,4,0,0
BRDA:34,4,1,0
BRDA:61,5,0,0
BRDA:61,5,1,0
BRDA:68,6,0,0
BRDA:68,6,1,0
BRDA:68,7,0,0
BRDA:68,7,1,0
BRDA:69,8,0,0
BRDA:69,8,1,0
BRDA:69,9,0,0
BRDA:69,9,1,0
BRDA:77,10,0,0
BRDA:77,10,1,0
BRDA:77,11,0,0
BRDA:77,11,1,0
BRDA:84,12,0,0
BRDA:84,12,1,0
BRDA:84,13,0,0
BRDA:84,13,1,0
BRDA:113,14,0,0
BRDA:113,14,1,0
BRDA:122,15,0,0
BRDA:122,15,1,0
BRDA:122,16,0,0
BRDA:122,16,1,0
BRDA:129,17,0,0
BRDA:129,17,1,0
BRDA:129,18,0,0
BRDA:129,18,1,0
BRDA:136,19,0,0
BRDA:136,19,1,0
BRDA:136,20,0,0
BRDA:136,20,1,0
BRDA:137,21,0,0
BRDA:137,21,1,0
BRDA:137,22,0,0
BRDA:137,22,1,0
BRDA:137,23,0,0
BRDA:137,23,1,0
BRDA:166,24,0,0
BRDA:166,24,1,0
BRDA:173,25,0,0
BRDA:173,25,1,0
BRDA:173,26,0,0
BRDA:173,26,1,0
BRDA:180,27,0,0
BRDA:180,27,1,0
BRDA:180,28,0,0
BRDA:180,28,1,0
BRDA:204,29,0,0
BRDA:204,29,1,0
BRDA:228,30,0,0
BRDA:228,30,1,0
BRDA:252,31,0,0
BRDA:252,31,1,0
BRDA:275,32,0,0
BRDA:275,32,1,0
BRDA:278,33,0,0
BRDA:278,33,1,0
BRDA:281,34,0,0
BRDA:281,34,1,0
BRDA:281,35,0,0
BRDA:281,35,1,0
BRDA:299,36,0,0
BRDA:299,36,1,0
BRDA:301,37,0,0
BRDA:301,37,1,0
BRDA:304,38,0,0
BRDA:304,38,1,0
BRDA:304,39,0,0
BRDA:304,39,1,0
BRDA:313,40,0,0
BRDA:313,40,1,0
BRDA:315,41,0,0
BRDA:315,41,1,0
BRDA:315,42,0,0
BRDA:315,42,1,0
BRF:86
BRH:0
end_of_record
TN:
SF:src/common/validation/validators/custom.validator.ts
FN:29,(anonymous_0)
FN:36,(anonymous_1)
FN:43,(anonymous_2)
FN:63,(anonymous_3)
FN:85,(anonymous_4)
FN:128,(anonymous_5)
FN:162,(anonymous_6)
FN:214,(anonymous_7)
FN:217,(anonymous_8)
FN:234,(anonymous_9)
FN:248,(anonymous_10)
FN:275,(anonymous_11)
FN:276,(anonymous_12)
FNF:13
FNH:0
FNDA:0,(anonymous_0)
FNDA:0,(anonymous_1)
FNDA:0,(anonymous_2)
FNDA:0,(anonymous_3)
FNDA:0,(anonymous_4)
FNDA:0,(anonymous_5)
FNDA:0,(anonymous_6)
FNDA:0,(anonymous_7)
FNDA:0,(anonymous_8)
FNDA:0,(anonymous_9)
FNDA:0,(anonymous_10)
FNDA:0,(anonymous_11)
FNDA:0,(anonymous_12)
DA:5,0
DA:6,0
DA:7,0
DA:23,0
DA:24,0
DA:30,0
DA:37,0
DA:44,0
DA:46,0
DA:47,0
DA:48,0
DA:49,0
DA:50,0
DA:51,0
DA:54,0
DA:64,0
DA:66,0
DA:67,0
DA:68,0
DA:69,0
DA:70,0
DA:71,0
DA:72,0
DA:73,0
DA:76,0
DA:86,0
DA:89,0
DA:90,0
DA:91,0
DA:92,0
DA:96,0
DA:97,0
DA:101,0
DA:102,0
DA:103,0
DA:104,0
DA:108,0
DA:109,0
DA:110,0
DA:111,0
DA:115,0
DA:116,0
DA:119,0
DA:129,0
DA:132,0
DA:133,0
DA:134,0
DA:135,0
DA:139,0
DA:140,0
DA:144,0
DA:145,0
DA:149,0
DA:150,0
DA:153,0
DA:171,0
DA:174,0
DA:175,0
DA:176,0
DA:180,0
DA:181,0
DA:182,0
DA:186,0
DA:187,0
DA:188,0
DA:193,0
DA:194,0
DA:195,0
DA:200,0
DA:201,0
DA:202,0
DA:205,0
DA:215,0
DA:217,0
DA:219,0
DA:220,0
DA:224,0
DA:225,0
DA:229,0
DA:234,0
DA:235,0
DA:239,0
DA:249,0
DA:251,0
DA:252,0
DA:254,0
DA:255,0
DA:256,0
DA:257,0
DA:258,0
DA:261,0
DA:266,0
DA:276,0
DA:277,0
DA:279,0
DA:280,0
DA:281,0
DA:282,0
DA:286,0
LF:99
LH:0
BRDA:46,0,0,0
BRDA:46,0,1,0
BRDA:48,1,0,0
BRDA:48,1,1,0
BRDA:50,2,0,0
BRDA:50,2,1,0
BRDA:66,3,0,0
BRDA:66,3,1,0
BRDA:68,4,0,0
BRDA:68,4,1,0
BRDA:70,5,0,0
BRDA:70,5,1,0
BRDA:72,6,0,0
BRDA:72,6,1,0
BRDA:89,7,0,0
BRDA:89,7,1,0
BRDA:91,8,0,0
BRDA:91,8,1,0
BRDA:96,9,0,0
BRDA:96,9,1,0
BRDA:101,10,0,0
BRDA:101,10,1,0
BRDA:103,11,0,0
BRDA:103,11,1,0
BRDA:108,12,0,0
BRDA:108,12,1,0
BRDA:110,13,0,0
BRDA:110,13,1,0
BRDA:115,14,0,0
BRDA:115,14,1,0
BRDA:115,15,0,0
BRDA:115,15,1,0
BRDA:132,16,0,0
BRDA:132,16,1,0
BRDA:134,17,0,0
BRDA:134,17,1,0
BRDA:139,18,0,0
BRDA:139,18,1,0
BRDA:139,19,0,0
BRDA:139,19,1,0
BRDA:144,20,0,0
BRDA:144,20,1,0
BRDA:144,21,0,0
BRDA:144,21,1,0
BRDA:149,22,0,0
BRDA:149,22,1,0
BRDA:149,23,0,0
BRDA:149,23,1,0
BRDA:166,24,0,0
BRDA:174,25,0,0
BRDA:174,25,1,0
BRDA:180,26,0,0
BRDA:180,26,1,0
BRDA:181,27,0,0
BRDA:181,27,1,0
BRDA:186,28,0,0
BRDA:186,28,1,0
BRDA:186,29,0,0
BRDA:186,29,1,0
BRDA:187,30,0,0
BRDA:187,30,1,0
BRDA:193,31,0,0
BRDA:193,31,1,0
BRDA:193,32,0,0
BRDA:193,32,1,0
BRDA:194,33,0,0
BRDA:194,33,1,0
BRDA:200,34,0,0
BRDA:200,34,1,0
BRDA:201,35,0,0
BRDA:201,35,1,0
BRDA:219,36,0,0
BRDA:219,36,1,0
BRDA:219,37,0,0
BRDA:219,37,1,0
BRDA:219,37,2,0
BRDA:224,38,0,0
BRDA:224,38,1,0
BRDA:234,39,0,0
BRDA:234,39,1,0
BRDA:257,40,0,0
BRDA:257,40,1,0
BRDA:281,41,0,0
BRDA:281,41,1,0
BRF:84
BRH:0
end_of_record
TN:
SF:src/common/validation/validators/number.validator.ts
FN:9,(anonymous_0)
FN:23,(anonymous_1)
FN:34,(anonymous_2)
FN:44,(anonymous_3)
FN:54,(anonymous_4)
FN:65,(anonymous_5)
FN:76,(anonymous_6)
FN:87,(anonymous_7)
FN:98,(anonymous_8)
FN:109,(anonymous_9)
FN:121,(anonymous_10)
FN:132,(anonymous_11)
FN:143,(anonymous_12)
FN:161,(anonymous_13)
FN:181,(anonymous_14)
FNF:15
FNH:0
FNDA:0,(anonymous_0)
FNDA:0,(anonymous_1)
FNDA:0,(anonymous_2)
FNDA:0,(anonymous_3)
FNDA:0,(anonymous_4)
FNDA:0,(anonymous_5)
FNDA:0,(anonymous_6)
FNDA:0,(anonymous_7)
FNDA:0,(anonymous_8)
FNDA:0,(anonymous_9)
FNDA:0,(anonymous_10)
FNDA:0,(anonymous_11)
FNDA:0,(anonymous_12)
FNDA:0,(anonymous_13)
FNDA:0,(anonymous_14)
DA:5,0
DA:10,0
DA:11,0
DA:13,0
DA:14,0
DA:15,0
DA:17,0
DA:24,0
DA:25,0
DA:27,0
DA:28,0
DA:35,0
DA:36,0
DA:38,0
DA:45,0
DA:46,0
DA:48,0
DA:55,0
DA:56,0
DA:58,0
DA:59,0
DA:66,0
DA:67,0
DA:69,0
DA:70,0
DA:77,0
DA:78,0
DA:80,0
DA:81,0
DA:88,0
DA:89,0
DA:91,0
DA:92,0
DA:99,0
DA:100,0
DA:102,0
DA:103,0
DA:110,0
DA:111,0
DA:113,0
DA:115,0
DA:122,0
DA:123,0
DA:125,0
DA:126,0
DA:133,0
DA:134,0
DA:136,0
DA:137,0
DA:144,0
DA:145,0
DA:148,0
DA:150,0
DA:151,0
DA:152,0
DA:155,0
DA:162,0
DA:163,0
DA:164,0
DA:168,0
DA:169,0
DA:171,0
DA:172,0
DA:175,0
DA:182,0
DA:183,0
DA:184,0
DA:187,0
DA:188,0
DA:189,0
LF:70
LH:0
BRDA:10,0,0,0
BRDA:10,0,1,0
BRDA:11,1,0,0
BRDA:11,1,1,0
BRDA:13,2,0,0
BRDA:13,2,1,0
BRDA:15,3,0,0
BRDA:15,3,1,0
BRDA:24,4,0,0
BRDA:24,4,1,0
BRDA:35,5,0,0
BRDA:35,5,1,0
BRDA:45,6,0,0
BRDA:45,6,1,0
BRDA:55,7,0,0
BRDA:55,7,1,0
BRDA:59,8,0,0
BRDA:59,8,1,0
BRDA:66,9,0,0
BRDA:66,9,1,0
BRDA:70,10,0,0
BRDA:70,10,1,0
BRDA:77,11,0,0
BRDA:77,11,1,0
BRDA:81,12,0,0
BRDA:81,12,1,0
BRDA:88,13,0,0
BRDA:88,13,1,0
BRDA:92,14,0,0
BRDA:92,14,1,0
BRDA:99,15,0,0
BRDA:99,15,1,0
BRDA:103,16,0,0
BRDA:103,16,1,0
BRDA:110,17,0,0
BRDA:110,17,1,0
BRDA:115,18,0,0
BRDA:115,18,1,0
BRDA:122,19,0,0
BRDA:122,19,1,0
BRDA:126,20,0,0
BRDA:126,20,1,0
BRDA:132,21,0,0
BRDA:133,22,0,0
BRDA:133,22,1,0
BRDA:137,23,0,0
BRDA:137,23,1,0
BRDA:144,24,0,0
BRDA:144,24,1,0
BRDA:145,25,0,0
BRDA:145,25,1,0
BRDA:148,26,0,0
BRDA:148,26,1,0
BRDA:152,27,0,0
BRDA:152,27,1,0
BRDA:152,28,0,0
BRDA:152,28,1,0
BRDA:161,29,0,0
BRDA:163,30,0,0
BRDA:163,30,1,0
BRDA:168,31,0,0
BRDA:168,31,1,0
BRDA:171,32,0,0
BRDA:171,32,1,0
BRDA:183,33,0,0
BRDA:183,33,1,0
BRDA:187,34,0,0
BRDA:187,34,1,0
BRDA:188,35,0,0
BRDA:188,35,1,0
BRF:70
BRH:0
end_of_record
TN:
SF:src/common/validation/validators/path.validator.ts
FN:12,(anonymous_9)
FN:22,(anonymous_10)
FN:32,(anonymous_11)
FN:47,(anonymous_12)
FN:62,(anonymous_13)
FN:77,(anonymous_14)
FN:92,(anonymous_15)
FN:100,(anonymous_16)
FN:109,(anonymous_17)
FN:123,(anonymous_18)
FN:129,(anonymous_19)
FN:141,(anonymous_20)
FN:158,(anonymous_21)
FN:192,(anonymous_22)
FN:215,(anonymous_23)
FN:230,(anonymous_24)
FN:250,(anonymous_25)
FN:266,(anonymous_26)
FN:273,(anonymous_27)
FN:280,(anonymous_28)
FNF:20
FNH:0
FNDA:0,(anonymous_9)
FNDA:0,(anonymous_10)
FNDA:0,(anonymous_11)
FNDA:0,(anonymous_12)
FNDA:0,(anonymous_13)
FNDA:0,(anonymous_14)
FNDA:0,(anonymous_15)
FNDA:0,(anonymous_16)
FNDA:0,(anonymous_17)
FNDA:0,(anonymous_18)
FNDA:0,(anonymous_19)
FNDA:0,(anonymous_20)
FNDA:0,(anonymous_21)
FNDA:0,(anonymous_22)
FNDA:0,(anonymous_23)
FNDA:0,(anonymous_24)
FNDA:0,(anonymous_25)
FNDA:0,(anonymous_26)
FNDA:0,(anonymous_27)
FNDA:0,(anonymous_28)
DA:5,0
DA:6,0
DA:8,0
DA:13,0
DA:14,0
DA:16,0
DA:23,0
DA:24,0
DA:26,0
DA:33,0
DA:34,0
DA:36,0
DA:37,0
DA:38,0
DA:40,0
DA:48,0
DA:49,0
DA:51,0
DA:52,0
DA:53,0
DA:55,0
DA:63,0
DA:64,0
DA:66,0
DA:67,0
DA:68,0
DA:70,0
DA:78,0
DA:79,0
DA:81,0
DA:82,0
DA:83,0
DA:85,0
DA:93,0
DA:94,0
DA:97,0
DA:98,0
DA:100,0
DA:101,0
DA:102,0
DA:110,0
DA:111,0
DA:115,0
DA:123,0
DA:130,0
DA:131,0
DA:135,0
DA:136,0
DA:140,0
DA:141,0
DA:142,0
DA:146,0
DA:147,0
DA:148,0
DA:149,0
DA:152,0
DA:159,0
DA:160,0
DA:164,0
DA:165,0
DA:166,0
DA:170,0
DA:176,0
DA:177,0
DA:178,0
DA:182,0
DA:183,0
DA:186,0
DA:193,0
DA:194,0
DA:198,0
DA:201,0
DA:204,0
DA:207,0
DA:209,0
DA:216,0
DA:217,0
DA:221,0
DA:224,0
DA:231,0
DA:232,0
DA:236,0
DA:237,0
DA:240,0
DA:241,0
DA:243,0
DA:251,0
DA:252,0
DA:255,0
DA:256,0
DA:257,0
DA:259,0
DA:267,0
DA:274,0
DA:281,0
LF:95
LH:0
BRDA:13,0,0,0
BRDA:13,0,1,0
BRDA:23,1,0,0
BRDA:23,1,1,0
BRDA:33,2,0,0
BRDA:33,2,1,0
BRDA:48,3,0,0
BRDA:48,3,1,0
BRDA:63,4,0,0
BRDA:63,4,1,0
BRDA:78,5,0,0
BRDA:78,5,1,0
BRDA:93,6,0,0
BRDA:93,6,1,0
BRDA:98,7,0,0
BRDA:98,7,1,0
BRDA:101,8,0,0
BRDA:101,8,1,0
BRDA:110,9,0,0
BRDA:110,9,1,0
BRDA:130,10,0,0
BRDA:130,10,1,0
BRDA:135,11,0,0
BRDA:135,11,1,0
BRDA:141,12,0,0
BRDA:141,12,1,0
BRDA:146,13,0,0
BRDA:146,13,1,0
BRDA:159,14,0,0
BRDA:159,14,1,0
BRDA:159,15,0,0
BRDA:159,15,1,0
BRDA:165,16,0,0
BRDA:165,16,1,0
BRDA:177,17,0,0
BRDA:177,17,1,0
BRDA:182,18,0,0
BRDA:182,18,1,0
BRDA:193,19,0,0
BRDA:193,19,1,0
BRDA:216,20,0,0
BRDA:216,20,1,0
BRDA:231,21,0,0
BRDA:231,21,1,0
BRDA:231,22,0,0
BRDA:231,22,1,0
BRDA:236,23,0,0
BRDA:236,23,1,0
BRDA:236,24,0,0
BRDA:236,24,1,0
BRDA:251,25,0,0
BRDA:251,25,1,0
BRF:52
BRH:0
end_of_record
TN:
SF:src/common/validation/validators/string.validator.ts
FN:9,(anonymous_0)
FN:22,(anonymous_1)
FN:36,(anonymous_2)
FN:47,(anonymous_3)
FN:62,(anonymous_4)
FN:73,(anonymous_5)
FN:83,(anonymous_6)
FN:94,(anonymous_7)
FN:105,(anonymous_8)
FN:120,(anonymous_9)
FN:131,(anonymous_10)
FN:149,(anonymous_11)
FN:164,(anonymous_12)
FN:170,(anonymous_13)
FN:193,(anonymous_14)
FN:206,(anonymous_15)
FN:212,(anonymous_16)
FNF:17
FNH:0
FNDA:0,(anonymous_0)
FNDA:0,(anonymous_1)
FNDA:0,(anonymous_2)
FNDA:0,(anonymous_3)
FNDA:0,(anonymous_4)
FNDA:0,(anonymous_5)
FNDA:0,(anonymous_6)
FNDA:0,(anonymous_7)
FNDA:0,(anonymous_8)
FNDA:0,(anonymous_9)
FNDA:0,(anonymous_10)
FNDA:0,(anonymous_11)
FNDA:0,(anonymous_12)
FNDA:0,(anonymous_13)
FNDA:0,(anonymous_14)
FNDA:0,(anonymous_15)
FNDA:0,(anonymous_16)
DA:5,0
DA:10,0
DA:11,0
DA:13,0
DA:14,0
DA:16,0
DA:23,0
DA:24,0
DA:26,0
DA:27,0
DA:28,0
DA:30,0
DA:37,0
DA:38,0
DA:40,0
DA:41,0
DA:48,0
DA:49,0
DA:51,0
DA:52,0
DA:53,0
DA:55,0
DA:63,0
DA:64,0
DA:66,0
DA:67,0
DA:74,0
DA:75,0
DA:77,0
DA:84,0
DA:85,0
DA:88,0
DA:95,0
DA:96,0
DA:99,0
DA:106,0
DA:107,0
DA:109,0
DA:110,0
DA:111,0
DA:113,0
DA:121,0
DA:122,0
DA:124,0
DA:125,0
DA:132,0
DA:133,0
DA:136,0
DA:143,0
DA:150,0
DA:151,0
DA:155,0
DA:164,0
DA:171,0
DA:172,0
DA:176,0
DA:179,0
DA:182,0
DA:185,0
DA:187,0
DA:194,0
DA:195,0
DA:198,0
DA:206,0
DA:213,0
DA:214,0
DA:218,0
LF:67
LH:0
BRDA:10,0,0,0
BRDA:10,0,1,0
BRDA:10,1,0,0
BRDA:10,1,1,0
BRDA:13,2,0,0
BRDA:13,2,1,0
BRDA:23,3,0,0
BRDA:23,3,1,0
BRDA:27,4,0,0
BRDA:27,4,1,0
BRDA:30,5,0,0
BRDA:30,5,1,0
BRDA:37,6,0,0
BRDA:37,6,1,0
BRDA:48,7,0,0
BRDA:48,7,1,0
BRDA:63,8,0,0
BRDA:63,8,1,0
BRDA:66,9,0,0
BRDA:66,9,1,0
BRDA:74,10,0,0
BRDA:74,10,1,0
BRDA:84,11,0,0
BRDA:84,11,1,0
BRDA:95,12,0,0
BRDA:95,12,1,0
BRDA:106,13,0,0
BRDA:106,13,1,0
BRDA:121,14,0,0
BRDA:121,14,1,0
BRDA:125,15,0,0
BRDA:125,15,1,0
BRDA:132,16,0,0
BRDA:132,16,1,0
BRDA:143,17,0,0
BRDA:143,17,1,0
BRDA:150,18,0,0
BRDA:150,18,1,0
BRDA:171,19,0,0
BRDA:171,19,1,0
BRDA:194,20,0,0
BRDA:194,20,1,0
BRDA:213,21,0,0
BRDA:213,21,1,0
BRF:44
BRH:0
end_of_record
TN:
SF:src/config/config.service.ts
FN:9,(anonymous_2)
FN:13,(anonymous_3)
FN:17,(anonymous_4)
FN:21,(anonymous_5)
FN:34,(anonymous_6)
FN:38,(anonymous_7)
FN:42,(anonymous_8)
FN:46,(anonymous_9)
FN:50,(anonymous_10)
FN:54,(anonymous_11)
FN:58,(anonymous_12)
FNF:11
FNH:0
FNDA:0,(anonymous_2)
FNDA:0,(anonymous_3)
FNDA:0,(anonymous_4)
FNDA:0,(anonymous_5)
FNDA:0,(anonymous_6)
FNDA:0,(anonymous_7)
FNDA:0,(anonymous_8)
FNDA:0,(anonymous_9)
FNDA:0,(anonymous_10)
FNDA:0,(anonymous_11)
FNDA:0,(anonymous_12)
DA:1,0
DA:2,0
DA:6,0
DA:9,0
DA:10,0
DA:14,0
DA:18,0
DA:22,0
DA:35,0
DA:39,0
DA:43,0
DA:47,0
DA:51,0
DA:55,0
DA:59,0
LF:15
LH:0
BRDA:10,0,0,0
BRDA:10,0,1,0
BRDA:22,1,0,0
BRDA:22,1,1,0
BRDA:55,2,0,0
BRDA:55,2,1,0
BRDA:59,3,0,0
BRDA:59,3,1,0
BRDA:9,4,0,0
BRDA:9,4,1,0
BRDA:9,5,0,0
BRDA:9,5,1,0
BRF:12
BRH:0
end_of_record
TN:
SF:src/core/module-loader/module-loader.service.ts
FN:15,(anonymous_11)
FN:17,(anonymous_12)
FN:35,(anonymous_13)
FN:56,(anonymous_14)
FN:57,(anonymous_15)
FN:64,(anonymous_16)
FN:65,(anonymous_17)
FN:75,(anonymous_18)
FN:136,(anonymous_19)
FN:145,(anonymous_20)
FN:154,(anonymous_21)
FN:158,(anonymous_22)
FN:162,(anonymous_23)
FNF:13
FNH:0
FNDA:0,(anonymous_11)
FNDA:0,(anonymous_12)
FNDA:0,(anonymous_13)
FNDA:0,(anonymous_14)
FNDA:0,(anonymous_15)
FNDA:0,(anonymous_16)
FNDA:0,(anonymous_17)
FNDA:0,(anonymous_18)
FNDA:0,(anonymous_19)
FNDA:0,(anonymous_20)
FNDA:0,(anonymous_21)
FNDA:0,(anonymous_22)
FNDA:0,(anonymous_23)
DA:1,0
DA:3,0
DA:4,0
DA:5,0
DA:6,0
DA:7,0
DA:10,0
DA:11,0
DA:12,0
DA:13,0
DA:15,0
DA:18,0
DA:19,0
DA:21,0
DA:22,0
DA:23,0
DA:24,0
DA:25,0
DA:28,0
DA:32,0
DA:36,0
DA:39,0
DA:41,0
DA:42,0
DA:43,0
DA:45,0
DA:48,0
DA:49,0
DA:51,0
DA:55,0
DA:56,0
DA:57,0
DA:58,0
DA:59,0
DA:64,0
DA:65,0
DA:66,0
DA:67,0
DA:71,0
DA:76,0
DA:83,0
DA:84,0
DA:85,0
DA:89,0
DA:92,0
DA:93,0
DA:96,0
DA:106,0
DA:117,0
DA:120,0
DA:121,0
DA:122,0
DA:123,0
DA:124,0
DA:126,0
DA:127,0
DA:130,0
DA:133,0
DA:137,0
DA:138,0
DA:139,0
DA:140,0
DA:141,0
DA:146,0
DA:147,0
DA:148,0
DA:149,0
DA:150,0
DA:155,0
DA:159,0
DA:163,0
DA:164,0
LF:72
LH:0
BRDA:24,0,0,0
BRDA:24,0,1,0
BRDA:41,1,0,0
BRDA:41,1,1,0
BRDA:48,2,0,0
BRDA:48,2,1,0
BRDA:58,3,0,0
BRDA:58,3,1,0
BRDA:66,4,0,0
BRDA:66,4,1,0
BRDA:83,5,0,0
BRDA:83,5,1,0
BRDA:92,6,0,0
BRDA:92,6,1,0
BRDA:122,7,0,0
BRDA:122,7,1,0
BRDA:138,8,0,0
BRDA:138,8,1,0
BRDA:147,9,0,0
BRDA:147,9,1,0
BRDA:15,10,0,0
BRDA:15,10,1,0
BRDA:15,11,0,0
BRDA:15,11,1,0
BRF:24
BRH:0
end_of_record
TN:
SF:src/modules/modules.service.ts
FN:11,(anonymous_11)
FN:16,(anonymous_12)
FN:33,(anonymous_13)
FN:45,(anonymous_14)
FN:54,(anonymous_15)
FN:77,(anonymous_16)
FN:91,(anonymous_17)
FN:102,(anonymous_18)
FNF:8
FNH:0
FNDA:0,(anonymous_11)
FNDA:0,(anonymous_12)
FNDA:0,(anonymous_13)
FNDA:0,(anonymous_14)
FNDA:0,(anonymous_15)
FNDA:0,(anonymous_16)
FNDA:0,(anonymous_17)
FNDA:0,(anonymous_18)
DA:1,0
DA:2,0
DA:3,0
DA:4,0
DA:7,0
DA:11,0
DA:12,0
DA:13,0
DA:17,0
DA:18,0
DA:20,0
DA:21,0
DA:24,0
DA:25,0
DA:28,0
DA:29,0
DA:30,0
DA:34,0
DA:36,0
DA:37,0
DA:40,0
DA:41,0
DA:42,0
DA:46,0
DA:47,0
DA:50,0
DA:51,0
DA:55,0
DA:56,0
DA:58,0
DA:59,0
DA:62,0
DA:63,0
DA:65,0
DA:66,0
DA:67,0
DA:68,0
DA:69,0
DA:74,0
DA:78,0
DA:79,0
DA:81,0
DA:82,0
DA:83,0
DA:84,0
DA:88,0
DA:92,0
DA:94,0
DA:95,0
DA:96,0
DA:99,0
DA:100,0
DA:101,0
DA:102,0
DA:105,0
LF:55
LH:0
BRDA:16,0,0,0
BRDA:20,1,0,0
BRDA:20,1,1,0
BRDA:20,2,0,0
BRDA:20,2,1,0
BRDA:24,3,0,0
BRDA:24,3,1,0
BRDA:24,4,0,0
BRDA:24,4,1,0
BRDA:36,5,0,0
BRDA:36,5,1,0
BRDA:46,6,0,0
BRDA:46,6,1,0
BRDA:51,7,0,0
BRDA:51,7,1,0
BRDA:58,8,0,0
BRDA:58,8,1,0
BRDA:63,9,0,0
BRDA:63,9,1,0
BRDA:66,10,0,0
BRDA:66,10,1,0
BRDA:68,11,0,0
BRDA:68,11,1,0
BRDA:81,12,0,0
BRDA:81,12,1,0
BRDA:83,13,0,0
BRDA:83,13,1,0
BRDA:95,14,0,0
BRDA:95,14,1,0
BRDA:99,15,0,0
BRDA:99,15,1,0
BRDA:99,16,0,0
BRDA:99,16,1,0
BRDA:101,17,0,0
BRDA:101,17,1,0
BRDA:11,18,0,0
BRDA:11,18,1,0
BRDA:11,19,0,0
BRDA:11,19,1,0
BRF:39
BRH:0
end_of_record
TN:
SF:src/performance/performance-monitor.ts
FN:33,(anonymous_9)
FN:41,(anonymous_10)
FN:51,(anonymous_11)
FN:85,(anonymous_12)
FN:92,(anonymous_13)
FN:110,(anonymous_14)
FN:117,(anonymous_15)
FN:124,(anonymous_16)
FN:140,(anonymous_17)
FN:157,(anonymous_18)
FN:171,(anonymous_19)
FN:203,(anonymous_20)
FN:219,(anonymous_21)
FN:220,(anonymous_22)
FN:231,(anonymous_23)
FN:239,(anonymous_24)
FN:244,(anonymous_25)
FNF:17
FNH:0
FNDA:0,(anonymous_9)
FNDA:0,(anonymous_10)
FNDA:0,(anonymous_11)
FNDA:0,(anonymous_12)
FNDA:0,(anonymous_13)
FNDA:0,(anonymous_14)
FNDA:0,(anonymous_15)
FNDA:0,(anonymous_16)
FNDA:0,(anonymous_17)
FNDA:0,(anonymous_18)
FNDA:0,(anonymous_19)
FNDA:0,(anonymous_20)
FNDA:0,(anonymous_21)
FNDA:0,(anonymous_22)
FNDA:0,(anonymous_23)
FNDA:0,(anonymous_24)
FNDA:0,(anonymous_25)
DA:5,0
DA:6,0
DA:26,0
DA:30,0
DA:31,0
DA:34,0
DA:35,0
DA:42,0
DA:43,0
DA:45,0
DA:52,0
DA:53,0
DA:55,0
DA:74,0
DA:75,0
DA:76,0
DA:79,0
DA:86,0
DA:87,0
DA:92,0
DA:104,0
DA:111,0
DA:118,0
DA:128,0
DA:129,0
DA:132,0
DA:133,0
DA:135,0
DA:136,0
DA:137,0
DA:140,0
DA:143,0
DA:144,0
DA:145,0
DA:146,0
DA:148,0
DA:151,0
DA:158,0
DA:160,0
DA:162,0
DA:165,0
DA:172,0
DA:173,0
DA:174,0
DA:177,0
DA:178,0
DA:179,0
DA:183,0
DA:184,0
DA:188,0
DA:189,0
DA:193,0
DA:194,0
DA:197,0
DA:204,0
DA:205,0
DA:206,0
DA:208,0
DA:209,0
DA:210,0
DA:213,0
DA:220,0
DA:221,0
DA:223,0
DA:224,0
DA:228,0
DA:229,0
DA:230,0
DA:231,0
DA:240,0
DA:241,0
DA:243,0
DA:244,0
DA:247,0
LF:74
LH:0
BRDA:42,0,0,0
BRDA:42,0,1,0
BRDA:75,1,0,0
BRDA:75,1,1,0
BRDA:128,2,0,0
BRDA:128,2,1,0
BRDA:143,3,0,0
BRDA:143,3,1,0
BRDA:145,4,0,0
BRDA:145,4,1,0
BRDA:160,5,0,0
BRDA:160,5,1,0
BRDA:160,6,0,0
BRDA:160,6,1,0
BRDA:178,7,0,0
BRDA:178,7,1,0
BRDA:183,8,0,0
BRDA:183,8,1,0
BRDA:188,9,0,0
BRDA:188,9,1,0
BRDA:193,10,0,0
BRDA:193,10,1,0
BRDA:208,11,0,0
BRDA:208,11,1,0
BRDA:219,12,0,0
BRDA:223,13,0,0
BRDA:223,13,1,0
BRDA:229,14,0,0
BRDA:229,14,1,0
BRDA:229,15,0,0
BRDA:229,15,1,0
BRDA:243,16,0,0
BRDA:243,16,1,0
BRF:33
BRH:0
end_of_record
TN:
SF:src/performance/startup-optimizer.ts
FN:12,(anonymous_0)
FN:19,(anonymous_1)
FN:34,(anonymous_2)
FN:37,(anonymous_3)
FN:55,(anonymous_4)
FN:58,(anonymous_5)
FN:76,(anonymous_6)
FN:80,(anonymous_7)
FN:84,(anonymous_8)
FN:88,(anonymous_9)
FN:103,(anonymous_10)
FN:118,(anonymous_11)
FN:127,(anonymous_12)
FN:137,(anonymous_13)
FNF:14
FNH:0
FNDA:0,(anonymous_0)
FNDA:0,(anonymous_1)
FNDA:0,(anonymous_2)
FNDA:0,(anonymous_3)
FNDA:0,(anonymous_4)
FNDA:0,(anonymous_5)
FNDA:0,(anonymous_6)
FNDA:0,(anonymous_7)
FNDA:0,(anonymous_8)
FNDA:0,(anonymous_9)
FNDA:0,(anonymous_10)
FNDA:0,(anonymous_11)
FNDA:0,(anonymous_12)
FNDA:0,(anonymous_13)
DA:5,0
DA:6,0
DA:7,0
DA:13,0
DA:20,0
DA:21,0
DA:22,0
DA:24,0
DA:25,0
DA:28,0
DA:35,0
DA:37,0
DA:38,0
DA:39,0
DA:40,0
DA:41,0
DA:43,0
DA:44,0
DA:48,0
DA:56,0
DA:58,0
DA:59,0
DA:60,0
DA:61,0
DA:62,0
DA:64,0
DA:65,0
DA:69,0
DA:77,0
DA:80,0
DA:81,0
DA:82,0
DA:84,0
DA:85,0
DA:88,0
DA:89,0
DA:90,0
DA:92,0
DA:96,0
DA:104,0
DA:105,0
DA:106,0
DA:108,0
DA:109,0
DA:112,0
DA:119,0
DA:120,0
DA:127,0
DA:128,0
DA:131,0
DA:138,0
DA:139,0
LF:52
LH:0
BRDA:20,0,0,0
BRDA:20,0,1,0
BRDA:21,1,0,0
BRDA:21,1,1,0
BRDA:24,2,0,0
BRDA:24,2,1,0
BRDA:38,3,0,0
BRDA:38,3,1,0
BRDA:43,4,0,0
BRDA:43,4,1,0
BRDA:59,5,0,0
BRDA:59,5,1,0
BRDA:64,6,0,0
BRDA:64,6,1,0
BRDA:108,7,0,0
BRDA:108,7,1,0
BRDA:138,8,0,0
BRDA:138,8,1,0
BRDA:138,9,0,0
BRDA:138,9,1,0
BRF:20
BRH:0
end_of_record
